<!DOCTYPE html>
<html>
  <head>
    <meta charset="utf-8"/>
    <title id="head-title">report.html</title>
      <link href="assets\style.css" rel="stylesheet" type="text/css"/>
  </head>
  <body>
    <h1 id="title">report.html</h1>
    <p>Report generated on 24-Nov-2023 at 17:10:15 by <a href="https://pypi.python.org/pypi/pytest-html">pytest-html</a>
        v4.0.2</p>
    <div id="environment-header">
      <h2>Environment</h2>
    </div>
    <table id="environment"></table>
    <!-- TEMPLATES -->
      <template id="template_environment_row">
      <tr>
        <td></td>
        <td></td>
      </tr>
    </template>
    <template id="template_results-table__body--empty">
      <tbody class="results-table-row">
        <tr id="not-found-message">
          <td colspan="4">No results found. Check the filters.</th>
        </tr>
    </template>
    <template id="template_results-table__tbody">
      <tbody class="results-table-row">
        <tr class="collapsible">
        </tr>
        <tr class="extras-row">
          <td class="extra" colspan="4">
            <div class="extraHTML"></div>
            <div class="media">
              <div class="media-container">
                  <div class="media-container__nav--left"><</div>
                  <div class="media-container__viewport">
                    <img src="" />
                    <video controls>
                      <source src="" type="video/mp4">
                    </video>
                  </div>
                  <div class="media-container__nav--right">></div>
                </div>
                <div class="media__name"></div>
                <div class="media__counter"></div>
            </div>
            <div class="logwrapper">
              <div class="logexpander"></div>
              <div class="log"></div>
            </div>
          </td>
        </tr>
      </tbody>
    </template>
    <!-- END TEMPLATES -->
    <div class="summary">
      <div class="summary__data">
        <h2>Summary</h2>
        <div class="additional-summary prefix">
        </div>
        <p class="run-count">73 tests took 00:29:45.</p>
        <p class="filter">(Un)check the boxes to filter the results.</p>
        <div class="summary__reload">
          <div class="summary__reload__button hidden" onclick="location.reload()">
            <div>There are still tests running. <br />Reload this page to ge the latest results!</div>
          </div>
        </div>
        <div class="summary__spacer"></div>
        <div class="controls">
          <div class="filters">
            <input checked="true" class="filter" name="filter_checkbox" type="checkbox" data-test-result="failed" />
            <span class="failed">4 Failed,</span>
            <input checked="true" class="filter" name="filter_checkbox" type="checkbox" data-test-result="passed" />
            <span class="passed">69 Passed,</span>
            <input checked="true" class="filter" name="filter_checkbox" type="checkbox" data-test-result="skipped" disabled/>
            <span class="skipped">0 Skipped,</span>
            <input checked="true" class="filter" name="filter_checkbox" type="checkbox" data-test-result="xfailed" disabled/>
            <span class="xfailed">0 Expected failures,</span>
            <input checked="true" class="filter" name="filter_checkbox" type="checkbox" data-test-result="xpassed" disabled/>
            <span class="xpassed">0 Unexpected passes,</span>
            <input checked="true" class="filter" name="filter_checkbox" type="checkbox" data-test-result="error" disabled/>
            <span class="error">0 Errors,</span>
            <input checked="true" class="filter" name="filter_checkbox" type="checkbox" data-test-result="rerun" disabled/>
            <span class="rerun">0 Reruns</span>
          </div>
          <div class="collapse">
            <button id="show_all_details">Show all details</button>&nbsp;/&nbsp;<button id="hide_all_details">Hide all details</button>
          </div>
        </div>
      </div>
      <div class="additional-summary summary">
      </div>
      <div class="additional-summary postfix">
      </div>
    </div>
    <table id="results-table">
      <thead id="results-table-head">
        <tr>
          <th class="sortable" data-column-type="result">Result</th>
          <th class="sortable" data-column-type="testId">Test</th>
          <th class="sortable" data-column-type="duration">Duration</th>
          <th>Links</th>
        </tr>
      </thead>
    </table>
  </body>
  <footer>
    <div id="data-container" data-jsonblob="{&#34;environment&#34;: {&#34;Python&#34;: &#34;3.12.0&#34;, &#34;Platform&#34;: &#34;Windows-11-10.0.22621-SP0&#34;, &#34;Environment&#34;: &#34;Test&#34;, &#34;Project Name&#34;: &#34;Alpha Capital&#34;, &#34;Module Name&#34;: &#34;User&#34;, &#34;Tester&#34;: &#34;Ruturaj Darekar&#34;, &#34;Manager&#34;: &#34;Anindya Biswas&#34;}, &#34;tests&#34;: {&#34;test_Account_Analysis.py::Test_AccountAnalysis::test_AccountAnalysis_Section_001&#34;: [{&#34;extras&#34;: [], &#34;result&#34;: &#34;Passed&#34;, &#34;testId&#34;: &#34;test_Account_Analysis.py::Test_AccountAnalysis::test_AccountAnalysis_Section_001&#34;, &#34;duration&#34;: &#34;00:00:17&#34;, &#34;resultsTableRow&#34;: [&#34;&lt;td class=\&#34;col-result\&#34;&gt;Passed&lt;/td&gt;&#34;, &#34;&lt;td class=\&#34;col-testId\&#34;&gt;test_Account_Analysis.py::Test_AccountAnalysis::test_AccountAnalysis_Section_001&lt;/td&gt;&#34;, &#34;&lt;td class=\&#34;col-duration\&#34;&gt;00:00:17&lt;/td&gt;&#34;, &#34;&lt;td class=\&#34;col-links\&#34;&gt;&lt;/td&gt;&#34;], &#34;log&#34;: &#34;------------------------------ Captured log call -------------------------------\nINFO     Test_AccountAnalysis:test_Account_Analysis.py:24 ******************** Verifying Account Analysis Section Test **************************\nINFO     Test_AccountAnalysis:test_Account_Analysis.py:35 ***************** Moved cursor to the left side *******************\nINFO     Test_AccountAnalysis:test_Account_Analysis.py:42 ********************* Clicked on the Account Analysis option. *********************\nINFO     Test_AccountAnalysis:test_Account_Analysis.py:51 ***************** Moved cursor to the right side for Account Analysis *******************\nINFO     Test_AccountAnalysis:test_Account_Analysis.py:62 Actual Account Analysis Page Title: Alpha Capital\nINFO     Test_AccountAnalysis:test_Account_Analysis.py:65 Account Analysis Section Test Passed: Page title is as expected.\nINFO     Test_AccountAnalysis:test_Account_Analysis.py:72 ****************** Account Analysis Section Test is completed ************************\nINFO     Test_AccountAnalysis:test_Account_Analysis.py:74 ************************** test_AccountAnalysis_Section_001 passed ************************\n\n&#34;}], &#34;test_Account_Analysis.py::Test_AccountAnalysis::test_AccountAnalysis_Section_General_Statistics_Check_field_Avalible_002&#34;: [{&#34;extras&#34;: [], &#34;result&#34;: &#34;Passed&#34;, &#34;testId&#34;: &#34;test_Account_Analysis.py::Test_AccountAnalysis::test_AccountAnalysis_Section_General_Statistics_Check_field_Avalible_002&#34;, &#34;duration&#34;: &#34;00:00:20&#34;, &#34;resultsTableRow&#34;: [&#34;&lt;td class=\&#34;col-result\&#34;&gt;Passed&lt;/td&gt;&#34;, &#34;&lt;td class=\&#34;col-testId\&#34;&gt;test_Account_Analysis.py::Test_AccountAnalysis::test_AccountAnalysis_Section_General_Statistics_Check_field_Avalible_002&lt;/td&gt;&#34;, &#34;&lt;td class=\&#34;col-duration\&#34;&gt;00:00:20&lt;/td&gt;&#34;, &#34;&lt;td class=\&#34;col-links\&#34;&gt;&lt;/td&gt;&#34;], &#34;log&#34;: &#34;------------------------------ Captured log call -------------------------------\nINFO     Test_AccountAnalysis:test_Account_Analysis.py:80 ******************** test_AccountAnalysis_Section_General_Statistics_Check_field_Avalible_002 Test Started **************************\nINFO     Test_AccountAnalysis:test_Account_Analysis.py:81 ******************** Verifying Account Analysis Section Test **************************\nINFO     Test_AccountAnalysis:test_Account_Analysis.py:92 ***************** Moved cursor to the left side *******************\nINFO     Test_AccountAnalysis:test_Account_Analysis.py:99 ********************* Clicked on the Account Analysis option. *********************\nINFO     Test_AccountAnalysis:test_Account_Analysis.py:108 ***************** Moved cursor to the right side for Account Analysis *******************\nINFO     Test_AccountAnalysis:test_Account_Analysis.py:116 ******************* Check Basic Information Box visible or Not *************************\nINFO     Test_AccountAnalysis:test_Account_Analysis.py:124 &#39;/html/body/div[1]/div/div[1]/div/main/div[2]/div/div[2]/div/div[1]/div&#39; is visible.\nINFO     Test_AccountAnalysis:test_Account_Analysis.py:129 ******************* Basic Information Box visible *************************\nINFO     Test_AccountAnalysis:test_Account_Analysis.py:131 ******************* Check General Statistics Box visible or Not *************************\nINFO     Test_AccountAnalysis:test_Account_Analysis.py:139 &#39;/html/body/div[1]/div/div[1]/div/main/div[2]/div/div[2]/div/div[1]/div&#39; is visible.\nINFO     Test_AccountAnalysis:test_Account_Analysis.py:144 ******************* General Statistics Box visible *************************\nINFO     Test_AccountAnalysis:test_Account_Analysis.py:146 ******************* Check Balance Curve Box visible or Not *************************\nINFO     Test_AccountAnalysis:test_Account_Analysis.py:154 &#39;/html/body/div[1]/div/div[1]/div/main/div[2]/div/div[2]/div/div[1]/div&#39; is visible.\nINFO     Test_AccountAnalysis:test_Account_Analysis.py:159 ******************* Balance Curve Box visible *************************\nINFO     Test_AccountAnalysis:test_Account_Analysis.py:161 ******************* Check Average profit / Average loss Box visible or Not *************************\nINFO     Test_AccountAnalysis:test_Account_Analysis.py:169 &#39;/html/body/div[1]/div/div[1]/div/main/div[2]/div/div[2]/div/div[4]/div&#39; is visible.\nINFO     Test_AccountAnalysis:test_Account_Analysis.py:174 ******************* Average profit / Average loss Box visible *************************\nINFO     Test_AccountAnalysis:test_Account_Analysis.py:176 ******************* Check Final Evaluation Box visible or Not *************************\nINFO     Test_AccountAnalysis:test_Account_Analysis.py:186 &#39;/html/body/div[1]/div/div[1]/div/main/div[2]/div/div[2]/div/div[5]/div&#39; is visible.\nINFO     Test_AccountAnalysis:test_Account_Analysis.py:191 ******************* Final Evaluation Box Box visible *************************\nINFO     Test_AccountAnalysis:test_Account_Analysis.py:193 ******************* test_AccountAnalysis_Section_General_Statistics_Check_field_Avalible_002 test case Complete *************************\nINFO     Test_AccountAnalysis:test_Account_Analysis.py:194 ******************* test_AccountAnalysis_Section_General_Statistics_Check_field_Avalible_002 test case Pass *************************\n\n&#34;}], &#34;test_Account_Analysis.py::Test_AccountAnalysis::test_AccountAnalysis_Section_Account_Analysis_Check_field_Avalible_003&#34;: [{&#34;extras&#34;: [], &#34;result&#34;: &#34;Passed&#34;, &#34;testId&#34;: &#34;test_Account_Analysis.py::Test_AccountAnalysis::test_AccountAnalysis_Section_Account_Analysis_Check_field_Avalible_003&#34;, &#34;duration&#34;: &#34;00:00:19&#34;, &#34;resultsTableRow&#34;: [&#34;&lt;td class=\&#34;col-result\&#34;&gt;Passed&lt;/td&gt;&#34;, &#34;&lt;td class=\&#34;col-testId\&#34;&gt;test_Account_Analysis.py::Test_AccountAnalysis::test_AccountAnalysis_Section_Account_Analysis_Check_field_Avalible_003&lt;/td&gt;&#34;, &#34;&lt;td class=\&#34;col-duration\&#34;&gt;00:00:19&lt;/td&gt;&#34;, &#34;&lt;td class=\&#34;col-links\&#34;&gt;&lt;/td&gt;&#34;], &#34;log&#34;: &#34;------------------------------ Captured log call -------------------------------\nINFO     Test_AccountAnalysis:test_Account_Analysis.py:199 ******************** test_AccountAnalysis_Section_Account_Analysis_Check_field_Avalible_003 Test Started **************************\nINFO     Test_AccountAnalysis:test_Account_Analysis.py:200 ******************** Verifying Account Analysis Section Test **************************\nINFO     Test_AccountAnalysis:test_Account_Analysis.py:211 ***************** Moved cursor to the left side *******************\nINFO     Test_AccountAnalysis:test_Account_Analysis.py:218 ********************* Clicked on the Account Analysis option. *********************\nINFO     Test_AccountAnalysis:test_Account_Analysis.py:227 ***************** Moved cursor to the right side for Account Analysis *******************\nINFO     Test_AccountAnalysis:test_Account_Analysis.py:235 ******************* Click Account Analysis *************************\nINFO     Test_AccountAnalysis:test_Account_Analysis.py:241 ******************* Check Long/Short Comparison Box visible or Not *************************\nINFO     Test_AccountAnalysis:test_Account_Analysis.py:249 &#39;/html/body/div[1]/div/div[1]/div/main/div[2]/div/div[2]/div/div[1]/div&#39; is visible.\nINFO     Test_AccountAnalysis:test_Account_Analysis.py:254 ******************* Long/Short Comparison Box visible *************************\nINFO     Test_AccountAnalysis:test_Account_Analysis.py:257 ******************* Check Long/Short Box visible or Not *************************\nINFO     Test_AccountAnalysis:test_Account_Analysis.py:265 &#39;/html/body/div[1]/div/div[1]/div/main/div[2]/div/div[2]/div/div[2]/div&#39; is visible.\nINFO     Test_AccountAnalysis:test_Account_Analysis.py:270 ******************* Long/Short Box visible *************************\nINFO     Test_AccountAnalysis:test_Account_Analysis.py:272 ******************* Check Long Balance Box visible or Not *************************\nINFO     Test_AccountAnalysis:test_Account_Analysis.py:280 &#39;/html/body/div[1]/div/div[1]/div/main/div[2]/div/div[2]/div/div[3]/div&#39; is visible.\nINFO     Test_AccountAnalysis:test_Account_Analysis.py:285 ******************* Long Balance Box visible *************************\nINFO     Test_AccountAnalysis:test_Account_Analysis.py:287 ******************* Check Short Balance Box visible or Not *************************\nINFO     Test_AccountAnalysis:test_Account_Analysis.py:295 &#39;/html/body/div[1]/div/div[1]/div/main/div[2]/div/div[2]/div/div[4]/div&#39; is visible.\nINFO     Test_AccountAnalysis:test_Account_Analysis.py:300 ******************* Short Balance Box visible *************************\nINFO     Test_AccountAnalysis:test_Account_Analysis.py:302 ******************* test_AccountAnalysis_Section_Account_Analysis_Check_field_Avalible_003 test case Complete *************************\nINFO     Test_AccountAnalysis:test_Account_Analysis.py:303 ******************* test_AccountAnalysis_Section_Account_Analysis_Check_field_Avalible_003 test case Pass *************************\n\n&#34;}], &#34;test_Account_Analysis.py::Test_AccountAnalysis::test_AccountAnalysis_Section_Results_by_days_Check_field_Avalible_004&#34;: [{&#34;extras&#34;: [], &#34;result&#34;: &#34;Passed&#34;, &#34;testId&#34;: &#34;test_Account_Analysis.py::Test_AccountAnalysis::test_AccountAnalysis_Section_Results_by_days_Check_field_Avalible_004&#34;, &#34;duration&#34;: &#34;00:00:18&#34;, &#34;resultsTableRow&#34;: [&#34;&lt;td class=\&#34;col-result\&#34;&gt;Passed&lt;/td&gt;&#34;, &#34;&lt;td class=\&#34;col-testId\&#34;&gt;test_Account_Analysis.py::Test_AccountAnalysis::test_AccountAnalysis_Section_Results_by_days_Check_field_Avalible_004&lt;/td&gt;&#34;, &#34;&lt;td class=\&#34;col-duration\&#34;&gt;00:00:18&lt;/td&gt;&#34;, &#34;&lt;td class=\&#34;col-links\&#34;&gt;&lt;/td&gt;&#34;], &#34;log&#34;: &#34;------------------------------ Captured log call -------------------------------\nINFO     Test_AccountAnalysis:test_Account_Analysis.py:308 ******************** test_AccountAnalysis_Section_Results_by_days_Check_field_Avalible_004 Test Started **************************\nINFO     Test_AccountAnalysis:test_Account_Analysis.py:309 ******************** Verifying Account Analysis Section Test **************************\nINFO     Test_AccountAnalysis:test_Account_Analysis.py:320 ***************** Moved cursor to the left side *******************\nINFO     Test_AccountAnalysis:test_Account_Analysis.py:327 ********************* Clicked on the Account Analysis option. *********************\nINFO     Test_AccountAnalysis:test_Account_Analysis.py:336 ***************** Moved cursor to the right side for Account Analysis *******************\nINFO     Test_AccountAnalysis:test_Account_Analysis.py:344 ******************* Click Results by days *************************\nINFO     Test_AccountAnalysis:test_Account_Analysis.py:350 ******************* Results by close Box visible or Not *************************\nINFO     Test_AccountAnalysis:test_Account_Analysis.py:358 &#39;&lt;selenium.webdriver.remote.webelement.WebElement (session=\&#34;8438d700-2e14-4081-a5e2-01fbf8f3f8dd\&#34;, element=\&#34;5869bc82-2326-4bab-880a-66bbdfc7521e\&#34;)&gt;&#39; is visible.\nINFO     Test_AccountAnalysis:test_Account_Analysis.py:363 ******************* Results by close Box visible *************************\nINFO     Test_AccountAnalysis:test_Account_Analysis.py:365 ******************* Results by Open Box visible or Not *************************\nINFO     Test_AccountAnalysis:test_Account_Analysis.py:373 &#39;&lt;selenium.webdriver.remote.webelement.WebElement (session=\&#34;8438d700-2e14-4081-a5e2-01fbf8f3f8dd\&#34;, element=\&#34;5869bc82-2326-4bab-880a-66bbdfc7521e\&#34;)&gt;&#39; is visible.\nINFO     Test_AccountAnalysis:test_Account_Analysis.py:378 ******************* Results by Open Box visible *************************\nINFO     Test_AccountAnalysis:test_Account_Analysis.py:380 ******************* Results by Days Box visible or Not *************************\nINFO     Test_AccountAnalysis:test_Account_Analysis.py:388 &#39;&lt;selenium.webdriver.remote.webelement.WebElement (session=\&#34;8438d700-2e14-4081-a5e2-01fbf8f3f8dd\&#34;, element=\&#34;5869bc82-2326-4bab-880a-66bbdfc7521e\&#34;)&gt;&#39; is visible.\nINFO     Test_AccountAnalysis:test_Account_Analysis.py:393 ******************* Results_by_days Box visible *************************\nINFO     Test_AccountAnalysis:test_Account_Analysis.py:395 ******************* test_AccountAnalysis_Section_Results_by_days_Check_field_Avalible_004 test case Complete *************************\nINFO     Test_AccountAnalysis:test_Account_Analysis.py:396 ******************* test_AccountAnalysis_Section_Results_by_days_Check_field_Avalible_004 test case Pass *************************\n\n&#34;}], &#34;test_Account_Analysis.py::Test_AccountAnalysis::test_Account_Analysis_Section_Long_Short_Comparison_Check_field_Avalible_005&#34;: [{&#34;extras&#34;: [], &#34;result&#34;: &#34;Passed&#34;, &#34;testId&#34;: &#34;test_Account_Analysis.py::Test_AccountAnalysis::test_Account_Analysis_Section_Long_Short_Comparison_Check_field_Avalible_005&#34;, &#34;duration&#34;: &#34;00:00:15&#34;, &#34;resultsTableRow&#34;: [&#34;&lt;td class=\&#34;col-result\&#34;&gt;Passed&lt;/td&gt;&#34;, &#34;&lt;td class=\&#34;col-testId\&#34;&gt;test_Account_Analysis.py::Test_AccountAnalysis::test_Account_Analysis_Section_Long_Short_Comparison_Check_field_Avalible_005&lt;/td&gt;&#34;, &#34;&lt;td class=\&#34;col-duration\&#34;&gt;00:00:15&lt;/td&gt;&#34;, &#34;&lt;td class=\&#34;col-links\&#34;&gt;&lt;/td&gt;&#34;], &#34;log&#34;: &#34;------------------------------ Captured log call -------------------------------\nINFO     Test_AccountAnalysis:test_Account_Analysis.py:402 ******************** test_AccountAnalysis_Section_Long_Short_Comparison_Check_field_Avalible_005 Test Started **************************\nINFO     Test_AccountAnalysis:test_Account_Analysis.py:403 ******************** Verifying Account Analysis Section Test **************************\nINFO     Test_AccountAnalysis:test_Account_Analysis.py:414 ***************** Moved cursor to the left side *******************\nINFO     Test_AccountAnalysis:test_Account_Analysis.py:421 ********************* Clicked on the Account Analysis option. *********************\nINFO     Test_AccountAnalysis:test_Account_Analysis.py:430 ***************** Moved cursor to the right side for Account Analysis *******************\nINFO     Test_AccountAnalysis:test_Account_Analysis.py:438 ******************* Click Long_Short_Comparison *************************\nINFO     Test_AccountAnalysis:test_Account_Analysis.py:444 ******************* Results by Instruments Box visible or Not *************************\nINFO     Test_AccountAnalysis:test_Account_Analysis.py:452 &#39;/html/body/div[1]/div/div[1]/div/main/div[2]/div/div[2]/div/div[1]/div&#39; is visible.\nINFO     Test_AccountAnalysis:test_Account_Analysis.py:457 ******************* Results by Instruments Box visible *************************\nINFO     Test_AccountAnalysis:test_Account_Analysis.py:459 ******************* test_AccountAnalysis_Section_Long_Short_Comparison_Check_field_Avalible_005 test case Complete *************************\nINFO     Test_AccountAnalysis:test_Account_Analysis.py:460 ******************* test_AccountAnalysis_Section_Long_Short_Comparison_Check_field_Avalible_005 test case Pass *************************\n\n&#34;}], &#34;test_Account_Analysis.py::Test_AccountAnalysis::test_Account_Analysis_Section_Trading_days_Analysis_Check_field_Avalible_006&#34;: [{&#34;extras&#34;: [], &#34;result&#34;: &#34;Passed&#34;, &#34;testId&#34;: &#34;test_Account_Analysis.py::Test_AccountAnalysis::test_Account_Analysis_Section_Trading_days_Analysis_Check_field_Avalible_006&#34;, &#34;duration&#34;: &#34;00:00:17&#34;, &#34;resultsTableRow&#34;: [&#34;&lt;td class=\&#34;col-result\&#34;&gt;Passed&lt;/td&gt;&#34;, &#34;&lt;td class=\&#34;col-testId\&#34;&gt;test_Account_Analysis.py::Test_AccountAnalysis::test_Account_Analysis_Section_Trading_days_Analysis_Check_field_Avalible_006&lt;/td&gt;&#34;, &#34;&lt;td class=\&#34;col-duration\&#34;&gt;00:00:17&lt;/td&gt;&#34;, &#34;&lt;td class=\&#34;col-links\&#34;&gt;&lt;/td&gt;&#34;], &#34;log&#34;: &#34;------------------------------ Captured log call -------------------------------\nINFO     Test_AccountAnalysis:test_Account_Analysis.py:465 ******************** test_Account_Analysis_Section_Trading_days_Analysis_Check_field_Avalible_006 Test Started **************************\nINFO     Test_AccountAnalysis:test_Account_Analysis.py:466 ******************** Verifying Account Analysis Section Test **************************\nINFO     Test_AccountAnalysis:test_Account_Analysis.py:477 ***************** Moved cursor to the left side *******************\nINFO     Test_AccountAnalysis:test_Account_Analysis.py:484 ********************* Clicked on the Account Analysis option. *********************\nINFO     Test_AccountAnalysis:test_Account_Analysis.py:493 ***************** Moved cursor to the right side for Account Analysis *******************\nINFO     Test_AccountAnalysis:test_Account_Analysis.py:501 ******************* Click Trading days Analysis *************************\nINFO     Test_AccountAnalysis:test_Account_Analysis.py:507 ******************* Average profit / Average loss Box visible or Not *************************\nINFO     Test_AccountAnalysis:test_Account_Analysis.py:515 &#39;/html/body/div[1]/div/div[1]/div/main/div[2]/div/div[2]/div/div[2]/div&#39; is visible.\nINFO     Test_AccountAnalysis:test_Account_Analysis.py:520 ******************* Average_profit_Average_loss Box visible *************************\nINFO     Test_AccountAnalysis:test_Account_Analysis.py:522 ******************* Trading days anaysis Box visible or Not *************************\nINFO     Test_AccountAnalysis:test_Account_Analysis.py:530 &#39;&lt;selenium.webdriver.remote.webelement.WebElement (session=\&#34;532dd545-973f-4ec8-ba49-cee8e4588f51\&#34;, element=\&#34;d8808092-37e5-4e24-b55d-6ad789793cbb\&#34;)&gt;&#39; is visible.\nINFO     Test_AccountAnalysis:test_Account_Analysis.py:535 ******************* Trading days anaysis Box visible *************************\nINFO     Test_AccountAnalysis:test_Account_Analysis.py:537 ******************* test_Account_Analysis_Section_Trading_days_Analysis_Check_field_Avalible_006 test case Complete *************************\nINFO     Test_AccountAnalysis:test_Account_Analysis.py:538 ******************* test_Account_Analysis_Section_Trading_days_Analysis_Check_field_Avalible_006 test case Pass *************************\n\n&#34;}], &#34;test_Account_Analysis.py::Test_AccountAnalysis::test_Account_Analysis_Section_Results_by_Position_size_Check_field_Avalible_007&#34;: [{&#34;extras&#34;: [], &#34;result&#34;: &#34;Passed&#34;, &#34;testId&#34;: &#34;test_Account_Analysis.py::Test_AccountAnalysis::test_Account_Analysis_Section_Results_by_Position_size_Check_field_Avalible_007&#34;, &#34;duration&#34;: &#34;00:00:17&#34;, &#34;resultsTableRow&#34;: [&#34;&lt;td class=\&#34;col-result\&#34;&gt;Passed&lt;/td&gt;&#34;, &#34;&lt;td class=\&#34;col-testId\&#34;&gt;test_Account_Analysis.py::Test_AccountAnalysis::test_Account_Analysis_Section_Results_by_Position_size_Check_field_Avalible_007&lt;/td&gt;&#34;, &#34;&lt;td class=\&#34;col-duration\&#34;&gt;00:00:17&lt;/td&gt;&#34;, &#34;&lt;td class=\&#34;col-links\&#34;&gt;&lt;/td&gt;&#34;], &#34;log&#34;: &#34;------------------------------ Captured log call -------------------------------\nINFO     Test_AccountAnalysis:test_Account_Analysis.py:608 ******************** test_Account_Analysis_Section_Results_by_Position_size_Check_field_Avalible_007 Test Started **************************\nINFO     Test_AccountAnalysis:test_Account_Analysis.py:609 ******************** Verifying Account Analysis Section Test **************************\nINFO     Test_AccountAnalysis:test_Account_Analysis.py:620 ***************** Moved cursor to the left side *******************\nINFO     Test_AccountAnalysis:test_Account_Analysis.py:627 ********************* Clicked on the Account Analysis option. *********************\nINFO     Test_AccountAnalysis:test_Account_Analysis.py:636 ***************** Moved cursor to the right side for Account Analysis *******************\nINFO     Test_AccountAnalysis:test_Account_Analysis.py:644 ******************* Results by Position size Analysis *************************\nINFO     Test_AccountAnalysis:test_Account_Analysis.py:650 ******************* Profit in durations Box visible or Not *************************\nINFO     Test_AccountAnalysis:test_Account_Analysis.py:658 &#39;/html/body/div[1]/div/div[1]/div/main/div[2]/div/div[2]/div/div[1]/div&#39; is visible.\nINFO     Test_AccountAnalysis:test_Account_Analysis.py:663 ******************* Profit in durations Box visible *************************\nINFO     Test_AccountAnalysis:test_Account_Analysis.py:665 ******************* Results by Trade Duration Box visible or Not *************************\nINFO     Test_AccountAnalysis:test_Account_Analysis.py:673 &#39;/html/body/div[1]/div/div[1]/div/main/div[2]/div/div[2]/div/div[2]/div&#39; is visible.\nINFO     Test_AccountAnalysis:test_Account_Analysis.py:678 ******************* Results_by_Trade_Duration Box visible *************************\nINFO     Test_AccountAnalysis:test_Account_Analysis.py:680 ******************* test_Account_Analysis_Section_Results_by_Position_size_Check_field_Avalible_007 test case Complete *************************\nINFO     Test_AccountAnalysis:test_Account_Analysis.py:681 ******************* test_Account_Analysis_Section_Results_by_Position_size_Check_field_Avalible_007 test case Pass *************************\n\n&#34;}], &#34;test_Account_Analysis.py::Test_AccountAnalysis::test_Account_Analysis_Section_Results_by_Open_Hour_Check_field_Avalible_008&#34;: [{&#34;extras&#34;: [], &#34;result&#34;: &#34;Passed&#34;, &#34;testId&#34;: &#34;test_Account_Analysis.py::Test_AccountAnalysis::test_Account_Analysis_Section_Results_by_Open_Hour_Check_field_Avalible_008&#34;, &#34;duration&#34;: &#34;00:00:17&#34;, &#34;resultsTableRow&#34;: [&#34;&lt;td class=\&#34;col-result\&#34;&gt;Passed&lt;/td&gt;&#34;, &#34;&lt;td class=\&#34;col-testId\&#34;&gt;test_Account_Analysis.py::Test_AccountAnalysis::test_Account_Analysis_Section_Results_by_Open_Hour_Check_field_Avalible_008&lt;/td&gt;&#34;, &#34;&lt;td class=\&#34;col-duration\&#34;&gt;00:00:17&lt;/td&gt;&#34;, &#34;&lt;td class=\&#34;col-links\&#34;&gt;&lt;/td&gt;&#34;], &#34;log&#34;: &#34;------------------------------ Captured log call -------------------------------\nINFO     Test_AccountAnalysis:test_Account_Analysis.py:686 ******************** test_Account_Analysis_Section_Results_by_Open_Hour_Check_field_Avalible_008 Test Started **************************\nINFO     Test_AccountAnalysis:test_Account_Analysis.py:687 ******************** Verifying Account Analysis Section Test **************************\nINFO     Test_AccountAnalysis:test_Account_Analysis.py:698 ***************** Moved cursor to the left side *******************\nINFO     Test_AccountAnalysis:test_Account_Analysis.py:705 ********************* Clicked on the Account Analysis option. *********************\nINFO     Test_AccountAnalysis:test_Account_Analysis.py:714 ***************** Moved cursor to the right side for Account Analysis *******************\nINFO     Test_AccountAnalysis:test_Account_Analysis.py:722 ******************* click Results by Open Hour *************************\nINFO     Test_AccountAnalysis:test_Account_Analysis.py:728 ******************* Profits by Open hour Box visible or Not *************************\nINFO     Test_AccountAnalysis:test_Account_Analysis.py:736 &#39;/html/body/div[1]/div/div[1]/div/main/div[2]/div/div[2]/div/div[1]/div&#39; is visible.\nINFO     Test_AccountAnalysis:test_Account_Analysis.py:741 ******************* Profits by Open hour Box visible *************************\nINFO     Test_AccountAnalysis:test_Account_Analysis.py:743 ******************* Results by Open Hour Box visible or Not *************************\nINFO     Test_AccountAnalysis:test_Account_Analysis.py:751 &#39;/html/body/div[1]/div/div[1]/div/main/div[2]/div/div[2]/div/div[2]/div&#39; is visible.\nINFO     Test_AccountAnalysis:test_Account_Analysis.py:756 ******************* Results by Open Hour Box visible *************************\nINFO     Test_AccountAnalysis:test_Account_Analysis.py:758 ******************* test_Account_Analysis_Section_Results_by_Open_Hour_Check_field_Avalible_008 test case Complete *************************\nINFO     Test_AccountAnalysis:test_Account_Analysis.py:759 ******************* test_Account_Analysis_Section_Results_by_Open_Hour_Check_field_Avalible_008 test case Pass *************************\n\n&#34;}], &#34;test_Account_Matrices.py::Test_AccountMatrices::test_AccountMatrices_Section_001&#34;: [{&#34;extras&#34;: [], &#34;result&#34;: &#34;Passed&#34;, &#34;testId&#34;: &#34;test_Account_Matrices.py::Test_AccountMatrices::test_AccountMatrices_Section_001&#34;, &#34;duration&#34;: &#34;00:00:17&#34;, &#34;resultsTableRow&#34;: [&#34;&lt;td class=\&#34;col-result\&#34;&gt;Passed&lt;/td&gt;&#34;, &#34;&lt;td class=\&#34;col-testId\&#34;&gt;test_Account_Matrices.py::Test_AccountMatrices::test_AccountMatrices_Section_001&lt;/td&gt;&#34;, &#34;&lt;td class=\&#34;col-duration\&#34;&gt;00:00:17&lt;/td&gt;&#34;, &#34;&lt;td class=\&#34;col-links\&#34;&gt;&lt;/td&gt;&#34;], &#34;log&#34;: &#34;------------------------------ Captured log call -------------------------------\nINFO     Test_AccountMatrices:test_Account_Matrices.py:24 ******************** test_AccountMatrices_Section_001 test case started **************************\nINFO     Test_AccountMatrices:test_Account_Matrices.py:25 ******************** Verifying Account Matrices Section Test **************************\nINFO     Test_AccountMatrices:test_Account_Matrices.py:36 ***************** Moved cursor to the left side *******************\nINFO     Test_AccountMatrices:test_Account_Matrices.py:43 ********************* Clicked on the Account Matrices option. *********************\nINFO     Test_AccountMatrices:test_Account_Matrices.py:52 ***************** Moved cursor to the right side for Account Matrices *******************\nINFO     Test_AccountMatrices:test_Account_Matrices.py:63 Actual Account Matrices Page Title: Alpha Capital\nINFO     Test_AccountMatrices:test_Account_Matrices.py:66 Account Matrices Section Test Passed: Page title is as expected.\nINFO     Test_AccountMatrices:test_Account_Matrices.py:73 ****************** test_AccountMatrices_Section_001 Test is completed ************************\nINFO     Test_AccountMatrices:test_Account_Matrices.py:75 ************************** test_AccountMatrices_Section_001 passed ************************\n\n&#34;}], &#34;test_Account_Matrices.py::Test_AccountMatrices::test_AccountMatrices_Section_Refresh_Box_Into_Program_objectives_002&#34;: [{&#34;extras&#34;: [], &#34;result&#34;: &#34;Passed&#34;, &#34;testId&#34;: &#34;test_Account_Matrices.py::Test_AccountMatrices::test_AccountMatrices_Section_Refresh_Box_Into_Program_objectives_002&#34;, &#34;duration&#34;: &#34;00:00:22&#34;, &#34;resultsTableRow&#34;: [&#34;&lt;td class=\&#34;col-result\&#34;&gt;Passed&lt;/td&gt;&#34;, &#34;&lt;td class=\&#34;col-testId\&#34;&gt;test_Account_Matrices.py::Test_AccountMatrices::test_AccountMatrices_Section_Refresh_Box_Into_Program_objectives_002&lt;/td&gt;&#34;, &#34;&lt;td class=\&#34;col-duration\&#34;&gt;00:00:22&lt;/td&gt;&#34;, &#34;&lt;td class=\&#34;col-links\&#34;&gt;&lt;/td&gt;&#34;], &#34;log&#34;: &#34;------------------------------ Captured log call -------------------------------\nINFO     Test_AccountMatrices:test_Account_Matrices.py:81 ******************** test_AccountMatrices_Section_Refresh_Box_Into_Program_objectives_002 test case started **************************\nINFO     Test_AccountMatrices:test_Account_Matrices.py:82 ******************** Verifying Account Matrices Section Test **************************\nINFO     Test_AccountMatrices:test_Account_Matrices.py:93 ***************** Moved cursor to the left side *******************\nINFO     Test_AccountMatrices:test_Account_Matrices.py:100 ********************* Clicked on the Account Matrices option. *********************\nINFO     Test_AccountMatrices:test_Account_Matrices.py:109 ***************** Moved cursor to the right side for Account Matrices *******************\nINFO     Test_AccountMatrices:test_Account_Matrices.py:115 ************************** click Auto Refresh to Enable box ************************************\nINFO     Test_AccountMatrices:test_Account_Matrices.py:122 ************************** Check if Auto Refresh is enable then every 5 sec refresh or not ************************************\nINFO     Test_AccountMatrices:test_Account_Matrices.py:129 &#39;/html/body/div[1]/div/div[1]/div/main/div[2]/div/div[2]/div/div[1]/div[1]/div[1]&#39; is visible.\nINFO     Test_AccountMatrices:test_Account_Matrices.py:136 &#39;/html/body/div[1]/div/div[1]/div/main/div[2]/div/div[2]/div/div[1]/div[1]/div[1]&#39; is visible.\nINFO     Test_AccountMatrices:test_Account_Matrices.py:142 ****************** test_AccountMatrices_Section_Refresh_Box_Into_Program_objectives_002 Test is completed ************************\nINFO     Test_AccountMatrices:test_Account_Matrices.py:144 ************************** test_AccountMatrices_Section_Refresh_Box_Into_Program_objectives_002 passed ************************\n\n&#34;}], &#34;test_Account_Matrices.py::Test_AccountMatrices::test_AccountMatrices_Section_Refresh_button_Into_Program_Objectives_003&#34;: [{&#34;extras&#34;: [], &#34;result&#34;: &#34;Passed&#34;, &#34;testId&#34;: &#34;test_Account_Matrices.py::Test_AccountMatrices::test_AccountMatrices_Section_Refresh_button_Into_Program_Objectives_003&#34;, &#34;duration&#34;: &#34;00:00:16&#34;, &#34;resultsTableRow&#34;: [&#34;&lt;td class=\&#34;col-result\&#34;&gt;Passed&lt;/td&gt;&#34;, &#34;&lt;td class=\&#34;col-testId\&#34;&gt;test_Account_Matrices.py::Test_AccountMatrices::test_AccountMatrices_Section_Refresh_button_Into_Program_Objectives_003&lt;/td&gt;&#34;, &#34;&lt;td class=\&#34;col-duration\&#34;&gt;00:00:16&lt;/td&gt;&#34;, &#34;&lt;td class=\&#34;col-links\&#34;&gt;&lt;/td&gt;&#34;], &#34;log&#34;: &#34;------------------------------ Captured log call -------------------------------\nINFO     Test_AccountMatrices:test_Account_Matrices.py:150 ******************** test_AccountMatrices_Section_Refresh_button_Into_Program_Objectives_003 test case started **************************\nINFO     Test_AccountMatrices:test_Account_Matrices.py:151 ******************** Verifying Account Matrices Section Test **************************\nINFO     Test_AccountMatrices:test_Account_Matrices.py:162 ***************** Moved cursor to the left side *******************\nINFO     Test_AccountMatrices:test_Account_Matrices.py:169 ********************* Clicked on the Account Matrices option. *********************\nINFO     Test_AccountMatrices:test_Account_Matrices.py:178 ***************** Moved cursor to the right side for Account Matrices *******************\nINFO     Test_AccountMatrices:test_Account_Matrices.py:184 ************************** click Refresh button ************************************\nINFO     Test_AccountMatrices:test_Account_Matrices.py:192 ****************** test_AccountMatrices_Section_Refresh_button_Into_Program_Objectives_003 Test is completed ************************\nINFO     Test_AccountMatrices:test_Account_Matrices.py:194 ************************** test_AccountMatrices_Section_Refresh_button_Into_Program_Objectives_003 passed ************************\n\n&#34;}], &#34;test_Account_Matrices.py::Test_AccountMatrices::test_AccountMatrices_Section_check_Graphs_Balance_Profit_Drawdown_004&#34;: [{&#34;extras&#34;: [], &#34;result&#34;: &#34;Passed&#34;, &#34;testId&#34;: &#34;test_Account_Matrices.py::Test_AccountMatrices::test_AccountMatrices_Section_check_Graphs_Balance_Profit_Drawdown_004&#34;, &#34;duration&#34;: &#34;00:00:49&#34;, &#34;resultsTableRow&#34;: [&#34;&lt;td class=\&#34;col-result\&#34;&gt;Passed&lt;/td&gt;&#34;, &#34;&lt;td class=\&#34;col-testId\&#34;&gt;test_Account_Matrices.py::Test_AccountMatrices::test_AccountMatrices_Section_check_Graphs_Balance_Profit_Drawdown_004&lt;/td&gt;&#34;, &#34;&lt;td class=\&#34;col-duration\&#34;&gt;00:00:49&lt;/td&gt;&#34;, &#34;&lt;td class=\&#34;col-links\&#34;&gt;&lt;/td&gt;&#34;], &#34;log&#34;: &#34;------------------------------ Captured log call -------------------------------\nINFO     Test_AccountMatrices:test_Account_Matrices.py:199 ******************** test_AccountMatrices_Section_check_Graphs_Balance_Profit_Drawdown_004 test case started **************************\nINFO     Test_AccountMatrices:test_Account_Matrices.py:200 ******************** Verifying Account Matrices Section Test **************************\nINFO     Test_AccountMatrices:test_Account_Matrices.py:211 ***************** Moved cursor to the left side *******************\nINFO     Test_AccountMatrices:test_Account_Matrices.py:218 ********************* Clicked on the Account Matrices option. *********************\nINFO     Test_AccountMatrices:test_Account_Matrices.py:227 ***************** Moved cursor to the right side for Account Matrices *******************\nINFO     Test_AccountMatrices:test_Account_Matrices.py:233 ***************** Check Balance Graphs is visible or not *******************\nERROR    Test_AccountMatrices:test_Account_Matrices.py:241 &#39;/html/body/div[1]/div/div[1]/div/main/div[2]/div/div[2]/div/div[2]/div[1]/div[2]/div/div[2]/div/div/div/svg/foreignObject&#39; is not visible. Screenshot Added\nINFO     Test_AccountMatrices:test_Account_Matrices.py:246 ***************** Check Profit Graphs is visible or not *******************\nERROR    Test_AccountMatrices:test_Account_Matrices.py:258 &#39;/html/body/div[1]/div/div[1]/div/main/div[2]/div/div[2]/div/div[2]/div[1]/div[2]/div/div[3]/div/div/div/svg&#39; is not visible. Screenshot Added\nINFO     Test_AccountMatrices:test_Account_Matrices.py:261 ***************** Check Drawdown Graphs is visible or not *******************\nERROR    Test_AccountMatrices:test_Account_Matrices.py:272 &#39;/html/body/div[1]/div/div[1]/div/main/div[2]/div/div[2]/div/div[2]/div[1]/div[2]/div/div[4]/div/div/div/svg&#39; is not visible. Screenshot Added\nINFO     Test_AccountMatrices:test_Account_Matrices.py:276 ****************** test_AccountMatrices_Section_check_Graphs_Balance_Profit_Drawdown_004 Test is completed ************************\nINFO     Test_AccountMatrices:test_Account_Matrices.py:278 ************************** test_AccountMatrices_Section_check_Graphs_Balance_Profit_Drawdown_004 passed ************************\n\n&#34;}], &#34;test_Account_Matrices.py::Test_AccountMatrices::test_AccountMatrices_Section_All_section_Visible_005&#34;: [{&#34;extras&#34;: [], &#34;result&#34;: &#34;Passed&#34;, &#34;testId&#34;: &#34;test_Account_Matrices.py::Test_AccountMatrices::test_AccountMatrices_Section_All_section_Visible_005&#34;, &#34;duration&#34;: &#34;00:00:19&#34;, &#34;resultsTableRow&#34;: [&#34;&lt;td class=\&#34;col-result\&#34;&gt;Passed&lt;/td&gt;&#34;, &#34;&lt;td class=\&#34;col-testId\&#34;&gt;test_Account_Matrices.py::Test_AccountMatrices::test_AccountMatrices_Section_All_section_Visible_005&lt;/td&gt;&#34;, &#34;&lt;td class=\&#34;col-duration\&#34;&gt;00:00:19&lt;/td&gt;&#34;, &#34;&lt;td class=\&#34;col-links\&#34;&gt;&lt;/td&gt;&#34;], &#34;log&#34;: &#34;------------------------------ Captured log call -------------------------------\nINFO     Test_AccountMatrices:test_Account_Matrices.py:283 ******************** test_AccountMatrices_Section_All_section_Visible_005 test case started **************************\nINFO     Test_AccountMatrices:test_Account_Matrices.py:284 ******************** Verifying Account Matrices Section Test **************************\nINFO     Test_AccountMatrices:test_Account_Matrices.py:295 ***************** Moved cursor to the left side *******************\nINFO     Test_AccountMatrices:test_Account_Matrices.py:302 ********************* Clicked on the Account Matrices option. *********************\nINFO     Test_AccountMatrices:test_Account_Matrices.py:311 ***************** Moved cursor to the right side for Account Matrices *******************\nINFO     Test_AccountMatrices:test_Account_Matrices.py:317 ***************** Check Refresh Field is visible or not *******************\nINFO     Test_AccountMatrices:test_Account_Matrices.py:323 &#39;/html/body/div[1]/div/div[1]/div/main/div[2]/div/div[2]/div/div[1]&#39; is visible.\nINFO     Test_AccountMatrices:test_Account_Matrices.py:330 ***************** Refresh Field is visible *******************\nINFO     Test_AccountMatrices:test_Account_Matrices.py:332 ***************** Check Start Date Field is visible or not *******************\nINFO     Test_AccountMatrices:test_Account_Matrices.py:338 &#39;/html/body/div[1]/div/div[1]/div/main/div[2]/div/div[2]/div/div[2]/div[1]/div[1]&#39; is visible.\nINFO     Test_AccountMatrices:test_Account_Matrices.py:343 ***************** Start Date Field is visible *******************\nINFO     Test_AccountMatrices:test_Account_Matrices.py:347 ***************** Graphs Field is visible or not *******************\nINFO     Test_AccountMatrices:test_Account_Matrices.py:353 &#39;/html/body/div[1]/div/div[1]/div/main/div[2]/div/div[2]/div/div[2]/div[1]/div[2]&#39; is visible.\nINFO     Test_AccountMatrices:test_Account_Matrices.py:358 ***************** Graphs Field is visible *******************\nINFO     Test_AccountMatrices:test_Account_Matrices.py:362 ***************** Statistic Field is visible or not *******************\nINFO     Test_AccountMatrices:test_Account_Matrices.py:368 &#39;/html/body/div[1]/div/div[1]/div/main/div[2]/div/div[2]/div/div[2]/div[1]/div[1]&#39; is visible.\nINFO     Test_AccountMatrices:test_Account_Matrices.py:373 ***************** Statistic Field is visible *******************\nINFO     Test_AccountMatrices:test_Account_Matrices.py:377 ***************** Daily Summary Field is visible or not *******************\nINFO     Test_AccountMatrices:test_Account_Matrices.py:383 &#39;/html/body/div[1]/div/div[1]/div/main/div[2]/div/div[2]/div/div[2]/div[1]/div[3]&#39; is visible.\nINFO     Test_AccountMatrices:test_Account_Matrices.py:388 ***************** Daily Summary Field is visible *******************\nINFO     Test_AccountMatrices:test_Account_Matrices.py:392 ***************** Trading Objective Field is visible or not *******************\nINFO     Test_AccountMatrices:test_Account_Matrices.py:399 &#39;/html/body/div[1]/div/div[1]/div/main/div[2]/div/div[2]/div/div[2]/div[2]/div[2]&#39; is visible.\nINFO     Test_AccountMatrices:test_Account_Matrices.py:404 ***************** Trading Objective Field is visible *******************\nINFO     Test_AccountMatrices:test_Account_Matrices.py:407 ****************** test_AccountMatrices_Section_All_section_Visible_005 Test is completed ************************\nINFO     Test_AccountMatrices:test_Account_Matrices.py:409 ************************** test_AccountMatrices_Section_All_section_Visible_005 passed ************************\n\n&#34;}], &#34;test_Account_Matrices.py::Test_AccountMatrices::test_AccountMatrices_Section_Insights_Advanced_Statistics_Field_006&#34;: [{&#34;extras&#34;: [], &#34;result&#34;: &#34;Passed&#34;, &#34;testId&#34;: &#34;test_Account_Matrices.py::Test_AccountMatrices::test_AccountMatrices_Section_Insights_Advanced_Statistics_Field_006&#34;, &#34;duration&#34;: &#34;00:00:26&#34;, &#34;resultsTableRow&#34;: [&#34;&lt;td class=\&#34;col-result\&#34;&gt;Passed&lt;/td&gt;&#34;, &#34;&lt;td class=\&#34;col-testId\&#34;&gt;test_Account_Matrices.py::Test_AccountMatrices::test_AccountMatrices_Section_Insights_Advanced_Statistics_Field_006&lt;/td&gt;&#34;, &#34;&lt;td class=\&#34;col-duration\&#34;&gt;00:00:26&lt;/td&gt;&#34;, &#34;&lt;td class=\&#34;col-links\&#34;&gt;&lt;/td&gt;&#34;], &#34;log&#34;: &#34;------------------------------ Captured log call -------------------------------\nINFO     Test_AccountMatrices:test_Account_Matrices.py:415 ******************** test_AccountMatrices_Section_Insights_Advanced_Statistics_Field_006 test case started **************************\nINFO     Test_AccountMatrices:test_Account_Matrices.py:416 ******************** Verifying Account Matrices Section Test **************************\nINFO     Test_AccountMatrices:test_Account_Matrices.py:427 ***************** Moved cursor to the left side *******************\nINFO     Test_AccountMatrices:test_Account_Matrices.py:434 ********************* Clicked on the Account Matrices option. *********************\nINFO     Test_AccountMatrices:test_Account_Matrices.py:443 ***************** Moved cursor to the right side for Account Matrices *******************\nINFO     Test_AccountMatrices:test_Account_Matrices.py:449 ***************** Click Insights *******************\nINFO     Test_AccountMatrices:test_Account_Matrices.py:454 ***************** Advanced Statistics Field is visible or not *******************\nINFO     Test_AccountMatrices:test_Account_Matrices.py:460 &#39;/html/body/div[1]/div/div[1]/div/main/div[2]/div/div[3]/div/div[2]/div[1]/div/div/div&#39; is visible.\nINFO     Test_AccountMatrices:test_Account_Matrices.py:465 ***************** Advanced Statistics Field is visible *******************\nINFO     Test_AccountMatrices:test_Account_Matrices.py:467 ***************** AUDCAD.pro Field is visible or not *******************\nERROR    Test_AccountMatrices:test_Account_Matrices.py:475 &#39;/html/body/div[1]/div/div[1]/div/main/div[2]/div/div[3]/div/div[2]/div[1]/div/div/div&#39; is not visible. Screenshot Added\nINFO     Test_AccountMatrices:test_Account_Matrices.py:478 ***************** AUDCAD.pro Field is visible *******************\nINFO     Test_AccountMatrices:test_Account_Matrices.py:482 ****************** test_AccountMatrices_Section_Insights_Advanced_Statistics_Field_006 Test is completed ************************\nINFO     Test_AccountMatrices:test_Account_Matrices.py:484 ************************** test_AccountMatrices_Section_Insights_Advanced_Statistics_Field_006 passed ************************\n\n&#34;}], &#34;test_Account_Matrices.py::Test_AccountMatrices::test_AccountMatrices_Section_Risk_Insights_007&#34;: [{&#34;extras&#34;: [], &#34;result&#34;: &#34;Passed&#34;, &#34;testId&#34;: &#34;test_Account_Matrices.py::Test_AccountMatrices::test_AccountMatrices_Section_Risk_Insights_007&#34;, &#34;duration&#34;: &#34;00:00:57&#34;, &#34;resultsTableRow&#34;: [&#34;&lt;td class=\&#34;col-result\&#34;&gt;Passed&lt;/td&gt;&#34;, &#34;&lt;td class=\&#34;col-testId\&#34;&gt;test_Account_Matrices.py::Test_AccountMatrices::test_AccountMatrices_Section_Risk_Insights_007&lt;/td&gt;&#34;, &#34;&lt;td class=\&#34;col-duration\&#34;&gt;00:00:57&lt;/td&gt;&#34;, &#34;&lt;td class=\&#34;col-links\&#34;&gt;&lt;/td&gt;&#34;], &#34;log&#34;: &#34;------------------------------ Captured log call -------------------------------\nINFO     Test_AccountMatrices:test_Account_Matrices.py:489 ******************** test_AccountMatrices_Section_Risk_Insights_007 test case started **************************\nINFO     Test_AccountMatrices:test_Account_Matrices.py:490 ******************** Verifying Account Matrices Section Test **************************\nINFO     Test_AccountMatrices:test_Account_Matrices.py:501 ***************** Moved cursor to the left side *******************\nINFO     Test_AccountMatrices:test_Account_Matrices.py:508 ********************* Clicked on the Account Matrices option. *********************\nINFO     Test_AccountMatrices:test_Account_Matrices.py:517 ***************** Moved cursor to the right side for Account Matrices *******************\nINFO     Test_AccountMatrices:test_Account_Matrices.py:523 ***************** Click Insights *******************\nINFO     Test_AccountMatrices:test_Account_Matrices.py:529 ***************** Click Risk Insights *******************\nINFO     Test_AccountMatrices:test_Account_Matrices.py:536 ***************** Risk per Trade Graph is visible or not *******************\nERROR    Test_AccountMatrices:test_Account_Matrices.py:545 &#39;/html/body/div[1]/div/div[1]/div/main/div[2]/div/div[3]/div/div[2]/div[1]/div/div/div/div[2]/div/div/div/svg&#39; is not visible. Screenshot Added\nINFO     Test_AccountMatrices:test_Account_Matrices.py:548 ***************** Risk per Trade Graph is visible *******************\nINFO     Test_AccountMatrices:test_Account_Matrices.py:550 ***************** Concurant Trade and lots per day Graph is visible or not *******************\nERROR    Test_AccountMatrices:test_Account_Matrices.py:562 &#39;/html/body/div[1]/div/div[1]/div/main/div[2]/div/div[3]/div/div[2]/div[1]/div/div/div/div[3]/div/div/div/svg/foreignObject&#39; is not visible. Screenshot Added\nINFO     Test_AccountMatrices:test_Account_Matrices.py:565 ***************** Concurant Trade and lots per day Graph is visible *******************\nINFO     Test_AccountMatrices:test_Account_Matrices.py:567 ***************** Trads and Lots per Day Graph is visible or not *******************\nERROR    Test_AccountMatrices:test_Account_Matrices.py:581 &#39;/html/body/div[1]/div/div[1]/div/main/div[2]/div/div[3]/div/div[2]/div[1]/div/div/div/div[4]/div/div/div/svg/foreignObject&#39; is not visible. Screenshot Added\nINFO     Test_AccountMatrices:test_Account_Matrices.py:584 ***************** Concurant Trade and lots per day Graph is visible *******************\nINFO     Test_AccountMatrices:test_Account_Matrices.py:586 ***************** Lots Per Trade Graph is visible or not *******************\nERROR    Test_AccountMatrices:test_Account_Matrices.py:600 &#39;/html/body/div[1]/div/div[1]/div/main/div[2]/div/div[3]/div/div[2]/div[1]/div/div/div/div[5]/div/div/div/svg&#39; is not visible. Screenshot Added\nINFO     Test_AccountMatrices:test_Account_Matrices.py:603 ***************** Lots Per Trade Graph is visible *******************\nINFO     Test_AccountMatrices:test_Account_Matrices.py:606 ****************** test_AccountMatrices_Section_Risk_Insights_007 Test is completed ************************\nINFO     Test_AccountMatrices:test_Account_Matrices.py:608 ************************** test_AccountMatrices_Section_Risk_Insights_007 passed ************************\n\n&#34;}], &#34;test_Account_Matrices.py::Test_AccountMatrices::test_AccountMatrices_Section_Trading_Journal_Check_Trading_Activity_008&#34;: [{&#34;extras&#34;: [], &#34;result&#34;: &#34;Passed&#34;, &#34;testId&#34;: &#34;test_Account_Matrices.py::Test_AccountMatrices::test_AccountMatrices_Section_Trading_Journal_Check_Trading_Activity_008&#34;, &#34;duration&#34;: &#34;00:00:21&#34;, &#34;resultsTableRow&#34;: [&#34;&lt;td class=\&#34;col-result\&#34;&gt;Passed&lt;/td&gt;&#34;, &#34;&lt;td class=\&#34;col-testId\&#34;&gt;test_Account_Matrices.py::Test_AccountMatrices::test_AccountMatrices_Section_Trading_Journal_Check_Trading_Activity_008&lt;/td&gt;&#34;, &#34;&lt;td class=\&#34;col-duration\&#34;&gt;00:00:21&lt;/td&gt;&#34;, &#34;&lt;td class=\&#34;col-links\&#34;&gt;&lt;/td&gt;&#34;], &#34;log&#34;: &#34;------------------------------ Captured log call -------------------------------\nINFO     Test_AccountMatrices:test_Account_Matrices.py:613 ******************** test_AccountMatrices_Section_Trading_Journal_Check_Trading_Activity_008 test case started **************************\nINFO     Test_AccountMatrices:test_Account_Matrices.py:614 ******************** Verifying Account Matrices Section Test **************************\nINFO     Test_AccountMatrices:test_Account_Matrices.py:625 ***************** Moved cursor to the left side *******************\nINFO     Test_AccountMatrices:test_Account_Matrices.py:632 ********************* Clicked on the Account Matrices option. *********************\nINFO     Test_AccountMatrices:test_Account_Matrices.py:641 ***************** Moved cursor to the right side for Account Matrices *******************\nINFO     Test_AccountMatrices:test_Account_Matrices.py:647 ***************** Click Trading Journal *******************\nINFO     Test_AccountMatrices:test_Account_Matrices.py:652 ***************** Click Three Dot (Trading Activity) *******************\nINFO     Test_AccountMatrices:test_Account_Matrices.py:660 ***************** Click SL / TP format 1st Box *******************\nINFO     Test_AccountMatrices:test_Account_Matrices.py:665 ***************** Click Buy *******************\nINFO     Test_AccountMatrices:test_Account_Matrices.py:670 ***************** Click Sell *******************\nINFO     Test_AccountMatrices:test_Account_Matrices.py:675 ***************** Withdrawal Sell *******************\nINFO     Test_AccountMatrices:test_Account_Matrices.py:680 ***************** Deposite Sell *******************\nINFO     Test_AccountMatrices:test_Account_Matrices.py:685 ***************** Interest Sell *******************\nINFO     Test_AccountMatrices:test_Account_Matrices.py:690 ***************** Again Click SL / TP format 1st box *******************\nINFO     Test_AccountMatrices:test_Account_Matrices.py:696 ***************** Click SL / TP format 2nd box *******************\nINFO     Test_AccountMatrices:test_Account_Matrices.py:701 ***************** Click In *******************\nINFO     Test_AccountMatrices:test_Account_Matrices.py:706 ***************** Click Out *******************\nINFO     Test_AccountMatrices:test_Account_Matrices.py:711 ***************** Again Click SL / TP format 2nd box *******************\nINFO     Test_AccountMatrices:test_Account_Matrices.py:718 ****************** test_AccountMatrices_Section_Trading_Journal_Check_Trading_Activity_008 Test is completed ************************\nINFO     Test_AccountMatrices:test_Account_Matrices.py:720 ************************** test_AccountMatrices_Section_Trading_Journal_Check_Trading_Activity_008 passed ************************\n\n&#34;}], &#34;test_Account_Matrices.py::Test_AccountMatrices::test_AccountMatrices_Section_Trading_Journal_Check_Trading_Activity_Field_009&#34;: [{&#34;extras&#34;: [], &#34;result&#34;: &#34;Passed&#34;, &#34;testId&#34;: &#34;test_Account_Matrices.py::Test_AccountMatrices::test_AccountMatrices_Section_Trading_Journal_Check_Trading_Activity_Field_009&#34;, &#34;duration&#34;: &#34;00:00:14&#34;, &#34;resultsTableRow&#34;: [&#34;&lt;td class=\&#34;col-result\&#34;&gt;Passed&lt;/td&gt;&#34;, &#34;&lt;td class=\&#34;col-testId\&#34;&gt;test_Account_Matrices.py::Test_AccountMatrices::test_AccountMatrices_Section_Trading_Journal_Check_Trading_Activity_Field_009&lt;/td&gt;&#34;, &#34;&lt;td class=\&#34;col-duration\&#34;&gt;00:00:14&lt;/td&gt;&#34;, &#34;&lt;td class=\&#34;col-links\&#34;&gt;&lt;/td&gt;&#34;], &#34;log&#34;: &#34;------------------------------ Captured log call -------------------------------\nINFO     Test_AccountMatrices:test_Account_Matrices.py:725 ******************** test_AccountMatrices_Section_Trading_Journal_Check_Trading_Activity_Field_009 test case started **************************\nINFO     Test_AccountMatrices:test_Account_Matrices.py:726 ******************** Verifying Account Matrices Section Test **************************\nINFO     Test_AccountMatrices:test_Account_Matrices.py:737 ***************** Moved cursor to the left side *******************\nINFO     Test_AccountMatrices:test_Account_Matrices.py:744 ********************* Clicked on the Account Matrices option. *********************\nINFO     Test_AccountMatrices:test_Account_Matrices.py:753 ***************** Moved cursor to the right side for Account Matrices *******************\nINFO     Test_AccountMatrices:test_Account_Matrices.py:759 ***************** Click Trading Journal *******************\nINFO     Test_AccountMatrices:test_Account_Matrices.py:764 ***************** Check Trading Journal Field *******************\nINFO     Test_AccountMatrices:test_Account_Matrices.py:771 &#39;/html/body/div[1]/div/div[1]/div/main/div[2]/div/div[4]/div&#39; is visible.\nINFO     Test_AccountMatrices:test_Account_Matrices.py:777 ****************** test_AccountMatrices_Section_Trading_Journal_Check_Trading_Activity_Field_009 Test is completed ************************\nINFO     Test_AccountMatrices:test_Account_Matrices.py:779 ************************** test_AccountMatrices_Section_Trading_Journal_Check_Trading_Activity_Field_009 passed ************************\n\n&#34;}], &#34;test_Account_Matrices.py::Test_AccountMatrices::test_AccountMatrices_Section_Account_Info_Field_010&#34;: [{&#34;extras&#34;: [], &#34;result&#34;: &#34;Passed&#34;, &#34;testId&#34;: &#34;test_Account_Matrices.py::Test_AccountMatrices::test_AccountMatrices_Section_Account_Info_Field_010&#34;, &#34;duration&#34;: &#34;00:00:14&#34;, &#34;resultsTableRow&#34;: [&#34;&lt;td class=\&#34;col-result\&#34;&gt;Passed&lt;/td&gt;&#34;, &#34;&lt;td class=\&#34;col-testId\&#34;&gt;test_Account_Matrices.py::Test_AccountMatrices::test_AccountMatrices_Section_Account_Info_Field_010&lt;/td&gt;&#34;, &#34;&lt;td class=\&#34;col-duration\&#34;&gt;00:00:14&lt;/td&gt;&#34;, &#34;&lt;td class=\&#34;col-links\&#34;&gt;&lt;/td&gt;&#34;], &#34;log&#34;: &#34;------------------------------ Captured log call -------------------------------\nINFO     Test_AccountMatrices:test_Account_Matrices.py:785 ******************** test_AccountMatrices_Section_Account_Info_Field_010 test case started **************************\nINFO     Test_AccountMatrices:test_Account_Matrices.py:786 ******************** Verifying Account Matrices Section Test **************************\nINFO     Test_AccountMatrices:test_Account_Matrices.py:797 ***************** Moved cursor to the left side *******************\nINFO     Test_AccountMatrices:test_Account_Matrices.py:804 ********************* Clicked on the Account Matrices option. *********************\nINFO     Test_AccountMatrices:test_Account_Matrices.py:813 ***************** Moved cursor to the right side for Account Matrices *******************\nINFO     Test_AccountMatrices:test_Account_Matrices.py:819 ***************** Click Account Info *******************\nINFO     Test_AccountMatrices:test_Account_Matrices.py:824 ***************** Check General Information Field *******************\nINFO     Test_AccountMatrices:test_Account_Matrices.py:831 &#39;/html/body/div[1]/div/div[1]/div/main/div[2]/div/div[5]/div&#39; is visible.\nINFO     Test_AccountMatrices:test_Account_Matrices.py:837 ****************** test_AccountMatrices_Section_Account_Info_Field_010 Test is completed ************************\nINFO     Test_AccountMatrices:test_Account_Matrices.py:839 ************************** test_AccountMatrices_Section_Account_Info_Field_010 passed ************************\n\n&#34;}], &#34;test_Achivment.py::Test_Achivment::test_Achievement_Section_001&#34;: [{&#34;extras&#34;: [], &#34;result&#34;: &#34;Passed&#34;, &#34;testId&#34;: &#34;test_Achivment.py::Test_Achivment::test_Achievement_Section_001&#34;, &#34;duration&#34;: &#34;00:00:16&#34;, &#34;resultsTableRow&#34;: [&#34;&lt;td class=\&#34;col-result\&#34;&gt;Passed&lt;/td&gt;&#34;, &#34;&lt;td class=\&#34;col-testId\&#34;&gt;test_Achivment.py::Test_Achivment::test_Achievement_Section_001&lt;/td&gt;&#34;, &#34;&lt;td class=\&#34;col-duration\&#34;&gt;00:00:16&lt;/td&gt;&#34;, &#34;&lt;td class=\&#34;col-links\&#34;&gt;&lt;/td&gt;&#34;], &#34;log&#34;: &#34;------------------------------ Captured log call -------------------------------\nINFO     Test_Achivment:test_Achivment.py:26 ******************** test_Achievement_Section_001 Section Test start **************************\nINFO     Test_Achivment:test_Achivment.py:27 ******************** Verifying Achievement Section Test **************************\nINFO     Test_Achivment:test_Achivment.py:38 ***************** Moved cursor to the left side *******************\nINFO     Test_Achivment:test_Achivment.py:45 ********************* Clicked on the Achievement option. *********************\nINFO     Test_Achivment:test_Achivment.py:52 ***************** Moved cursor to the right side *******************\nINFO     Test_Achivment:test_Achivment.py:63 Actual Achievement Page Title: Alpha Capital\nINFO     Test_Achivment:test_Achivment.py:66 Achievement Section Test Passed: Page title is as expected.\nINFO     Test_Achivment:test_Achivment.py:74 ****************** Achievement Section Test is completed ************************\nINFO     Test_Achivment:test_Achivment.py:76  ************************** test_Achievement_Section_001 passed ************************\n\n&#34;}], &#34;test_Achivment.py::Test_Achivment::test_See_Certificate_Achievement_Section_002&#34;: [{&#34;extras&#34;: [], &#34;result&#34;: &#34;Passed&#34;, &#34;testId&#34;: &#34;test_Achivment.py::Test_Achivment::test_See_Certificate_Achievement_Section_002&#34;, &#34;duration&#34;: &#34;00:00:32&#34;, &#34;resultsTableRow&#34;: [&#34;&lt;td class=\&#34;col-result\&#34;&gt;Passed&lt;/td&gt;&#34;, &#34;&lt;td class=\&#34;col-testId\&#34;&gt;test_Achivment.py::Test_Achivment::test_See_Certificate_Achievement_Section_002&lt;/td&gt;&#34;, &#34;&lt;td class=\&#34;col-duration\&#34;&gt;00:00:32&lt;/td&gt;&#34;, &#34;&lt;td class=\&#34;col-links\&#34;&gt;&lt;/td&gt;&#34;], &#34;log&#34;: &#34;------------------------------ Captured log call -------------------------------\nINFO     Test_Achivment:test_Achivment.py:81 ******************** Verifying Achievement Section Test **************************\nINFO     Test_Achivment:test_Achivment.py:92 ***************** Moved cursor to the left side *******************\nINFO     Test_Achivment:test_Achivment.py:99 ********************* Clicked on the Achievement option. *********************\nINFO     Test_Achivment:test_Achivment.py:106 ***************** Moved cursor to the right side *******************\nINFO     Test_Achivment:test_Achivment.py:114 ***************** Only see certificate (User Validation) *******************\nINFO     Test_Achivment:test_Achivment.py:123 ****************** test_See_Certificate_Achievement_Section_002  Test is completed ************************\nINFO     Test_Achivment:test_Achivment.py:125  ************************** test_See_Certificate_Achievement_Section_002 passed ************************\n\n&#34;}], &#34;test_Achivment.py::Test_Achivment::test_Achievement_Section_Download_Certificate_003&#34;: [{&#34;extras&#34;: [], &#34;result&#34;: &#34;Passed&#34;, &#34;testId&#34;: &#34;test_Achivment.py::Test_Achivment::test_Achievement_Section_Download_Certificate_003&#34;, &#34;duration&#34;: &#34;00:00:37&#34;, &#34;resultsTableRow&#34;: [&#34;&lt;td class=\&#34;col-result\&#34;&gt;Passed&lt;/td&gt;&#34;, &#34;&lt;td class=\&#34;col-testId\&#34;&gt;test_Achivment.py::Test_Achivment::test_Achievement_Section_Download_Certificate_003&lt;/td&gt;&#34;, &#34;&lt;td class=\&#34;col-duration\&#34;&gt;00:00:37&lt;/td&gt;&#34;, &#34;&lt;td class=\&#34;col-links\&#34;&gt;&lt;/td&gt;&#34;], &#34;log&#34;: &#34;------------------------------ Captured log call -------------------------------\nINFO     Test_Achivment:test_Achivment.py:130 ******************** Verifying Achievement Section Test **************************\nINFO     Test_Achivment:test_Achivment.py:141 ***************** Moved cursor to the left side *******************\nINFO     Test_Achivment:test_Achivment.py:148 ********************* Clicked on the Achievement option. *********************\nINFO     Test_Achivment:test_Achivment.py:155 ***************** Moved cursor to the right side *******************\nINFO     Test_Achivment:test_Achivment.py:163 ********************* Download Certificate to click on Download Button ************************\nINFO     Test_Achivment:test_Achivment.py:172 c****************** Achievement Section Test is completed ************************\nINFO     Test_Achivment:test_Achivment.py:174  ************************** test_Achievement_Section_Download_Certificate_003 passed ************************\n\n&#34;}], &#34;test_Achivment.py::Test_Achivment::test_Achievement_Section_Search_Certificate_004&#34;: [{&#34;extras&#34;: [], &#34;result&#34;: &#34;Passed&#34;, &#34;testId&#34;: &#34;test_Achivment.py::Test_Achivment::test_Achievement_Section_Search_Certificate_004&#34;, &#34;duration&#34;: &#34;00:00:25&#34;, &#34;resultsTableRow&#34;: [&#34;&lt;td class=\&#34;col-result\&#34;&gt;Passed&lt;/td&gt;&#34;, &#34;&lt;td class=\&#34;col-testId\&#34;&gt;test_Achivment.py::Test_Achivment::test_Achievement_Section_Search_Certificate_004&lt;/td&gt;&#34;, &#34;&lt;td class=\&#34;col-duration\&#34;&gt;00:00:25&lt;/td&gt;&#34;, &#34;&lt;td class=\&#34;col-links\&#34;&gt;&lt;/td&gt;&#34;], &#34;log&#34;: &#34;------------------------------ Captured log call -------------------------------\nINFO     Test_Achivment:test_Achivment.py:179 ******************** Verifying Achievement Section Test **************************\nINFO     Test_Achivment:test_Achivment.py:190 ***************** Moved cursor to the left side *******************\nINFO     Test_Achivment:test_Achivment.py:197 ********************* Clicked on the Achievement option. *********************\nINFO     Test_Achivment:test_Achivment.py:204 ***************** Moved cursor to the right side *******************\nINFO     Test_Achivment:test_Achivment.py:212 ********************* Search Certificate to click on Download Button ************************\nINFO     Test_Achivment:test_Achivment.py:219 ********************* Download Certificate to click on Download Button ************************\nINFO     Test_Achivment:test_Achivment.py:227 c****************** Achievement Section Test is completed ************************\nINFO     Test_Achivment:test_Achivment.py:229  ************************** test_Achievement_Section_Search_Certificate_004 passed ************************\n\n&#34;}], &#34;test_Affiliate_Marketing.py::Test_AffiliateMarketing::test_AffiliateMarketing_001&#34;: [{&#34;extras&#34;: [], &#34;result&#34;: &#34;Passed&#34;, &#34;testId&#34;: &#34;test_Affiliate_Marketing.py::Test_AffiliateMarketing::test_AffiliateMarketing_001&#34;, &#34;duration&#34;: &#34;00:00:16&#34;, &#34;resultsTableRow&#34;: [&#34;&lt;td class=\&#34;col-result\&#34;&gt;Passed&lt;/td&gt;&#34;, &#34;&lt;td class=\&#34;col-testId\&#34;&gt;test_Affiliate_Marketing.py::Test_AffiliateMarketing::test_AffiliateMarketing_001&lt;/td&gt;&#34;, &#34;&lt;td class=\&#34;col-duration\&#34;&gt;00:00:16&lt;/td&gt;&#34;, &#34;&lt;td class=\&#34;col-links\&#34;&gt;&lt;/td&gt;&#34;], &#34;log&#34;: &#34;------------------------------ Captured log call -------------------------------\nINFO     Test_AffiliateMarketing:test_Affiliate_Marketing.py:23 ******************** test_AffiliateMarketing_001 Test Start **************************\nINFO     Test_AffiliateMarketing:test_Affiliate_Marketing.py:24 ******************** Verifying Affiliate Marketing Test **************************\nINFO     Test_AffiliateMarketing:test_Affiliate_Marketing.py:35 ***************** Moved cursor to the left side *******************\nINFO     Test_AffiliateMarketing:test_Affiliate_Marketing.py:44 ***************** Scrolling to view the Affiliate Marketing element *******************\nINFO     Test_AffiliateMarketing:test_Affiliate_Marketing.py:51 ***************** Clicking on the Affiliate Marketing option *******************\nINFO     Test_AffiliateMarketing:test_Affiliate_Marketing.py:55 ***************** Moved cursor to the right side *******************\nINFO     Test_AffiliateMarketing:test_Affiliate_Marketing.py:65 ****************** test_AffiliateMarketing_001 Test is completed ************************\nINFO     Test_AffiliateMarketing:test_Affiliate_Marketing.py:67  ************************** test_AffiliateMarketing_001 passed ************************\n\n&#34;}], &#34;test_Affiliate_Marketing.py::Test_AffiliateMarketing::test_AffiliateMarketing_Overview_Field_Visible_or_Not_002&#34;: [{&#34;extras&#34;: [], &#34;result&#34;: &#34;Passed&#34;, &#34;testId&#34;: &#34;test_Affiliate_Marketing.py::Test_AffiliateMarketing::test_AffiliateMarketing_Overview_Field_Visible_or_Not_002&#34;, &#34;duration&#34;: &#34;00:00:16&#34;, &#34;resultsTableRow&#34;: [&#34;&lt;td class=\&#34;col-result\&#34;&gt;Passed&lt;/td&gt;&#34;, &#34;&lt;td class=\&#34;col-testId\&#34;&gt;test_Affiliate_Marketing.py::Test_AffiliateMarketing::test_AffiliateMarketing_Overview_Field_Visible_or_Not_002&lt;/td&gt;&#34;, &#34;&lt;td class=\&#34;col-duration\&#34;&gt;00:00:16&lt;/td&gt;&#34;, &#34;&lt;td class=\&#34;col-links\&#34;&gt;&lt;/td&gt;&#34;], &#34;log&#34;: &#34;------------------------------ Captured log call -------------------------------\nINFO     Test_AffiliateMarketing:test_Affiliate_Marketing.py:72 ******************** test_AffiliateMarketing_Overview_Field_Visible_or_Not_002 Test Start **************************\nINFO     Test_AffiliateMarketing:test_Affiliate_Marketing.py:73 ******************** Verifying Affiliate Marketing Test **************************\nINFO     Test_AffiliateMarketing:test_Affiliate_Marketing.py:84 ***************** Moved cursor to the left side *******************\nINFO     Test_AffiliateMarketing:test_Affiliate_Marketing.py:93 ***************** Scrolling to view the Affiliate Marketing element *******************\nINFO     Test_AffiliateMarketing:test_Affiliate_Marketing.py:100 ***************** Clicking on the Affiliate Marketing option *******************\nINFO     Test_AffiliateMarketing:test_Affiliate_Marketing.py:104 ***************** Moved cursor to the right side *******************\nINFO     Test_AffiliateMarketing:test_Affiliate_Marketing.py:112 ***************** Check Click fild visible or not *******************\nINFO     Test_AffiliateMarketing:test_Affiliate_Marketing.py:118 &#39;/html/body/div[1]/div/div[1]/div/main/div[2]/div[5]/div/div/div[1]/div/div[1]/div/div&#39; is visible.\nINFO     Test_AffiliateMarketing:test_Affiliate_Marketing.py:123 ***************** Check Pushleads fild visible or not *******************\nINFO     Test_AffiliateMarketing:test_Affiliate_Marketing.py:129 &#39;/html/body/div[1]/div/div[1]/div/main/div[2]/div[5]/div/div/div[1]/div/div[2]/div/div&#39; is visible.\nINFO     Test_AffiliateMarketing:test_Affiliate_Marketing.py:134 ***************** Check Conversions fild visible or not *******************\nINFO     Test_AffiliateMarketing:test_Affiliate_Marketing.py:140 &#39;/html/body/div[1]/div/div[1]/div/main/div[2]/div[5]/div/div/div[1]/div/div[3]/div/div&#39; is visible.\nINFO     Test_AffiliateMarketing:test_Affiliate_Marketing.py:145 ***************** Check Profit fild visible or not *******************\nINFO     Test_AffiliateMarketing:test_Affiliate_Marketing.py:151 &#39;/html/body/div[1]/div/div[1]/div/main/div[2]/div[5]/div/div/div[1]/div/div[4]/div/div&#39; is visible.\nINFO     Test_AffiliateMarketing:test_Affiliate_Marketing.py:156 ***************** Check Pushleads fild visible or not *******************\nINFO     Test_AffiliateMarketing:test_Affiliate_Marketing.py:162 &#39;/html/body/div[1]/div/div[1]/div/main/div[2]/div[5]/div/div/div[2]/div/div&#39; is visible.\nINFO     Test_AffiliateMarketing:test_Affiliate_Marketing.py:168 ****************** test_AffiliateMarketing_Overview_Field_Visible_or_Not_002 Test is completed ************************\nINFO     Test_AffiliateMarketing:test_Affiliate_Marketing.py:170  ************************** test_AffiliateMarketing_Overview_Field_Visible_or_Not_002 passed ************************\n\n&#34;}], &#34;test_Affiliate_Marketing.py::Test_AffiliateMarketing::test_AffiliateMarketing_Get_a_Link_003&#34;: [{&#34;extras&#34;: [], &#34;result&#34;: &#34;Passed&#34;, &#34;testId&#34;: &#34;test_Affiliate_Marketing.py::Test_AffiliateMarketing::test_AffiliateMarketing_Get_a_Link_003&#34;, &#34;duration&#34;: &#34;00:00:17&#34;, &#34;resultsTableRow&#34;: [&#34;&lt;td class=\&#34;col-result\&#34;&gt;Passed&lt;/td&gt;&#34;, &#34;&lt;td class=\&#34;col-testId\&#34;&gt;test_Affiliate_Marketing.py::Test_AffiliateMarketing::test_AffiliateMarketing_Get_a_Link_003&lt;/td&gt;&#34;, &#34;&lt;td class=\&#34;col-duration\&#34;&gt;00:00:17&lt;/td&gt;&#34;, &#34;&lt;td class=\&#34;col-links\&#34;&gt;&lt;/td&gt;&#34;], &#34;log&#34;: &#34;------------------------------ Captured log call -------------------------------\nINFO     Test_AffiliateMarketing:test_Affiliate_Marketing.py:175 ******************** test_AffiliateMarketing_Get_a_Link_003 Test Start **************************\nINFO     Test_AffiliateMarketing:test_Affiliate_Marketing.py:176 ******************** Verifying Affiliate Marketing Test **************************\nINFO     Test_AffiliateMarketing:test_Affiliate_Marketing.py:187 ***************** Moved cursor to the left side *******************\nINFO     Test_AffiliateMarketing:test_Affiliate_Marketing.py:196 ***************** Scrolling to view the Affiliate Marketing element *******************\nINFO     Test_AffiliateMarketing:test_Affiliate_Marketing.py:203 ***************** Clicking on the Affiliate Marketing option *******************\nINFO     Test_AffiliateMarketing:test_Affiliate_Marketing.py:207 ***************** Moved cursor to the right side *******************\nINFO     Test_AffiliateMarketing:test_Affiliate_Marketing.py:215 ***************** Click Get a link *******************\nINFO     Test_AffiliateMarketing:test_Affiliate_Marketing.py:220 ***************** Click and check Choose Commission rate 367PX  *******************\nINFO     Test_AffiliateMarketing:test_Affiliate_Marketing.py:225 ***************** Click and check Choose Commission rate 24PX *******************\nINFO     Test_AffiliateMarketing:test_Affiliate_Marketing.py:231 ****************** test_AffiliateMarketing_Get_a_Link_003 Test is completed ************************\nINFO     Test_AffiliateMarketing:test_Affiliate_Marketing.py:233  ************************** test_AffiliateMarketing_Get_a_Link_003 passed ************************\n\n&#34;}], &#34;test_Affiliate_Marketing.py::Test_AffiliateMarketing::test_AffiliateMarketing_Send_Custom_Code_004&#34;: [{&#34;extras&#34;: [], &#34;result&#34;: &#34;Passed&#34;, &#34;testId&#34;: &#34;test_Affiliate_Marketing.py::Test_AffiliateMarketing::test_AffiliateMarketing_Send_Custom_Code_004&#34;, &#34;duration&#34;: &#34;00:00:19&#34;, &#34;resultsTableRow&#34;: [&#34;&lt;td class=\&#34;col-result\&#34;&gt;Passed&lt;/td&gt;&#34;, &#34;&lt;td class=\&#34;col-testId\&#34;&gt;test_Affiliate_Marketing.py::Test_AffiliateMarketing::test_AffiliateMarketing_Send_Custom_Code_004&lt;/td&gt;&#34;, &#34;&lt;td class=\&#34;col-duration\&#34;&gt;00:00:19&lt;/td&gt;&#34;, &#34;&lt;td class=\&#34;col-links\&#34;&gt;&lt;/td&gt;&#34;], &#34;log&#34;: &#34;------------------------------ Captured log call -------------------------------\nINFO     Test_AffiliateMarketing:test_Affiliate_Marketing.py:239 ******************** test_AffiliateMarketing_Send_Custom_Code_004 Test Start **************************\nINFO     Test_AffiliateMarketing:test_Affiliate_Marketing.py:240 ******************** Verifying Affiliate Marketing Test **************************\nINFO     Test_AffiliateMarketing:test_Affiliate_Marketing.py:251 ***************** Moved cursor to the left side *******************\nINFO     Test_AffiliateMarketing:test_Affiliate_Marketing.py:260 ***************** Scrolling to view the Affiliate Marketing element *******************\nINFO     Test_AffiliateMarketing:test_Affiliate_Marketing.py:267 ***************** Clicking on the Affiliate Marketing option *******************\nINFO     Test_AffiliateMarketing:test_Affiliate_Marketing.py:271 ***************** Moved cursor to the right side *******************\nINFO     Test_AffiliateMarketing:test_Affiliate_Marketing.py:279 ***************** Click Get a link *******************\nINFO     Test_AffiliateMarketing:test_Affiliate_Marketing.py:285 ***************** Send Custom Code *******************\nINFO     Test_AffiliateMarketing:test_Affiliate_Marketing.py:291 ****************** test_AffiliateMarketing_Send_Custom_Code_004 Test is completed ************************\nINFO     Test_AffiliateMarketing:test_Affiliate_Marketing.py:293  ************************** test_AffiliateMarketing_Send_Custom_Code_004 passed ************************\n\n&#34;}], &#34;test_Affiliate_Marketing.py::Test_AffiliateMarketing::test_AffiliateMarketing_Affliate_Codes_Table_005&#34;: [{&#34;extras&#34;: [], &#34;result&#34;: &#34;Passed&#34;, &#34;testId&#34;: &#34;test_Affiliate_Marketing.py::Test_AffiliateMarketing::test_AffiliateMarketing_Affliate_Codes_Table_005&#34;, &#34;duration&#34;: &#34;00:00:17&#34;, &#34;resultsTableRow&#34;: [&#34;&lt;td class=\&#34;col-result\&#34;&gt;Passed&lt;/td&gt;&#34;, &#34;&lt;td class=\&#34;col-testId\&#34;&gt;test_Affiliate_Marketing.py::Test_AffiliateMarketing::test_AffiliateMarketing_Affliate_Codes_Table_005&lt;/td&gt;&#34;, &#34;&lt;td class=\&#34;col-duration\&#34;&gt;00:00:17&lt;/td&gt;&#34;, &#34;&lt;td class=\&#34;col-links\&#34;&gt;&lt;/td&gt;&#34;], &#34;log&#34;: &#34;------------------------------ Captured log call -------------------------------\nINFO     Test_AffiliateMarketing:test_Affiliate_Marketing.py:298 ******************** test_AffiliateMarketing_Affliate_Codes_005 Test Start **************************\nINFO     Test_AffiliateMarketing:test_Affiliate_Marketing.py:299 ******************** Verifying Affiliate Marketing Test **************************\nINFO     Test_AffiliateMarketing:test_Affiliate_Marketing.py:310 ***************** Moved cursor to the left side *******************\nINFO     Test_AffiliateMarketing:test_Affiliate_Marketing.py:319 ***************** Scrolling to view the Affiliate Marketing element *******************\nINFO     Test_AffiliateMarketing:test_Affiliate_Marketing.py:326 ***************** Clicking on the Affiliate Marketing option *******************\nINFO     Test_AffiliateMarketing:test_Affiliate_Marketing.py:330 ***************** Moved cursor to the right side *******************\nINFO     Test_AffiliateMarketing:test_Affiliate_Marketing.py:338 ***************** Click Affliate Codes *******************\nINFO     Test_AffiliateMarketing:test_Affiliate_Marketing.py:343 ***************** Check Affliate Codes Table *******************\nINFO     Test_AffiliateMarketing:test_Affiliate_Marketing.py:349 &#39;&lt;selenium.webdriver.remote.webelement.WebElement (session=\&#34;5f22ddae-d785-43d2-a2ec-c3f3f8caef33\&#34;, element=\&#34;32dafd19-747f-4cfb-b364-d708f4dbc1ac\&#34;)&gt;&#39; is visible.\nINFO     Test_AffiliateMarketing:test_Affiliate_Marketing.py:354 ****************** test_AffiliateMarketing_Affliate_Codes_Table_005 Test is completed ************************\nINFO     Test_AffiliateMarketing:test_Affiliate_Marketing.py:356  ************************** test_AffiliateMarketing_Affliate_Codes_Table_005 passed ************************\n\n&#34;}], &#34;test_Affiliate_Marketing.py::Test_AffiliateMarketing::test_AffiliateMarketing_Affliate_Codes_Table_Copy_URL_006&#34;: [{&#34;extras&#34;: [], &#34;result&#34;: &#34;Passed&#34;, &#34;testId&#34;: &#34;test_Affiliate_Marketing.py::Test_AffiliateMarketing::test_AffiliateMarketing_Affliate_Codes_Table_Copy_URL_006&#34;, &#34;duration&#34;: &#34;00:00:19&#34;, &#34;resultsTableRow&#34;: [&#34;&lt;td class=\&#34;col-result\&#34;&gt;Passed&lt;/td&gt;&#34;, &#34;&lt;td class=\&#34;col-testId\&#34;&gt;test_Affiliate_Marketing.py::Test_AffiliateMarketing::test_AffiliateMarketing_Affliate_Codes_Table_Copy_URL_006&lt;/td&gt;&#34;, &#34;&lt;td class=\&#34;col-duration\&#34;&gt;00:00:19&lt;/td&gt;&#34;, &#34;&lt;td class=\&#34;col-links\&#34;&gt;&lt;/td&gt;&#34;], &#34;log&#34;: &#34;------------------------------ Captured log call -------------------------------\nINFO     Test_AffiliateMarketing:test_Affiliate_Marketing.py:361 ******************** test_AffiliateMarketing_Affliate_Codes_Table_Copy_URL_006 Test Start **************************\nINFO     Test_AffiliateMarketing:test_Affiliate_Marketing.py:362 ******************** Verifying Affiliate Marketing Test **************************\nINFO     Test_AffiliateMarketing:test_Affiliate_Marketing.py:373 ***************** Moved cursor to the left side *******************\nINFO     Test_AffiliateMarketing:test_Affiliate_Marketing.py:382 ***************** Scrolling to view the Affiliate Marketing element *******************\nINFO     Test_AffiliateMarketing:test_Affiliate_Marketing.py:389 ***************** Clicking on the Affiliate Marketing option *******************\nINFO     Test_AffiliateMarketing:test_Affiliate_Marketing.py:393 ***************** Moved cursor to the right side *******************\nINFO     Test_AffiliateMarketing:test_Affiliate_Marketing.py:401 ***************** Click Affliate Codes *******************\nINFO     Test_AffiliateMarketing:test_Affiliate_Marketing.py:408 ***************** Click Copy URL *******************\nINFO     Test_AffiliateMarketing:test_Affiliate_Marketing.py:413 ***************** URL Copied *******************\nINFO     Test_AffiliateMarketing:test_Affiliate_Marketing.py:416 ****************** test_AffiliateMarketing_Affliate_Codes_Table_Copy_URL_006 Test is completed ************************\nINFO     Test_AffiliateMarketing:test_Affiliate_Marketing.py:418  ************************** test_AffiliateMarketing_Affliate_Codes_Table_Copy_URL_006 passed ************************\n\n&#34;}], &#34;test_Affiliate_Marketing.py::Test_AffiliateMarketing::test_AffiliateMarketing_Commision_Payment_007&#34;: [{&#34;extras&#34;: [], &#34;result&#34;: &#34;Passed&#34;, &#34;testId&#34;: &#34;test_Affiliate_Marketing.py::Test_AffiliateMarketing::test_AffiliateMarketing_Commision_Payment_007&#34;, &#34;duration&#34;: &#34;00:00:16&#34;, &#34;resultsTableRow&#34;: [&#34;&lt;td class=\&#34;col-result\&#34;&gt;Passed&lt;/td&gt;&#34;, &#34;&lt;td class=\&#34;col-testId\&#34;&gt;test_Affiliate_Marketing.py::Test_AffiliateMarketing::test_AffiliateMarketing_Commision_Payment_007&lt;/td&gt;&#34;, &#34;&lt;td class=\&#34;col-duration\&#34;&gt;00:00:16&lt;/td&gt;&#34;, &#34;&lt;td class=\&#34;col-links\&#34;&gt;&lt;/td&gt;&#34;], &#34;log&#34;: &#34;------------------------------ Captured log call -------------------------------\nINFO     Test_AffiliateMarketing:test_Affiliate_Marketing.py:423 ******************** test_AffiliateMarketing_Commision_Payment_007 Test Start **************************\nINFO     Test_AffiliateMarketing:test_Affiliate_Marketing.py:424 ******************** Verifying Affiliate Marketing Test **************************\nINFO     Test_AffiliateMarketing:test_Affiliate_Marketing.py:435 ***************** Moved cursor to the left side *******************\nINFO     Test_AffiliateMarketing:test_Affiliate_Marketing.py:444 ***************** Scrolling to view the Affiliate Marketing element *******************\nINFO     Test_AffiliateMarketing:test_Affiliate_Marketing.py:451 ***************** Clicking on the Affiliate Marketing option *******************\nINFO     Test_AffiliateMarketing:test_Affiliate_Marketing.py:455 ***************** Moved cursor to the right side *******************\nINFO     Test_AffiliateMarketing:test_Affiliate_Marketing.py:463 ***************** Click Commision Payment *******************\nINFO     Test_AffiliateMarketing:test_Affiliate_Marketing.py:469 ****************** test_AffiliateMarketing_Commision_Payment_007 Test is completed ************************\nINFO     Test_AffiliateMarketing:test_Affiliate_Marketing.py:471  ************************** test_AffiliateMarketing_Commision_Payment_007 passed ************************\n\n&#34;}], &#34;test_Affiliate_Marketing.py::Test_AffiliateMarketing::test_AffiliateMarketing_Commision_Payment_Field_008&#34;: [{&#34;extras&#34;: [], &#34;result&#34;: &#34;Passed&#34;, &#34;testId&#34;: &#34;test_Affiliate_Marketing.py::Test_AffiliateMarketing::test_AffiliateMarketing_Commision_Payment_Field_008&#34;, &#34;duration&#34;: &#34;00:00:17&#34;, &#34;resultsTableRow&#34;: [&#34;&lt;td class=\&#34;col-result\&#34;&gt;Passed&lt;/td&gt;&#34;, &#34;&lt;td class=\&#34;col-testId\&#34;&gt;test_Affiliate_Marketing.py::Test_AffiliateMarketing::test_AffiliateMarketing_Commision_Payment_Field_008&lt;/td&gt;&#34;, &#34;&lt;td class=\&#34;col-duration\&#34;&gt;00:00:17&lt;/td&gt;&#34;, &#34;&lt;td class=\&#34;col-links\&#34;&gt;&lt;/td&gt;&#34;], &#34;log&#34;: &#34;------------------------------ Captured log call -------------------------------\nINFO     Test_AffiliateMarketing:test_Affiliate_Marketing.py:476 ******************** test_AffiliateMarketing_Commision_Payment_Field_008 Test Start **************************\nINFO     Test_AffiliateMarketing:test_Affiliate_Marketing.py:477 ******************** Verifying Affiliate Marketing Test **************************\nINFO     Test_AffiliateMarketing:test_Affiliate_Marketing.py:488 ***************** Moved cursor to the left side *******************\nINFO     Test_AffiliateMarketing:test_Affiliate_Marketing.py:497 ***************** Scrolling to view the Affiliate Marketing element *******************\nINFO     Test_AffiliateMarketing:test_Affiliate_Marketing.py:504 ***************** Clicking on the Affiliate Marketing option *******************\nINFO     Test_AffiliateMarketing:test_Affiliate_Marketing.py:508 ***************** Moved cursor to the right side *******************\nINFO     Test_AffiliateMarketing:test_Affiliate_Marketing.py:516 ***************** Click Commision Payment *******************\nINFO     Test_AffiliateMarketing:test_Affiliate_Marketing.py:521 ***************** Click Commision Payment Table *******************\nERROR    Test_AffiliateMarketing:test_Affiliate_Marketing.py:529 &#39;&lt;selenium.webdriver.remote.webelement.WebElement (session=\&#34;cb3e4bf5-4745-4495-8311-25bd611925f1\&#34;, element=\&#34;c9e2f7ce-dcff-4aa7-9c7d-1c2f84237eb9\&#34;)&gt;&#39; is not visible. Screenshot Added\nINFO     Test_AffiliateMarketing:test_Affiliate_Marketing.py:533 ****************** test_AffiliateMarketing_Commision_Payment_Field_008 Test is completed ************************\nINFO     Test_AffiliateMarketing:test_Affiliate_Marketing.py:535  ************************** test_AffiliateMarketing_Commision_Payment_Field_008 passed ************************\n\n&#34;}], &#34;test_Dashboard.py::Test_Dashboard::test_Dashboard_Title_001&#34;: [{&#34;extras&#34;: [], &#34;result&#34;: &#34;Passed&#34;, &#34;testId&#34;: &#34;test_Dashboard.py::Test_Dashboard::test_Dashboard_Title_001&#34;, &#34;duration&#34;: &#34;00:00:16&#34;, &#34;resultsTableRow&#34;: [&#34;&lt;td class=\&#34;col-result\&#34;&gt;Passed&lt;/td&gt;&#34;, &#34;&lt;td class=\&#34;col-testId\&#34;&gt;test_Dashboard.py::Test_Dashboard::test_Dashboard_Title_001&lt;/td&gt;&#34;, &#34;&lt;td class=\&#34;col-duration\&#34;&gt;00:00:16&lt;/td&gt;&#34;, &#34;&lt;td class=\&#34;col-links\&#34;&gt;&lt;/td&gt;&#34;], &#34;log&#34;: &#34;------------------------------ Captured log call -------------------------------\nINFO     Test_Dashboard:test_Dashboard.py:26 ******************** Verifying Login Test **************************\nINFO     Test_Dashboard:test_Dashboard.py:36 ***************** Moved cursor to the left side *******************\nINFO     Test_Dashboard:test_Dashboard.py:43 ********************* Clicked on the Dashboard option. *********************\nINFO     Test_Dashboard:test_Dashboard.py:48 ******************* Moved cursor to the right side *************************\nINFO     Test_Dashboard:test_Dashboard.py:57 Actual Dashboard Title: Alpha Capital\nINFO     Test_Dashboard:test_Dashboard.py:60  ************************* Dashboard Title is as expected. ******************************\nINFO     Test_Dashboard:test_Dashboard.py:63 ****************** Login and Dashboard Test is Passed ************************\nINFO     Test_Dashboard:test_Dashboard.py:71  ************************** test_Dashboard_Title_1 passed ************************\n\n&#34;}], &#34;test_Dashboard.py::Test_Dashboard::test_Filter_002&#34;: [{&#34;extras&#34;: [], &#34;result&#34;: &#34;Failed&#34;, &#34;testId&#34;: &#34;test_Dashboard.py::Test_Dashboard::test_Filter_002&#34;, &#34;duration&#34;: &#34;00:00:15&#34;, &#34;resultsTableRow&#34;: [&#34;&lt;td class=\&#34;col-result\&#34;&gt;Failed&lt;/td&gt;&#34;, &#34;&lt;td class=\&#34;col-testId\&#34;&gt;test_Dashboard.py::Test_Dashboard::test_Filter_002&lt;/td&gt;&#34;, &#34;&lt;td class=\&#34;col-duration\&#34;&gt;00:00:15&lt;/td&gt;&#34;, &#34;&lt;td class=\&#34;col-links\&#34;&gt;&lt;/td&gt;&#34;], &#34;log&#34;: &#34;self = &amp;lt;testCases.test_Dashboard.Test_Dashboard object at 0x000001B0D2B81220&amp;gt;\nsetup = &amp;lt;selenium.webdriver.firefox.webdriver.WebDriver (session=\&#34;28300a1a-863e-4206-8f4c-922d685a7670\&#34;)&amp;gt;\n\n    @pytest.mark.sanity\n    @pytest.mark.regression\n    def test_Filter_002(self, setup):\n        self.logger.info(\&#34;******************** Verifying Login Test **************************\&#34;)\n        self.driver = setup\n        self.driver.get(self.baseURL)\n        self.lp = Dashboard(self.driver)\n        self.lp.setEmail(self.username)\n        self.lp.setPassword(self.password)\n        self.lp.clickLogin()\n    \n        wait = WebDriverWait(self.driver, 20)\n    \n        time.sleep(1)\n        self.logger.info(\&#34;***************** Moved cursor to the left side *******************\&#34;)\n        left_element = self.driver.find_element(By.XPATH, \&#34;/html/body/div[1]/div/div[1]/div/div/div\&#34;)\n        action = ActionChains(self.driver)\n        action.move_to_element(left_element)\n        action.perform()\n    \n        time.sleep(1)\n        self.logger.info(\&#34;********************* Clicked on the Dashboard option. *********************\&#34;)\n        dashboard_option = wait.until(\n            EC.element_to_be_clickable((By.XPATH, \&#34;/html/body/div[1]/div/div[1]/div/div/div/ul/li[1]/a/div\&#34;)))\n        dashboard_option.click()\n    \n        time.sleep(1)\n        self.logger.info(\&#34;******************* Moved cursor to the right side *************************\&#34;)\n        right_element = self.driver.find_element(By.XPATH, \&#34;/html/body/div[1]/div/div[1]/div/header/div/div/div[2]\&#34;)\n        action = ActionChains(self.driver)\n        action.move_to_element(right_element)\n        action.perform()\n    \n        time.sleep(1)\n        self.logger.info(\&#34;********************* Clicked on the Filter button 1st time *********************\&#34;)\n    \n        filter_button = self.driver.find_element(By.XPATH,\n                                                 \&#34;/html/body/div[1]/div/div[1]/div/main/div[2]/div[1]/div[1]/div/div/div[1]/div[2]/div/button\&#34;)\n        filter_button.click()\n    \n        self.logger.info(\&#34;********************* Select Active Filter *********************\&#34;)\n        active_element = self.driver.find_element(By.XPATH, \&#34;/html/body/div[3]/div[3]/ul/li[1]\&#34;)\n        action = ActionChains(self.driver)\n        action.move_to_element(active_element)\n        action.click().perform()\n        Active_Blue_Xpath = \&#34;/html/body/div[1]/div/div[1]/div/main/div[2]/div[1]/div[1]/div/div/div[2]/div[1]/div[1]/div[1]/div/label/span[2]/span\&#34;\n    \n        try:\n            WebDriverWait(self.driver, 10).until(EC.visibility_of_element_located((By.XPATH, Active_Blue_Xpath)))\n            self.logger.info(f\&#34;&#39;{Active_Blue_Xpath}&#39; is visible.\&#34;)\n        except Exception as e:\n            self.logger.error(f\&#34;&#39;{Active_Blue_Xpath}&#39; is not visible. Screenshot Added\&#34;)\n            self.driver.save_screenshot(\&#34;.\\\\Screenshots\\\\\&#34; + \&#34;Active Filter.png\&#34;)\n    \n        self.logger.info(\&#34;********************* Active Filter Selected *********************\&#34;)\n    \n        self.logger.info(\&#34;********************* Clicked on the Filter button 2nd time *********************\&#34;)\n    \n        filter_button = self.driver.find_element(By.XPATH,\n                                                 \&#34;/html/body/div[1]/div/div[1]/div/main/div[2]/div[1]/div[1]/div/div/div[1]/div[2]/div/button\&#34;)\n&amp;gt;       filter_button.click()\n\ntestCases\\test_Dashboard.py:133: \n_ _ _ _ _ _ _ _ _ _ _ _ _ _ _ _ _ _ _ _ _ _ _ _ _ _ _ _ _ _ _ _ _ _ _ _ _ _ _ _ _ _ _ _ _ _ _ _ _ _ _ _ _ _ _ _ _ _ _ _ _ _ _ _ _ _ _ _ _ _ _ _ _ _\n..\\..\\AppData\\Local\\Programs\\Python\\Python312\\Lib\\site-packages\\selenium\\webdriver\\remote\\webelement.py:93: in click\n    self._execute(Command.CLICK_ELEMENT)\n..\\..\\AppData\\Local\\Programs\\Python\\Python312\\Lib\\site-packages\\selenium\\webdriver\\remote\\webelement.py:394: in _execute\n    return self._parent.execute(command, params)\n..\\..\\AppData\\Local\\Programs\\Python\\Python312\\Lib\\site-packages\\selenium\\webdriver\\remote\\webdriver.py:344: in execute\n    self.error_handler.check_response(response)\n_ _ _ _ _ _ _ _ _ _ _ _ _ _ _ _ _ _ _ _ _ _ _ _ _ _ _ _ _ _ _ _ _ _ _ _ _ _ _ _ _ _ _ _ _ _ _ _ _ _ _ _ _ _ _ _ _ _ _ _ _ _ _ _ _ _ _ _ _ _ _ _ _ _\n\nself = &amp;lt;selenium.webdriver.remote.errorhandler.ErrorHandler object at 0x000001B0D349B0E0&amp;gt;\nresponse = {&#39;status&#39;: 400, &#39;value&#39;: &#39;{\&#34;value\&#34;:{\&#34;error\&#34;:\&#34;element click intercepted\&#34;,\&#34;message\&#34;:\&#34;Element &amp;lt;button class=\\\\\&#34;MuiButtonB...sys.mjs:202:29\\\\nreceiveMessage@chrome://remote/content/marionette/actors/MarionetteCommandsChild.sys.mjs:84:31\\\\n\&#34;}}&#39;}\n\n    def check_response(self, response: Dict[str, Any]) -&amp;gt; None:\n        \&#34;\&#34;\&#34;Checks that a JSON response from the WebDriver does not have an\n        error.\n    \n        :Args:\n         - response - The JSON response from the WebDriver server as a dictionary\n           object.\n    \n        :Raises: If the response contains an error message.\n        \&#34;\&#34;\&#34;\n        status = response.get(\&#34;status\&#34;, None)\n        if not status or status == ErrorCode.SUCCESS:\n            return\n        value = None\n        message = response.get(\&#34;message\&#34;, \&#34;\&#34;)\n        screen: str = response.get(\&#34;screen\&#34;, \&#34;\&#34;)\n        stacktrace = None\n        if isinstance(status, int):\n            value_json = response.get(\&#34;value\&#34;, None)\n            if value_json and isinstance(value_json, str):\n                import json\n    \n                try:\n                    value = json.loads(value_json)\n                    if len(value) == 1:\n                        value = value[\&#34;value\&#34;]\n                    status = value.get(\&#34;error\&#34;, None)\n                    if not status:\n                        status = value.get(\&#34;status\&#34;, ErrorCode.UNKNOWN_ERROR)\n                        message = value.get(\&#34;value\&#34;) or value.get(\&#34;message\&#34;)\n                        if not isinstance(message, str):\n                            value = message\n                            message = message.get(\&#34;message\&#34;)\n                    else:\n                        message = value.get(\&#34;message\&#34;, None)\n                except ValueError:\n                    pass\n    \n        exception_class: Type[WebDriverException]\n        e = ErrorCode()\n        error_codes = [item for item in dir(e) if not item.startswith(\&#34;__\&#34;)]\n        for error_code in error_codes:\n            error_info = getattr(ErrorCode, error_code)\n            if isinstance(error_info, list) and status in error_info:\n                exception_class = getattr(ExceptionMapping, error_code, WebDriverException)\n                break\n        else:\n            exception_class = WebDriverException\n    \n        if not value:\n            value = response[\&#34;value\&#34;]\n        if isinstance(value, str):\n            raise exception_class(value)\n        if message == \&#34;\&#34; and \&#34;message\&#34; in value:\n            message = value[\&#34;message\&#34;]\n    \n        screen = None  # type: ignore[assignment]\n        if \&#34;screen\&#34; in value:\n            screen = value[\&#34;screen\&#34;]\n    \n        stacktrace = None\n        st_value = value.get(\&#34;stackTrace\&#34;) or value.get(\&#34;stacktrace\&#34;)\n        if st_value:\n            if isinstance(st_value, str):\n                stacktrace = st_value.split(\&#34;\\n\&#34;)\n            else:\n                stacktrace = []\n                try:\n                    for frame in st_value:\n                        line = frame.get(\&#34;lineNumber\&#34;, \&#34;\&#34;)\n                        file = frame.get(\&#34;fileName\&#34;, \&#34;&amp;lt;anonymous&amp;gt;\&#34;)\n                        if line:\n                            file = f\&#34;{file}:{line}\&#34;\n                        meth = frame.get(\&#34;methodName\&#34;, \&#34;&amp;lt;anonymous&amp;gt;\&#34;)\n                        if \&#34;className\&#34; in frame:\n                            meth = f\&#34;{frame[&#39;className&#39;]}.{meth}\&#34;\n                        msg = \&#34;    at %s (%s)\&#34;\n                        msg = msg % (meth, file)\n                        stacktrace.append(msg)\n                except TypeError:\n                    pass\n        if exception_class == UnexpectedAlertPresentException:\n            alert_text = None\n            if \&#34;data\&#34; in value:\n                alert_text = value[\&#34;data\&#34;].get(\&#34;text\&#34;)\n            elif \&#34;alert\&#34; in value:\n                alert_text = value[\&#34;alert\&#34;].get(\&#34;text\&#34;)\n            raise exception_class(message, screen, stacktrace, alert_text)  # type: ignore[call-arg]  # mypy is not smart enough here\n&amp;gt;       raise exception_class(message, screen, stacktrace)\nE       selenium.common.exceptions.ElementClickInterceptedException: Message: Element &amp;lt;button class=\&#34;MuiButtonBase-root MuiButton-root MuiButton-text MuiButton-textPrimary MuiButton-sizeMedium MuiButton-textSizeMedium css-6txy7e\&#34; type=\&#34;button\&#34;&amp;gt; is not clickable at point (717,131) because another element &amp;lt;div class=\&#34;MuiBackdrop-root MuiBackdrop-invisible css-esi9ax\&#34;&amp;gt; obscures it\nE       Stacktrace:\nE       RemoteError@chrome://remote/content/shared/RemoteError.sys.mjs:8:8\nE       WebDriverError@chrome://remote/content/shared/webdriver/Errors.sys.mjs:189:5\nE       ElementClickInterceptedError@chrome://remote/content/shared/webdriver/Errors.sys.mjs:333:5\nE       webdriverClickElement@chrome://remote/content/marionette/interaction.sys.mjs:160:11\nE       interaction.clickElement@chrome://remote/content/marionette/interaction.sys.mjs:119:11\nE       clickElement@chrome://remote/content/marionette/actors/MarionetteCommandsChild.sys.mjs:202:29\nE       receiveMessage@chrome://remote/content/marionette/actors/MarionetteCommandsChild.sys.mjs:84:31\n\n..\\..\\AppData\\Local\\Programs\\Python\\Python312\\Lib\\site-packages\\selenium\\webdriver\\remote\\errorhandler.py:229: ElementClickInterceptedException\n\n------------------------------ Captured log call -------------------------------\nINFO     Test_Dashboard:test_Dashboard.py:76 ******************** Verifying Login Test **************************\nINFO     Test_Dashboard:test_Dashboard.py:87 ***************** Moved cursor to the left side *******************\nINFO     Test_Dashboard:test_Dashboard.py:94 ********************* Clicked on the Dashboard option. *********************\nINFO     Test_Dashboard:test_Dashboard.py:100 ******************* Moved cursor to the right side *************************\nINFO     Test_Dashboard:test_Dashboard.py:107 ********************* Clicked on the Filter button 1st time *********************\nINFO     Test_Dashboard:test_Dashboard.py:113 ********************* Select Active Filter *********************\nINFO     Test_Dashboard:test_Dashboard.py:122 &#39;/html/body/div[1]/div/div[1]/div/main/div[2]/div[1]/div[1]/div/div/div[2]/div[1]/div[1]/div[1]/div/label/span[2]/span&#39; is visible.\nINFO     Test_Dashboard:test_Dashboard.py:127 ********************* Active Filter Selected *********************\nINFO     Test_Dashboard:test_Dashboard.py:129 ********************* Clicked on the Filter button 2nd time *********************\n\n&#34;}], &#34;test_Dashboard.py::Test_Dashboard::test_Add_Account_003&#34;: [{&#34;extras&#34;: [], &#34;result&#34;: &#34;Failed&#34;, &#34;testId&#34;: &#34;test_Dashboard.py::Test_Dashboard::test_Add_Account_003&#34;, &#34;duration&#34;: &#34;00:00:23&#34;, &#34;resultsTableRow&#34;: [&#34;&lt;td class=\&#34;col-result\&#34;&gt;Failed&lt;/td&gt;&#34;, &#34;&lt;td class=\&#34;col-testId\&#34;&gt;test_Dashboard.py::Test_Dashboard::test_Add_Account_003&lt;/td&gt;&#34;, &#34;&lt;td class=\&#34;col-duration\&#34;&gt;00:00:23&lt;/td&gt;&#34;, &#34;&lt;td class=\&#34;col-links\&#34;&gt;&lt;/td&gt;&#34;], &#34;log&#34;: &#34;self = &amp;lt;testCases.test_Dashboard.Test_Dashboard object at 0x000001B0D2B81400&amp;gt;\nsetup = &amp;lt;selenium.webdriver.firefox.webdriver.WebDriver (session=\&#34;540fee81-6c8a-47d7-b046-c273e5fdf85b\&#34;)&amp;gt;\n\n    @pytest.mark.sanity\n    @pytest.mark.regression\n    def test_Add_Account_003(self, setup):\n        self.logger.info(\&#34;******************** Verifying Add Account Test **************************\&#34;)\n        self.driver = setup\n        self.driver.get(self.baseURL)\n        self.lp = Dashboard(self.driver)\n    \n        self.lp.setEmail(self.username)\n        self.lp.setPassword(self.password)\n        self.lp.clickLogin()\n    \n        wait = WebDriverWait(self.driver, 20)\n    \n        time.sleep(1)\n        self.logger.info(\&#34;***************** Moved cursor to the left side *******************\&#34;)\n        left_element = self.driver.find_element(By.XPATH, \&#34;/html/body/div[1]/div/div[1]/div/div/div\&#34;)\n        action = ActionChains(self.driver)\n        action.move_to_element(left_element)\n        action.perform()\n    \n        time.sleep(1)\n        self.logger.info(\&#34;********************* Clicked on the Dashboard option. *********************\&#34;)\n        dashboard_option = wait.until(\n            EC.element_to_be_clickable((By.XPATH, \&#34;/html/body/div[1]/div/div[1]/div/div/div/ul/li[1]/a/div\&#34;)))\n        dashboard_option.click()\n    \n        time.sleep(1)\n        self.logger.info(\&#34;******************* Moved cursor to the right side *************************\&#34;)\n        right_element = self.driver.find_element(By.XPATH, \&#34;/html/body/div[1]/div/div[1]/div/header/div/div/div[2]\&#34;)\n        action = ActionChains(self.driver)\n        action.move_to_element(right_element)\n        action.perform()\n    \n        time.sleep(1)\n        self.logger.info(\&#34;********************* Clicked on the Add_Account button *********************\&#34;)\n        add_account_button = wait.until(EC.element_to_be_clickable(\n            (By.XPATH, \&#34;/html/body/div[1]/div/div[1]/div/main/div[2]/div[1]/div[1]/div/div/div[1]/div[2]/button\&#34;)))\n        add_account_button.click()\n    \n        time.sleep(1)\n        self.logger.info(\&#34;********************* Clicked on the Alpha button *********************\&#34;)\n        alpha_button = wait.until(EC.element_to_be_clickable(\n            (By.XPATH, \&#34;/html/body/div[1]/div/div[1]/div/main/div[2]/div/div[1]/div/div/div/button[1]\&#34;)))\n        alpha_button.click()\n    \n        time.sleep(1)\n        self.logger.info(\&#34;********************* Scrolling down to make an element visible *********************\&#34;)\n        alpha_pro_10K_button = self.driver.find_element(By.XPATH,\n                                                        \&#34;/html/body/div[1]/div/div[1]/div/main/div[2]/div/div[3]/div[1]/div[1]/div[2]/div[1]/div/button\&#34;)\n        self.driver.execute_script(\&#34;arguments[0].scrollIntoView(true);\&#34;, alpha_pro_10K_button)\n        time.sleep(1)\n    \n        time.sleep(1)\n        self.logger.info(\&#34;********************* Clicked on the alpha_pro_10K button *********************\&#34;)\n        alpha_pro_10K_button = wait.until(EC.element_to_be_clickable((By.XPATH,\n                                                                      \&#34;/html/body/div[1]/div/div[1]/div/main/div[2]/div/div[3]/div[1]/div[1]/div[2]/div[1]/div/button\&#34;)))\n        alpha_pro_10K_button.click()\n    \n        time.sleep(1)\n        self.logger.info(\&#34;********************* Clear and Send Keys to First_Name *********************\&#34;)\n        first_name_input = self.driver.find_element(By.XPATH,\n                                                    \&#34;/html/body/div[1]/div/div[1]/div/div[2]/div[2]/div[1]/div/div[2]/div[1]/div[1]/div/input\&#34;)\n        first_name_input.clear()\n        first_name_input.send_keys(\&#34;Testuser\&#34;)\n    \n        time.sleep(1)\n        self.logger.info(\&#34;********************* Clear and Send Keys to Last_Name *********************\&#34;)\n        last_name = self.driver.find_element(By.XPATH,\n                                             \&#34;/html/body/div[1]/div/div[1]/div/div[2]/div[2]/div[1]/div/div[2]/div[1]/div[2]/div/input\&#34;)\n        last_name.clear()\n        last_name.send_keys(\&#34;1234\&#34;)\n    \n        time.sleep(1)\n        self.logger.info(\&#34;********************* Clear and Send Keys to Email_Id *********************\&#34;)\n        email_input = self.driver.find_element(By.XPATH,\n                                               \&#34;/html/body/div[1]/div/div[1]/div/div[2]/div[2]/div[1]/div/div[2]/div[2]/div/input\&#34;)\n        email_input.clear()\n        email_input.send_keys(\&#34;kobox34324@about27.com\&#34;)\n    \n        time.sleep(1)\n        self.logger.info(\n            \&#34;********************* Scrolling down to make an element visible country dropdown Scroll *********************\&#34;)\n        country_dropdown_Scroll = self.driver.find_element(By.XPATH,\n                                                           \&#34;/html/body/div[1]/div/div[1]/div/div[2]/div[2]/div[1]/div/div[2]/div[3]/div/div[2]/div/div/input\&#34;)\n        self.driver.execute_script(\&#34;arguments[0].scrollIntoView(true);\&#34;, country_dropdown_Scroll)\n    \n        time.sleep(1)\n        self.logger.info(\&#34;********************* Clicked on the Country dropdown *********************\&#34;)\n        country_dropdown = wait.until(EC.element_to_be_clickable((By.XPATH,\n                                                                  \&#34;/html/body/div[1]/div/div[1]/div/div[2]/div[2]/div[1]/div/div[2]/div[3]/div/div[2]/div/div/input\&#34;)))\n        country_dropdown.click()\n    \n        time.sleep(1)\n        self.logger.info(\n            \&#34;********************* Selected &#39;India&#39; from the dropdown and pressed ENTER *********************\&#34;)\n        country_dropdown.send_keys(Keys.RETURN)\n    \n        time.sleep(1)\n        self.logger.info(\&#34;********************* Clicked on the coin base checkbox *********************\&#34;)\n        coin_base_checkbox = wait.until(EC.element_to_be_clickable(\n            (By.XPATH, \&#34;/html/body/div[1]/div/div[1]/div/div[2]/div[2]/div[1]/div/div[4]/div[2]/label\&#34;)))\n&amp;gt;       coin_base_checkbox.click()\n\ntestCases\\test_Dashboard.py:302: \n_ _ _ _ _ _ _ _ _ _ _ _ _ _ _ _ _ _ _ _ _ _ _ _ _ _ _ _ _ _ _ _ _ _ _ _ _ _ _ _ _ _ _ _ _ _ _ _ _ _ _ _ _ _ _ _ _ _ _ _ _ _ _ _ _ _ _ _ _ _ _ _ _ _\n..\\..\\AppData\\Local\\Programs\\Python\\Python312\\Lib\\site-packages\\selenium\\webdriver\\remote\\webelement.py:93: in click\n    self._execute(Command.CLICK_ELEMENT)\n..\\..\\AppData\\Local\\Programs\\Python\\Python312\\Lib\\site-packages\\selenium\\webdriver\\remote\\webelement.py:394: in _execute\n    return self._parent.execute(command, params)\n..\\..\\AppData\\Local\\Programs\\Python\\Python312\\Lib\\site-packages\\selenium\\webdriver\\remote\\webdriver.py:344: in execute\n    self.error_handler.check_response(response)\n_ _ _ _ _ _ _ _ _ _ _ _ _ _ _ _ _ _ _ _ _ _ _ _ _ _ _ _ _ _ _ _ _ _ _ _ _ _ _ _ _ _ _ _ _ _ _ _ _ _ _ _ _ _ _ _ _ _ _ _ _ _ _ _ _ _ _ _ _ _ _ _ _ _\n\nself = &amp;lt;selenium.webdriver.remote.errorhandler.ErrorHandler object at 0x000001B0D34F04A0&amp;gt;\nresponse = {&#39;status&#39;: 400, &#39;value&#39;: &#39;{\&#34;value\&#34;:{\&#34;error\&#34;:\&#34;element not interactable\&#34;,\&#34;message\&#34;:\&#34;Element &amp;lt;label&amp;gt; could not be scrolle...sys.mjs:202:29\\\\nreceiveMessage@chrome://remote/content/marionette/actors/MarionetteCommandsChild.sys.mjs:84:31\\\\n\&#34;}}&#39;}\n\n    def check_response(self, response: Dict[str, Any]) -&amp;gt; None:\n        \&#34;\&#34;\&#34;Checks that a JSON response from the WebDriver does not have an\n        error.\n    \n        :Args:\n         - response - The JSON response from the WebDriver server as a dictionary\n           object.\n    \n        :Raises: If the response contains an error message.\n        \&#34;\&#34;\&#34;\n        status = response.get(\&#34;status\&#34;, None)\n        if not status or status == ErrorCode.SUCCESS:\n            return\n        value = None\n        message = response.get(\&#34;message\&#34;, \&#34;\&#34;)\n        screen: str = response.get(\&#34;screen\&#34;, \&#34;\&#34;)\n        stacktrace = None\n        if isinstance(status, int):\n            value_json = response.get(\&#34;value\&#34;, None)\n            if value_json and isinstance(value_json, str):\n                import json\n    \n                try:\n                    value = json.loads(value_json)\n                    if len(value) == 1:\n                        value = value[\&#34;value\&#34;]\n                    status = value.get(\&#34;error\&#34;, None)\n                    if not status:\n                        status = value.get(\&#34;status\&#34;, ErrorCode.UNKNOWN_ERROR)\n                        message = value.get(\&#34;value\&#34;) or value.get(\&#34;message\&#34;)\n                        if not isinstance(message, str):\n                            value = message\n                            message = message.get(\&#34;message\&#34;)\n                    else:\n                        message = value.get(\&#34;message\&#34;, None)\n                except ValueError:\n                    pass\n    \n        exception_class: Type[WebDriverException]\n        e = ErrorCode()\n        error_codes = [item for item in dir(e) if not item.startswith(\&#34;__\&#34;)]\n        for error_code in error_codes:\n            error_info = getattr(ErrorCode, error_code)\n            if isinstance(error_info, list) and status in error_info:\n                exception_class = getattr(ExceptionMapping, error_code, WebDriverException)\n                break\n        else:\n            exception_class = WebDriverException\n    \n        if not value:\n            value = response[\&#34;value\&#34;]\n        if isinstance(value, str):\n            raise exception_class(value)\n        if message == \&#34;\&#34; and \&#34;message\&#34; in value:\n            message = value[\&#34;message\&#34;]\n    \n        screen = None  # type: ignore[assignment]\n        if \&#34;screen\&#34; in value:\n            screen = value[\&#34;screen\&#34;]\n    \n        stacktrace = None\n        st_value = value.get(\&#34;stackTrace\&#34;) or value.get(\&#34;stacktrace\&#34;)\n        if st_value:\n            if isinstance(st_value, str):\n                stacktrace = st_value.split(\&#34;\\n\&#34;)\n            else:\n                stacktrace = []\n                try:\n                    for frame in st_value:\n                        line = frame.get(\&#34;lineNumber\&#34;, \&#34;\&#34;)\n                        file = frame.get(\&#34;fileName\&#34;, \&#34;&amp;lt;anonymous&amp;gt;\&#34;)\n                        if line:\n                            file = f\&#34;{file}:{line}\&#34;\n                        meth = frame.get(\&#34;methodName\&#34;, \&#34;&amp;lt;anonymous&amp;gt;\&#34;)\n                        if \&#34;className\&#34; in frame:\n                            meth = f\&#34;{frame[&#39;className&#39;]}.{meth}\&#34;\n                        msg = \&#34;    at %s (%s)\&#34;\n                        msg = msg % (meth, file)\n                        stacktrace.append(msg)\n                except TypeError:\n                    pass\n        if exception_class == UnexpectedAlertPresentException:\n            alert_text = None\n            if \&#34;data\&#34; in value:\n                alert_text = value[\&#34;data\&#34;].get(\&#34;text\&#34;)\n            elif \&#34;alert\&#34; in value:\n                alert_text = value[\&#34;alert\&#34;].get(\&#34;text\&#34;)\n            raise exception_class(message, screen, stacktrace, alert_text)  # type: ignore[call-arg]  # mypy is not smart enough here\n&amp;gt;       raise exception_class(message, screen, stacktrace)\nE       selenium.common.exceptions.ElementNotInteractableException: Message: Element &amp;lt;label&amp;gt; could not be scrolled into view\nE       Stacktrace:\nE       RemoteError@chrome://remote/content/shared/RemoteError.sys.mjs:8:8\nE       WebDriverError@chrome://remote/content/shared/webdriver/Errors.sys.mjs:189:5\nE       ElementNotInteractableError@chrome://remote/content/shared/webdriver/Errors.sys.mjs:349:5\nE       webdriverClickElement@chrome://remote/content/marionette/interaction.sys.mjs:150:11\nE       interaction.clickElement@chrome://remote/content/marionette/interaction.sys.mjs:119:11\nE       clickElement@chrome://remote/content/marionette/actors/MarionetteCommandsChild.sys.mjs:202:29\nE       receiveMessage@chrome://remote/content/marionette/actors/MarionetteCommandsChild.sys.mjs:84:31\n\n..\\..\\AppData\\Local\\Programs\\Python\\Python312\\Lib\\site-packages\\selenium\\webdriver\\remote\\errorhandler.py:229: ElementNotInteractableException\n\n------------------------------ Captured log call -------------------------------\nINFO     Test_Dashboard:test_Dashboard.py:203 ******************** Verifying Add Account Test **************************\nINFO     Test_Dashboard:test_Dashboard.py:215 ***************** Moved cursor to the left side *******************\nINFO     Test_Dashboard:test_Dashboard.py:222 ********************* Clicked on the Dashboard option. *********************\nINFO     Test_Dashboard:test_Dashboard.py:228 ******************* Moved cursor to the right side *************************\nINFO     Test_Dashboard:test_Dashboard.py:235 ********************* Clicked on the Add_Account button *********************\nINFO     Test_Dashboard:test_Dashboard.py:241 ********************* Clicked on the Alpha button *********************\nINFO     Test_Dashboard:test_Dashboard.py:247 ********************* Scrolling down to make an element visible *********************\nINFO     Test_Dashboard:test_Dashboard.py:254 ********************* Clicked on the alpha_pro_10K button *********************\nINFO     Test_Dashboard:test_Dashboard.py:260 ********************* Clear and Send Keys to First_Name *********************\nINFO     Test_Dashboard:test_Dashboard.py:267 ********************* Clear and Send Keys to Last_Name *********************\nINFO     Test_Dashboard:test_Dashboard.py:274 ********************* Clear and Send Keys to Email_Id *********************\nINFO     Test_Dashboard:test_Dashboard.py:281 ********************* Scrolling down to make an element visible country dropdown Scroll *********************\nINFO     Test_Dashboard:test_Dashboard.py:288 ********************* Clicked on the Country dropdown *********************\nINFO     Test_Dashboard:test_Dashboard.py:294 ********************* Selected &#39;India&#39; from the dropdown and pressed ENTER *********************\nINFO     Test_Dashboard:test_Dashboard.py:299 ********************* Clicked on the coin base checkbox *********************\n\n&#34;}], &#34;test_Dashboard.py::Test_Dashboard::test_Exit_Add_Account_004&#34;: [{&#34;extras&#34;: [], &#34;result&#34;: &#34;Passed&#34;, &#34;testId&#34;: &#34;test_Dashboard.py::Test_Dashboard::test_Exit_Add_Account_004&#34;, &#34;duration&#34;: &#34;00:00:21&#34;, &#34;resultsTableRow&#34;: [&#34;&lt;td class=\&#34;col-result\&#34;&gt;Passed&lt;/td&gt;&#34;, &#34;&lt;td class=\&#34;col-testId\&#34;&gt;test_Dashboard.py::Test_Dashboard::test_Exit_Add_Account_004&lt;/td&gt;&#34;, &#34;&lt;td class=\&#34;col-duration\&#34;&gt;00:00:21&lt;/td&gt;&#34;, &#34;&lt;td class=\&#34;col-links\&#34;&gt;&lt;/td&gt;&#34;], &#34;log&#34;: &#34;------------------------------ Captured log call -------------------------------\nINFO     Test_Dashboard:test_Dashboard.py:358 ******************** Verifying Login Test **************************\nINFO     Test_Dashboard:test_Dashboard.py:368 ***************** Moved cursor to the left side *******************\nINFO     Test_Dashboard:test_Dashboard.py:375 ********************* Clicked on the Dashboard option. *********************\nINFO     Test_Dashboard:test_Dashboard.py:380 ******************* Moved cursor to the right side *************************\nINFO     Test_Dashboard:test_Dashboard.py:386 ******************* Click to Add Account *************************\nINFO     Test_Dashboard:test_Dashboard.py:391 ******************* Click to Alpha Pro *************************\nINFO     Test_Dashboard:test_Dashboard.py:398 ********************* Scrolling down to make an element visible *********************\nINFO     Test_Dashboard:test_Dashboard.py:404 ********************* Clicked on the alpha_pro_10K button *********************\nINFO     Test_Dashboard:test_Dashboard.py:409 ******************* Click to Exit Alpha Pro *************************\nINFO     Test_Dashboard:test_Dashboard.py:415 ******************* Click Free Trial *************************\nINFO     Test_Dashboard:test_Dashboard.py:422 ********************* Scrolling down to make an element visible Try Now *********************\nINFO     Test_Dashboard:test_Dashboard.py:428 ********************* Clicked on the Free_tral_200K_Try_Now button *********************\nINFO     Test_Dashboard:test_Dashboard.py:433 ******************* Click to Exit Free Tral *************************\nINFO     Test_Dashboard:test_Dashboard.py:439 ************* All actions completed test_Exit_Add_Account_007 passed *********************\n\n&#34;}], &#34;test_Dashboard.py::Test_Dashboard::test_start_now_for_free_trail_005&#34;: [{&#34;extras&#34;: [], &#34;result&#34;: &#34;Passed&#34;, &#34;testId&#34;: &#34;test_Dashboard.py::Test_Dashboard::test_start_now_for_free_trail_005&#34;, &#34;duration&#34;: &#34;00:00:18&#34;, &#34;resultsTableRow&#34;: [&#34;&lt;td class=\&#34;col-result\&#34;&gt;Passed&lt;/td&gt;&#34;, &#34;&lt;td class=\&#34;col-testId\&#34;&gt;test_Dashboard.py::Test_Dashboard::test_start_now_for_free_trail_005&lt;/td&gt;&#34;, &#34;&lt;td class=\&#34;col-duration\&#34;&gt;00:00:18&lt;/td&gt;&#34;, &#34;&lt;td class=\&#34;col-links\&#34;&gt;&lt;/td&gt;&#34;], &#34;log&#34;: &#34;------------------------------ Captured log call -------------------------------\nINFO     Test_Dashboard:test_Dashboard.py:444 ******************** test_start_now_for_free_trail_008 started **************************\nINFO     Test_Dashboard:test_Dashboard.py:446 ******************** Verifying Login Test **************************\nINFO     Test_Dashboard:test_Dashboard.py:456 ***************** Moved cursor to the left side *******************\nINFO     Test_Dashboard:test_Dashboard.py:463 ********************* Clicked on the Dashboard option. *********************\nINFO     Test_Dashboard:test_Dashboard.py:469 ******************* Moved cursor to the right side *************************\nINFO     Test_Dashboard:test_Dashboard.py:476 ********************* scrolling down to start now for free trail *********************\nINFO     Test_Dashboard:test_Dashboard.py:482 ********************* Click to start now for free trail *********************\nINFO     Test_Dashboard:test_Dashboard.py:490 Actual Add Account Title: Alpha Capital\nINFO     Test_Dashboard:test_Dashboard.py:493  ************************* start now for free trail Title is as expected. ******************************\nINFO     Test_Dashboard:test_Dashboard.py:497 ****************** start now for free trail Test is Passed ************************\nINFO     Test_Dashboard:test_Dashboard.py:505 ************* start_now_for_free_trail_008 Test Passed *********************\n\n&#34;}], &#34;test_Dashboard.py::Test_Dashboard::test_start_now_for_Alpha_Pro_006&#34;: [{&#34;extras&#34;: [], &#34;result&#34;: &#34;Passed&#34;, &#34;testId&#34;: &#34;test_Dashboard.py::Test_Dashboard::test_start_now_for_Alpha_Pro_006&#34;, &#34;duration&#34;: &#34;00:00:18&#34;, &#34;resultsTableRow&#34;: [&#34;&lt;td class=\&#34;col-result\&#34;&gt;Passed&lt;/td&gt;&#34;, &#34;&lt;td class=\&#34;col-testId\&#34;&gt;test_Dashboard.py::Test_Dashboard::test_start_now_for_Alpha_Pro_006&lt;/td&gt;&#34;, &#34;&lt;td class=\&#34;col-duration\&#34;&gt;00:00:18&lt;/td&gt;&#34;, &#34;&lt;td class=\&#34;col-links\&#34;&gt;&lt;/td&gt;&#34;], &#34;log&#34;: &#34;------------------------------ Captured log call -------------------------------\nINFO     Test_Dashboard:test_Dashboard.py:510 ******************** test_start_now_for_Alpha_Pro_006 started **************************\nINFO     Test_Dashboard:test_Dashboard.py:512 ******************** Verifying Login Test **************************\nINFO     Test_Dashboard:test_Dashboard.py:522 ***************** Moved cursor to the left side *******************\nINFO     Test_Dashboard:test_Dashboard.py:529 ********************* Clicked on the Dashboard option. *********************\nINFO     Test_Dashboard:test_Dashboard.py:535 ******************* Moved cursor to the right side *************************\nINFO     Test_Dashboard:test_Dashboard.py:543 ********************* scrolling down to start now for free trail *********************\nINFO     Test_Dashboard:test_Dashboard.py:550 ********************* Click to start now for Alpha Pro *********************\nINFO     Test_Dashboard:test_Dashboard.py:558 Actual Add Account Title: Alpha Capital\nINFO     Test_Dashboard:test_Dashboard.py:561  ************************* start now for Alpha Pro Title is as expected. ******************************\nINFO     Test_Dashboard:test_Dashboard.py:565 ****************** start now for Alpha Pro Test is Passed ************************\nINFO     Test_Dashboard:test_Dashboard.py:575 ************* test_start_now_for_Alpha_Pro_006 Test Passed *********************\n\n&#34;}], &#34;test_Dashboard.py::Test_Dashboard::test_Check_all_Boxes_Avalable_007&#34;: [{&#34;extras&#34;: [], &#34;result&#34;: &#34;Passed&#34;, &#34;testId&#34;: &#34;test_Dashboard.py::Test_Dashboard::test_Check_all_Boxes_Avalable_007&#34;, &#34;duration&#34;: &#34;00:00:14&#34;, &#34;resultsTableRow&#34;: [&#34;&lt;td class=\&#34;col-result\&#34;&gt;Passed&lt;/td&gt;&#34;, &#34;&lt;td class=\&#34;col-testId\&#34;&gt;test_Dashboard.py::Test_Dashboard::test_Check_all_Boxes_Avalable_007&lt;/td&gt;&#34;, &#34;&lt;td class=\&#34;col-duration\&#34;&gt;00:00:14&lt;/td&gt;&#34;, &#34;&lt;td class=\&#34;col-links\&#34;&gt;&lt;/td&gt;&#34;], &#34;log&#34;: &#34;------------------------------ Captured log call -------------------------------\nINFO     Test_Dashboard:test_Dashboard.py:580 *************** test_Check_all_Boxes_Avalable_007 test case started *********************\nINFO     Test_Dashboard:test_Dashboard.py:581 ******************** Verifying Login Test **************************\nINFO     Test_Dashboard:test_Dashboard.py:592 ***************** Moved cursor to the left side *******************\nINFO     Test_Dashboard:test_Dashboard.py:599 ********************* Clicked on the Dashboard option. *********************\nINFO     Test_Dashboard:test_Dashboard.py:605 ******************* Moved cursor to the right side *************************\nINFO     Test_Dashboard:test_Dashboard.py:612 ******************* check Trader Badge Box visible or Not *************************\nINFO     Test_Dashboard:test_Dashboard.py:618 &#39;/html/body/div[1]/div/div[1]/div/main/div[2]/div[1]/div[2]/div/div/div&#39; is visible.\nINFO     Test_Dashboard:test_Dashboard.py:623 ******************* Trader Badge Box visible *************************\nINFO     Test_Dashboard:test_Dashboard.py:625 ******************* Check ACTIVE ACCOUNTS Box visible or Not *************************\nINFO     Test_Dashboard:test_Dashboard.py:633 &#39;/html/body/div[1]/div/div[1]/div/main/div[2]/div[1]/div[1]/div/div&#39; is visible.\nINFO     Test_Dashboard:test_Dashboard.py:638 ******************* ACTIVE ACCOUNTS Box visible *************************\nINFO     Test_Dashboard:test_Dashboard.py:640 ******************* DISCORD ANNOUNCEMENTS Box visible or Not *************************\nINFO     Test_Dashboard:test_Dashboard.py:648 &#39;/html/body/div[1]/div/div[1]/div/main/div[2]/div[2]/div[1]/div[1]/div&#39; is visible.\nINFO     Test_Dashboard:test_Dashboard.py:653 ******************* DISCORD ANNOUNCEMENTS Box visible *************************\nINFO     Test_Dashboard:test_Dashboard.py:655 ******************* TWITTER UPDATES Box visible or Not *************************\nINFO     Test_Dashboard:test_Dashboard.py:663 &#39;/html/body/div[1]/div/div[1]/div/main/div[2]/div[2]/div[1]/div[1]/div&#39; is visible.\nINFO     Test_Dashboard:test_Dashboard.py:668 ******************* TWITTER UPDATES Box visible *************************\nINFO     Test_Dashboard:test_Dashboard.py:670 ******************* CHALLENGES Box visible or Not *************************\nINFO     Test_Dashboard:test_Dashboard.py:678 &#39;/html/body/div[1]/div/div[1]/div/main/div[2]/div[2]/div[3]/div&#39; is visible.\nINFO     Test_Dashboard:test_Dashboard.py:683 ******************* CHALLENGES Box visible *************************\nINFO     Test_Dashboard:test_Dashboard.py:685 ******************* test_Check_all_Boxes_Avalable_007 test case Pass *************************\n\n&#34;}], &#34;test_Get_Started.py::Test_GetStarted::test_GetStarted_Section&#34;: [{&#34;extras&#34;: [], &#34;result&#34;: &#34;Passed&#34;, &#34;testId&#34;: &#34;test_Get_Started.py::Test_GetStarted::test_GetStarted_Section&#34;, &#34;duration&#34;: &#34;00:00:16&#34;, &#34;resultsTableRow&#34;: [&#34;&lt;td class=\&#34;col-result\&#34;&gt;Passed&lt;/td&gt;&#34;, &#34;&lt;td class=\&#34;col-testId\&#34;&gt;test_Get_Started.py::Test_GetStarted::test_GetStarted_Section&lt;/td&gt;&#34;, &#34;&lt;td class=\&#34;col-duration\&#34;&gt;00:00:16&lt;/td&gt;&#34;, &#34;&lt;td class=\&#34;col-links\&#34;&gt;&lt;/td&gt;&#34;], &#34;log&#34;: &#34;------------------------------ Captured log call -------------------------------\nINFO     Test_GetStarted:test_Get_Started.py:26 ******************** Verifying Get Started Section Test **************************\nINFO     Test_GetStarted:test_Get_Started.py:37 ***************** Moved cursor to the left side *******************\nINFO     Test_GetStarted:test_Get_Started.py:44 ********************* Clicked on the Get Started option. *********************\nINFO     Test_GetStarted:test_Get_Started.py:51 ***************** Moved cursor to the right side for Get Started *******************\nINFO     Test_GetStarted:test_Get_Started.py:62 Actual Get Started Page Title: Alpha Capital\nINFO     Test_GetStarted:test_Get_Started.py:65 Get Started Section Test Passed: Page title is as expected.\nINFO     Test_GetStarted:test_Get_Started.py:72 ****************** Get Started Section Test is completed ************************\nINFO     Test_GetStarted:test_Get_Started.py:74  ************************** test_GetStarted_Section passed ************************\n\n&#34;}], &#34;test_Get_Started.py::Test_GetStarted::test_GetStarted_Section_See_Video_MT5_Login_Overview_002&#34;: [{&#34;extras&#34;: [], &#34;result&#34;: &#34;Passed&#34;, &#34;testId&#34;: &#34;test_Get_Started.py::Test_GetStarted::test_GetStarted_Section_See_Video_MT5_Login_Overview_002&#34;, &#34;duration&#34;: &#34;00:00:17&#34;, &#34;resultsTableRow&#34;: [&#34;&lt;td class=\&#34;col-result\&#34;&gt;Passed&lt;/td&gt;&#34;, &#34;&lt;td class=\&#34;col-testId\&#34;&gt;test_Get_Started.py::Test_GetStarted::test_GetStarted_Section_See_Video_MT5_Login_Overview_002&lt;/td&gt;&#34;, &#34;&lt;td class=\&#34;col-duration\&#34;&gt;00:00:17&lt;/td&gt;&#34;, &#34;&lt;td class=\&#34;col-links\&#34;&gt;&lt;/td&gt;&#34;], &#34;log&#34;: &#34;------------------------------ Captured log call -------------------------------\nINFO     Test_GetStarted:test_Get_Started.py:79 ******************** test_GetStarted_Section_See_Video_MT5_Login_Overview_002 Test Started **************************\nINFO     Test_GetStarted:test_Get_Started.py:80 ******************** Verifying Get Started Section Test **************************\nINFO     Test_GetStarted:test_Get_Started.py:91 ***************** Moved cursor to the left side *******************\nINFO     Test_GetStarted:test_Get_Started.py:98 ********************* Clicked on the Get Started option. *********************\nINFO     Test_GetStarted:test_Get_Started.py:105 ***************** Moved cursor to the right side for Get Started *******************\nINFO     Test_GetStarted:test_Get_Started.py:113 ******************* Click on play video Video MT5 Login Overview *************************\nINFO     Test_GetStarted:test_Get_Started.py:118 ******************* played video Video MT5 Login Overview *************************\nINFO     Test_GetStarted:test_Get_Started.py:120 ******************* Video Play Box visible or Not *************************\nERROR    Test_GetStarted:test_Get_Started.py:130 &#39;/html/body/div[1]/div&#39; is not visible. Screenshot Added\nINFO     Test_GetStarted:test_Get_Started.py:133 ******************* Video Play Box visible *************************\nINFO     Test_GetStarted:test_Get_Started.py:136 ****************** test_GetStarted_Section_See_Video_MT5_Login_Overview_002 Test is completed ************************\nINFO     Test_GetStarted:test_Get_Started.py:138  ************************** test_GetStarted_Section_See_Video_MT5_Login_Overview_002 passed ************************\n\n&#34;}], &#34;test_Logout.py::Test_Logout::test_Logout_001&#34;: [{&#34;extras&#34;: [], &#34;result&#34;: &#34;Passed&#34;, &#34;testId&#34;: &#34;test_Logout.py::Test_Logout::test_Logout_001&#34;, &#34;duration&#34;: &#34;00:00:14&#34;, &#34;resultsTableRow&#34;: [&#34;&lt;td class=\&#34;col-result\&#34;&gt;Passed&lt;/td&gt;&#34;, &#34;&lt;td class=\&#34;col-testId\&#34;&gt;test_Logout.py::Test_Logout::test_Logout_001&lt;/td&gt;&#34;, &#34;&lt;td class=\&#34;col-duration\&#34;&gt;00:00:14&lt;/td&gt;&#34;, &#34;&lt;td class=\&#34;col-links\&#34;&gt;&lt;/td&gt;&#34;], &#34;log&#34;: &#34;------------------------------ Captured log call -------------------------------\nINFO     Test_Logout:test_Logout.py:23 ******************** Test test_Logout_001 **************************\nINFO     Test_Logout:test_Logout.py:24 ******************** Verifying Logout Test **************************\nINFO     Test_Logout:test_Logout.py:35 ***************** Moved cursor to the left side *******************\nINFO     Test_Logout:test_Logout.py:44 ***************** Scrolling to view the Logout element *******************\nINFO     Test_Logout:test_Logout.py:51 ***************** Clicking on the Logout option *******************\nINFO     Test_Logout:test_Logout.py:57 Actual Page Title: Alpha Capital\nINFO     Test_Logout:test_Logout.py:60 Logout Test Passed: Page title is as expected.\nINFO     Test_Logout:test_Logout.py:68 ****************** Logout Test is completed ************************\nINFO     Test_Logout:test_Logout.py:70  ************************** test_Logout passed ************************\n\n&#34;}], &#34;test_Payment.py::Test_PaymentFundingEvaluation::test_PaymentFundingEvaluation_Section_001&#34;: [{&#34;extras&#34;: [], &#34;result&#34;: &#34;Passed&#34;, &#34;testId&#34;: &#34;test_Payment.py::Test_PaymentFundingEvaluation::test_PaymentFundingEvaluation_Section_001&#34;, &#34;duration&#34;: &#34;00:00:40&#34;, &#34;resultsTableRow&#34;: [&#34;&lt;td class=\&#34;col-result\&#34;&gt;Passed&lt;/td&gt;&#34;, &#34;&lt;td class=\&#34;col-testId\&#34;&gt;test_Payment.py::Test_PaymentFundingEvaluation::test_PaymentFundingEvaluation_Section_001&lt;/td&gt;&#34;, &#34;&lt;td class=\&#34;col-duration\&#34;&gt;00:00:40&lt;/td&gt;&#34;, &#34;&lt;td class=\&#34;col-links\&#34;&gt;&lt;/td&gt;&#34;], &#34;log&#34;: &#34;------------------------------ Captured log call -------------------------------\nINFO     Test_PaymentFundingEvaluation:test_Payment.py:27 ******************** test_PaymentFundingEvaluation_Section_001 Test case start **************************\nINFO     Test_PaymentFundingEvaluation:test_Payment.py:28 ******************** Verifying Payment Funding Evaluation Section Test **************************\nINFO     Test_PaymentFundingEvaluation:test_Payment.py:39 ***************** Moved cursor to the left side *******************\nINFO     Test_PaymentFundingEvaluation:test_Payment.py:46 ********************* Clicked on the Payment Funding Evaluation option. *********************\nINFO     Test_PaymentFundingEvaluation:test_Payment.py:60 ***************** Moved cursor to the right side for Payment Funding Evaluation *******************\nINFO     Test_PaymentFundingEvaluation:test_Payment.py:71 Actual Payment Funding Evaluation Page Title: Alpha Capital\nINFO     Test_PaymentFundingEvaluation:test_Payment.py:74 Payment Funding Evaluation Section Test Passed: Page title is as expected.\nINFO     Test_PaymentFundingEvaluation:test_Payment.py:81 ****************** Payment Funding Evaluation Section Test is completed ************************\nINFO     Test_PaymentFundingEvaluation:test_Payment.py:83 ************************** test_PaymentFundingEvaluation_Section_001 passed ************************\n\n&#34;}], &#34;test_Payment.py::Test_PaymentFundingEvaluation::test_PaymentHistory_Section_003&#34;: [{&#34;extras&#34;: [], &#34;result&#34;: &#34;Passed&#34;, &#34;testId&#34;: &#34;test_Payment.py::Test_PaymentFundingEvaluation::test_PaymentHistory_Section_003&#34;, &#34;duration&#34;: &#34;00:00:17&#34;, &#34;resultsTableRow&#34;: [&#34;&lt;td class=\&#34;col-result\&#34;&gt;Passed&lt;/td&gt;&#34;, &#34;&lt;td class=\&#34;col-testId\&#34;&gt;test_Payment.py::Test_PaymentFundingEvaluation::test_PaymentHistory_Section_003&lt;/td&gt;&#34;, &#34;&lt;td class=\&#34;col-duration\&#34;&gt;00:00:17&lt;/td&gt;&#34;, &#34;&lt;td class=\&#34;col-links\&#34;&gt;&lt;/td&gt;&#34;], &#34;log&#34;: &#34;------------------------------ Captured log call -------------------------------\nINFO     Test_PaymentFundingEvaluation:test_Payment.py:237 ******************** Verifying Payment History Section Test **************************\nINFO     Test_PaymentFundingEvaluation:test_Payment.py:248 ***************** Moved cursor to the left side *******************\nINFO     Test_PaymentFundingEvaluation:test_Payment.py:255 ********************* Clicked on the Payment History option. *********************\nINFO     Test_PaymentFundingEvaluation:test_Payment.py:269 ***************** Moved cursor to the right side for Payment History *******************\nINFO     Test_PaymentFundingEvaluation:test_Payment.py:280 Actual Payment History Page Title: Alpha Capital\nINFO     Test_PaymentFundingEvaluation:test_Payment.py:283 Payment History Section Test Passed: Page title is as expected.\nINFO     Test_PaymentFundingEvaluation:test_Payment.py:290 ****************** test_PaymentHistory_Section_003 Test is completed ************************\nINFO     Test_PaymentFundingEvaluation:test_Payment.py:292 ************************** test_PaymentHistory_Section_003 passed ************************\n\n&#34;}], &#34;test_Payment.py::Test_PaymentFundingEvaluation::test_FAQ_Section_004&#34;: [{&#34;extras&#34;: [], &#34;result&#34;: &#34;Passed&#34;, &#34;testId&#34;: &#34;test_Payment.py::Test_PaymentFundingEvaluation::test_FAQ_Section_004&#34;, &#34;duration&#34;: &#34;00:00:36&#34;, &#34;resultsTableRow&#34;: [&#34;&lt;td class=\&#34;col-result\&#34;&gt;Passed&lt;/td&gt;&#34;, &#34;&lt;td class=\&#34;col-testId\&#34;&gt;test_Payment.py::Test_PaymentFundingEvaluation::test_FAQ_Section_004&lt;/td&gt;&#34;, &#34;&lt;td class=\&#34;col-duration\&#34;&gt;00:00:36&lt;/td&gt;&#34;, &#34;&lt;td class=\&#34;col-links\&#34;&gt;&lt;/td&gt;&#34;], &#34;log&#34;: &#34;------------------------------ Captured log call -------------------------------\nINFO     Test_PaymentFundingEvaluation:test_Payment.py:297 ******************** Verifying FAQ Section Test **************************\nINFO     Test_PaymentFundingEvaluation:test_Payment.py:308 ***************** Moved cursor to the left side *******************\nINFO     Test_PaymentFundingEvaluation:test_Payment.py:315 ********************* Clicked on the FAQ option. *********************\nINFO     Test_PaymentFundingEvaluation:test_Payment.py:334 Actual FAQ Page Title: Alpha Capital Help Center\nINFO     Test_PaymentFundingEvaluation:test_Payment.py:337 FAQ Section Test Passed: Page title is as expected.\nINFO     Test_PaymentFundingEvaluation:test_Payment.py:349 ****************** FAQ Section Test is completed ************************\nINFO     Test_PaymentFundingEvaluation:test_Payment.py:351 ************************** test_FAQ_Section_004 passed ************************\n\n&#34;}], &#34;test_Profile.py::Test_Profile::test_Profile_Section_001&#34;: [{&#34;extras&#34;: [], &#34;result&#34;: &#34;Passed&#34;, &#34;testId&#34;: &#34;test_Profile.py::Test_Profile::test_Profile_Section_001&#34;, &#34;duration&#34;: &#34;00:00:17&#34;, &#34;resultsTableRow&#34;: [&#34;&lt;td class=\&#34;col-result\&#34;&gt;Passed&lt;/td&gt;&#34;, &#34;&lt;td class=\&#34;col-testId\&#34;&gt;test_Profile.py::Test_Profile::test_Profile_Section_001&lt;/td&gt;&#34;, &#34;&lt;td class=\&#34;col-duration\&#34;&gt;00:00:17&lt;/td&gt;&#34;, &#34;&lt;td class=\&#34;col-links\&#34;&gt;&lt;/td&gt;&#34;], &#34;log&#34;: &#34;------------------------------ Captured log call -------------------------------\nINFO     Test_Profile:test_Profile.py:23 ******************** test_Profile_Section_008 Test case Started **************************\nINFO     Test_Profile:test_Profile.py:24 ******************** Verifying Profile Section Test **************************\nINFO     Test_Profile:test_Profile.py:35 ***************** Moved cursor to the left side *******************\nINFO     Test_Profile:test_Profile.py:42 ********************* Clicked on the Profile option. *********************\nINFO     Test_Profile:test_Profile.py:49 ***************** Moved cursor to the right side *******************\nINFO     Test_Profile:test_Profile.py:60 Actual Profile Page Title: Alpha Capital\nINFO     Test_Profile:test_Profile.py:63 Profile Section Test Passed: Page title is as expected.\nINFO     Test_Profile:test_Profile.py:71 ****************** Profile Section Test is completed ************************\nINFO     Test_Profile:test_Profile.py:73  ************************** test_Profile_Section_008 passed ************************\n\n&#34;}], &#34;test_Profile.py::Test_Profile::test_General_Information_002&#34;: [{&#34;extras&#34;: [], &#34;result&#34;: &#34;Passed&#34;, &#34;testId&#34;: &#34;test_Profile.py::Test_Profile::test_General_Information_002&#34;, &#34;duration&#34;: &#34;00:00:57&#34;, &#34;resultsTableRow&#34;: [&#34;&lt;td class=\&#34;col-result\&#34;&gt;Passed&lt;/td&gt;&#34;, &#34;&lt;td class=\&#34;col-testId\&#34;&gt;test_Profile.py::Test_Profile::test_General_Information_002&lt;/td&gt;&#34;, &#34;&lt;td class=\&#34;col-duration\&#34;&gt;00:00:57&lt;/td&gt;&#34;, &#34;&lt;td class=\&#34;col-links\&#34;&gt;&lt;/td&gt;&#34;], &#34;log&#34;: &#34;------------------------------ Captured log call -------------------------------\nINFO     Test_Profile:test_Profile.py:79 ******************** test_General_Information_009 Test case Started **************************\nINFO     Test_Profile:test_Profile.py:80 ******************** Verifying Profile Section Test **************************\nINFO     Test_Profile:test_Profile.py:91 ***************** Moved cursor to the left side *******************\nINFO     Test_Profile:test_Profile.py:98 ********************* Clicked on the Profile option. *********************\nINFO     Test_Profile:test_Profile.py:105 ***************** Moved cursor to the right side *******************\nINFO     Test_Profile:test_Profile.py:113 ***************** Check My profile Box *******************\nINFO     Test_Profile:test_Profile.py:114 ***************** Verify First Name sending or not *******************\nINFO     Test_Profile:test_Profile.py:118 ***************** Clear the First Name textbox *******************\nINFO     Test_Profile:test_Profile.py:122 ***************** Send First Name textbox *******************\nINFO     Test_Profile:test_Profile.py:126 ***************** Verify Last Name sending or not *******************\nINFO     Test_Profile:test_Profile.py:130 ***************** Clear the Last Name textbox *******************\nINFO     Test_Profile:test_Profile.py:134 ***************** Send Last Name textbox *******************\nINFO     Test_Profile:test_Profile.py:138 ***************** clear Contact Number textbox *******************\nINFO     Test_Profile:test_Profile.py:144 ***************** send Contact Number textbox *******************\nINFO     Test_Profile:test_Profile.py:148 ***************** Clear City textbox *******************\nINFO     Test_Profile:test_Profile.py:154 ***************** Send City textbox *******************\nINFO     Test_Profile:test_Profile.py:160 ******************* check Country Dropdown visible *************************\nINFO     Test_Profile:test_Profile.py:166 &#39;/html/body/div[1]/div/div[1]/div/main/div[2]/div/div[2]/div[1]/form/div[5]/div/div/div&#39; is visible.\nINFO     Test_Profile:test_Profile.py:171 ******************* check Save Changes Button visible *************************\nINFO     Test_Profile:test_Profile.py:177 &#39;/html/body/div[1]/div/div[1]/div/main/div[2]/div/div[2]/div[1]/form/div[7]/button&#39; is visible.\nINFO     Test_Profile:test_Profile.py:182 ***************** Check Password Box *******************\nINFO     Test_Profile:test_Profile.py:184 ***************** Verify current password send or not *******************\nINFO     Test_Profile:test_Profile.py:189 ***************** Verify New password send or not *******************\nINFO     Test_Profile:test_Profile.py:194 ***************** Verify Verify password send or not *******************\nINFO     Test_Profile:test_Profile.py:199 ***************** Check Account Setting *******************\nINFO     Test_Profile:test_Profile.py:201 ******************* check Username textbox visible *************************\nERROR    Test_Profile:test_Profile.py:209 &#39;/html/body/div[1]/div/div[1]/div/main/div[2]/div/div[2]/div[1]/form/div[7]/button&#39; is not visible. Screenshot Added\nINFO     Test_Profile:test_Profile.py:212 ********************* Scroll Language *********************\nINFO     Test_Profile:test_Profile.py:217 ********************* Click Language *********************\nINFO     Test_Profile:test_Profile.py:224 ********************* France Language Select *********************\nINFO     Test_Profile:test_Profile.py:235 ********************* Spanish Language Select *********************\nINFO     Test_Profile:test_Profile.py:245 ********************* Click Time Zone *********************\nINFO     Test_Profile:test_Profile.py:250 ********************* Select IST Time Zone *********************\nINFO     Test_Profile:test_Profile.py:260 ********************* test_General_Information_009 test case passed........... *********************\n\n&#34;}], &#34;test_Profile.py::Test_Profile::test_Profile_Section_Verification_003&#34;: [{&#34;extras&#34;: [], &#34;result&#34;: &#34;Failed&#34;, &#34;testId&#34;: &#34;test_Profile.py::Test_Profile::test_Profile_Section_Verification_003&#34;, &#34;duration&#34;: &#34;00:00:07&#34;, &#34;resultsTableRow&#34;: [&#34;&lt;td class=\&#34;col-result\&#34;&gt;Failed&lt;/td&gt;&#34;, &#34;&lt;td class=\&#34;col-testId\&#34;&gt;test_Profile.py::Test_Profile::test_Profile_Section_Verification_003&lt;/td&gt;&#34;, &#34;&lt;td class=\&#34;col-duration\&#34;&gt;00:00:07&lt;/td&gt;&#34;, &#34;&lt;td class=\&#34;col-links\&#34;&gt;&lt;/td&gt;&#34;], &#34;log&#34;: &#34;self = &amp;lt;testCases.test_Profile.Test_Profile object at 0x000001B0D2B833E0&amp;gt;\nsetup = &amp;lt;selenium.webdriver.firefox.webdriver.WebDriver (session=\&#34;3fadbd20-a200-46d0-87ae-b50826d79735\&#34;)&amp;gt;\n\n    @pytest.mark.sanity\n    @pytest.mark.regression\n    def test_Profile_Section_Verification_003(self, setup):\n        self.logger.info(\&#34;******************** test_Profile_Section_Verification_010 Test case Started **************************\&#34;)\n        self.logger.info(\&#34;******************** Verifying Profile Section Test **************************\&#34;)\n        self.driver = setup\n        self.driver.get(self.baseURL)\n        self.lp = Dashboard(self.driver)\n        self.lp.setEmail(self.username)\n        self.lp.setPassword(self.password)\n        self.lp.clickLogin()\n    \n        wait = WebDriverWait(self.driver, 20)\n        time.sleep(2)\n    \n        self.logger.info(\&#34;***************** Moved cursor to the left side *******************\&#34;)\n        left_element = self.driver.find_element(By.XPATH, \&#34;/html/body/div[1]/div/div[1]/div/div/div\&#34;)\n        action = ActionChains(self.driver)\n        action.move_to_element(left_element)\n&amp;gt;       action.perform()\n\ntestCases\\test_Profile.py:281: \n_ _ _ _ _ _ _ _ _ _ _ _ _ _ _ _ _ _ _ _ _ _ _ _ _ _ _ _ _ _ _ _ _ _ _ _ _ _ _ _ _ _ _ _ _ _ _ _ _ _ _ _ _ _ _ _ _ _ _ _ _ _ _ _ _ _ _ _ _ _ _ _ _ _\n..\\..\\AppData\\Local\\Programs\\Python\\Python312\\Lib\\site-packages\\selenium\\webdriver\\common\\action_chains.py:94: in perform\n    self.w3c_actions.perform()\n..\\..\\AppData\\Local\\Programs\\Python\\Python312\\Lib\\site-packages\\selenium\\webdriver\\common\\actions\\action_builder.py:96: in perform\n    self.driver.execute(Command.W3C_ACTIONS, enc)\n..\\..\\AppData\\Local\\Programs\\Python\\Python312\\Lib\\site-packages\\selenium\\webdriver\\remote\\webdriver.py:344: in execute\n    self.error_handler.check_response(response)\n_ _ _ _ _ _ _ _ _ _ _ _ _ _ _ _ _ _ _ _ _ _ _ _ _ _ _ _ _ _ _ _ _ _ _ _ _ _ _ _ _ _ _ _ _ _ _ _ _ _ _ _ _ _ _ _ _ _ _ _ _ _ _ _ _ _ _ _ _ _ _ _ _ _\n\nself = &amp;lt;selenium.webdriver.remote.errorhandler.ErrorHandler object at 0x000001B0D34F21E0&amp;gt;\nresponse = {&#39;status&#39;: 404, &#39;value&#39;: &#39;{\&#34;value\&#34;:{\&#34;error\&#34;:\&#34;stale element reference\&#34;,\&#34;message\&#34;:\&#34;The element with the reference 305bac...sys.mjs:244:10\\\\nreceiveMessage@chrome://remote/content/marionette/actors/MarionetteCommandsChild.sys.mjs:72:30\\\\n\&#34;}}&#39;}\n\n    def check_response(self, response: Dict[str, Any]) -&amp;gt; None:\n        \&#34;\&#34;\&#34;Checks that a JSON response from the WebDriver does not have an\n        error.\n    \n        :Args:\n         - response - The JSON response from the WebDriver server as a dictionary\n           object.\n    \n        :Raises: If the response contains an error message.\n        \&#34;\&#34;\&#34;\n        status = response.get(\&#34;status\&#34;, None)\n        if not status or status == ErrorCode.SUCCESS:\n            return\n        value = None\n        message = response.get(\&#34;message\&#34;, \&#34;\&#34;)\n        screen: str = response.get(\&#34;screen\&#34;, \&#34;\&#34;)\n        stacktrace = None\n        if isinstance(status, int):\n            value_json = response.get(\&#34;value\&#34;, None)\n            if value_json and isinstance(value_json, str):\n                import json\n    \n                try:\n                    value = json.loads(value_json)\n                    if len(value) == 1:\n                        value = value[\&#34;value\&#34;]\n                    status = value.get(\&#34;error\&#34;, None)\n                    if not status:\n                        status = value.get(\&#34;status\&#34;, ErrorCode.UNKNOWN_ERROR)\n                        message = value.get(\&#34;value\&#34;) or value.get(\&#34;message\&#34;)\n                        if not isinstance(message, str):\n                            value = message\n                            message = message.get(\&#34;message\&#34;)\n                    else:\n                        message = value.get(\&#34;message\&#34;, None)\n                except ValueError:\n                    pass\n    \n        exception_class: Type[WebDriverException]\n        e = ErrorCode()\n        error_codes = [item for item in dir(e) if not item.startswith(\&#34;__\&#34;)]\n        for error_code in error_codes:\n            error_info = getattr(ErrorCode, error_code)\n            if isinstance(error_info, list) and status in error_info:\n                exception_class = getattr(ExceptionMapping, error_code, WebDriverException)\n                break\n        else:\n            exception_class = WebDriverException\n    \n        if not value:\n            value = response[\&#34;value\&#34;]\n        if isinstance(value, str):\n            raise exception_class(value)\n        if message == \&#34;\&#34; and \&#34;message\&#34; in value:\n            message = value[\&#34;message\&#34;]\n    \n        screen = None  # type: ignore[assignment]\n        if \&#34;screen\&#34; in value:\n            screen = value[\&#34;screen\&#34;]\n    \n        stacktrace = None\n        st_value = value.get(\&#34;stackTrace\&#34;) or value.get(\&#34;stacktrace\&#34;)\n        if st_value:\n            if isinstance(st_value, str):\n                stacktrace = st_value.split(\&#34;\\n\&#34;)\n            else:\n                stacktrace = []\n                try:\n                    for frame in st_value:\n                        line = frame.get(\&#34;lineNumber\&#34;, \&#34;\&#34;)\n                        file = frame.get(\&#34;fileName\&#34;, \&#34;&amp;lt;anonymous&amp;gt;\&#34;)\n                        if line:\n                            file = f\&#34;{file}:{line}\&#34;\n                        meth = frame.get(\&#34;methodName\&#34;, \&#34;&amp;lt;anonymous&amp;gt;\&#34;)\n                        if \&#34;className\&#34; in frame:\n                            meth = f\&#34;{frame[&#39;className&#39;]}.{meth}\&#34;\n                        msg = \&#34;    at %s (%s)\&#34;\n                        msg = msg % (meth, file)\n                        stacktrace.append(msg)\n                except TypeError:\n                    pass\n        if exception_class == UnexpectedAlertPresentException:\n            alert_text = None\n            if \&#34;data\&#34; in value:\n                alert_text = value[\&#34;data\&#34;].get(\&#34;text\&#34;)\n            elif \&#34;alert\&#34; in value:\n                alert_text = value[\&#34;alert\&#34;].get(\&#34;text\&#34;)\n            raise exception_class(message, screen, stacktrace, alert_text)  # type: ignore[call-arg]  # mypy is not smart enough here\n&amp;gt;       raise exception_class(message, screen, stacktrace)\nE       selenium.common.exceptions.StaleElementReferenceException: Message: The element with the reference 305bac4b-a210-4710-af7d-1a20dfc73d85 is stale; either its node document is not the active document, or it is no longer connected to the DOM; For documentation on this error, please visit: https://www.selenium.dev/documentation/webdriver/troubleshooting/errors#stale-element-reference-exception\nE       Stacktrace:\nE       RemoteError@chrome://remote/content/shared/RemoteError.sys.mjs:8:8\nE       WebDriverError@chrome://remote/content/shared/webdriver/Errors.sys.mjs:189:5\nE       StaleElementReferenceError@chrome://remote/content/shared/webdriver/Errors.sys.mjs:676:5\nE       getKnownElement@chrome://remote/content/marionette/json.sys.mjs:286:11\nE       deserializeJSON@chrome://remote/content/marionette/json.sys.mjs:233:20\nE       cloneObject@chrome://remote/content/marionette/json.sys.mjs:54:24\nE       deserializeJSON@chrome://remote/content/marionette/json.sys.mjs:240:16\nE       cloneObject/result&amp;lt;@chrome://remote/content/marionette/json.sys.mjs:48:52\nE       cloneObject@chrome://remote/content/marionette/json.sys.mjs:48:25\nE       deserializeJSON@chrome://remote/content/marionette/json.sys.mjs:240:16\nE       cloneObject@chrome://remote/content/marionette/json.sys.mjs:54:24\nE       deserializeJSON@chrome://remote/content/marionette/json.sys.mjs:240:16\nE       cloneObject/result&amp;lt;@chrome://remote/content/marionette/json.sys.mjs:48:52\nE       cloneObject@chrome://remote/content/marionette/json.sys.mjs:48:25\nE       deserializeJSON@chrome://remote/content/marionette/json.sys.mjs:240:16\nE       cloneObject@chrome://remote/content/marionette/json.sys.mjs:54:24\nE       deserializeJSON@chrome://remote/content/marionette/json.sys.mjs:240:16\nE       json.deserialize@chrome://remote/content/marionette/json.sys.mjs:244:10\nE       receiveMessage@chrome://remote/content/marionette/actors/MarionetteCommandsChild.sys.mjs:72:30\n\n..\\..\\AppData\\Local\\Programs\\Python\\Python312\\Lib\\site-packages\\selenium\\webdriver\\remote\\errorhandler.py:229: StaleElementReferenceException\n\n------------------------------ Captured log call -------------------------------\nINFO     Test_Profile:test_Profile.py:265 ******************** test_Profile_Section_Verification_010 Test case Started **************************\nINFO     Test_Profile:test_Profile.py:266 ******************** Verifying Profile Section Test **************************\nINFO     Test_Profile:test_Profile.py:277 ***************** Moved cursor to the left side *******************\n\n&#34;}], &#34;test_Profile.py::Test_Profile::test_Profile_Section_Payout_004&#34;: [{&#34;extras&#34;: [], &#34;result&#34;: &#34;Passed&#34;, &#34;testId&#34;: &#34;test_Profile.py::Test_Profile::test_Profile_Section_Payout_004&#34;, &#34;duration&#34;: &#34;00:00:17&#34;, &#34;resultsTableRow&#34;: [&#34;&lt;td class=\&#34;col-result\&#34;&gt;Passed&lt;/td&gt;&#34;, &#34;&lt;td class=\&#34;col-testId\&#34;&gt;test_Profile.py::Test_Profile::test_Profile_Section_Payout_004&lt;/td&gt;&#34;, &#34;&lt;td class=\&#34;col-duration\&#34;&gt;00:00:17&lt;/td&gt;&#34;, &#34;&lt;td class=\&#34;col-links\&#34;&gt;&lt;/td&gt;&#34;], &#34;log&#34;: &#34;------------------------------ Captured log call -------------------------------\nINFO     Test_Profile:test_Profile.py:329 ******************** test_Profile_Section_Payout_011 Test case Started **************************\nINFO     Test_Profile:test_Profile.py:330 ******************** Verifying Profile Section Test **************************\nINFO     Test_Profile:test_Profile.py:341 ***************** Moved cursor to the left side *******************\nINFO     Test_Profile:test_Profile.py:348 ********************* Clicked on the Profile option. *********************\nINFO     Test_Profile:test_Profile.py:355 ***************** Moved cursor to the right side *******************\nINFO     Test_Profile:test_Profile.py:361 ***************** Click on Payout *******************\nINFO     Test_Profile:test_Profile.py:367 ***************** Clicked on Payout *******************\nINFO     Test_Profile:test_Profile.py:375 Actual Payout Page Title: Alpha Capital\nINFO     Test_Profile:test_Profile.py:378 Profile Section Payout Test Passed: Page title is as expected.\nINFO     Test_Profile:test_Profile.py:386 ****************** test_Profile_Section_Payout_004 Test is completed ************************\nINFO     Test_Profile:test_Profile.py:388  ************************** test_Profile_Section_Payout_011 passed ************************\n\n&#34;}], &#34;test_Profile.py::Test_Profile::test_Profile_payout_Section_Request_Payout_For_Trading_Account_005&#34;: [{&#34;extras&#34;: [], &#34;result&#34;: &#34;Passed&#34;, &#34;testId&#34;: &#34;test_Profile.py::Test_Profile::test_Profile_payout_Section_Request_Payout_For_Trading_Account_005&#34;, &#34;duration&#34;: &#34;00:00:21&#34;, &#34;resultsTableRow&#34;: [&#34;&lt;td class=\&#34;col-result\&#34;&gt;Passed&lt;/td&gt;&#34;, &#34;&lt;td class=\&#34;col-testId\&#34;&gt;test_Profile.py::Test_Profile::test_Profile_payout_Section_Request_Payout_For_Trading_Account_005&lt;/td&gt;&#34;, &#34;&lt;td class=\&#34;col-duration\&#34;&gt;00:00:21&lt;/td&gt;&#34;, &#34;&lt;td class=\&#34;col-links\&#34;&gt;&lt;/td&gt;&#34;], &#34;log&#34;: &#34;------------------------------ Captured log call -------------------------------\nINFO     Test_Profile:test_Profile.py:393 ******************** test_Profile_payout_Section_Request_Payout_For_Trading_Account_012 Test case Started **************************\nINFO     Test_Profile:test_Profile.py:394 ******************** Verifying Profile Section Test **************************\nINFO     Test_Profile:test_Profile.py:405 ***************** Moved cursor to the left side *******************\nINFO     Test_Profile:test_Profile.py:412 ********************* Clicked on the Profile option. *********************\nINFO     Test_Profile:test_Profile.py:419 ***************** Moved cursor to the right side *******************\nINFO     Test_Profile:test_Profile.py:425 ***************** Click to Payout *******************\nINFO     Test_Profile:test_Profile.py:432 ***************** Click to Request Payout *******************\nINFO     Test_Profile:test_Profile.py:439 ***************** Send Withdraw Amount *******************\nINFO     Test_Profile:test_Profile.py:448 ***************** Send Reason *******************\nINFO     Test_Profile:test_Profile.py:460 ****************** test_Profile_payout_Section_Request_Payout_For_Trading_Account_012 Test is completed ************************\nINFO     Test_Profile:test_Profile.py:462  ************************** test_Profile_payout_Section_Request_Payout_For_Trading_Account_012 passed ************************\n\n&#34;}], &#34;test_Profile.py::Test_Profile::test_Profile_payout_Section_Request_Payout_For_Afiliate_006&#34;: [{&#34;extras&#34;: [], &#34;result&#34;: &#34;Passed&#34;, &#34;testId&#34;: &#34;test_Profile.py::Test_Profile::test_Profile_payout_Section_Request_Payout_For_Afiliate_006&#34;, &#34;duration&#34;: &#34;00:00:22&#34;, &#34;resultsTableRow&#34;: [&#34;&lt;td class=\&#34;col-result\&#34;&gt;Passed&lt;/td&gt;&#34;, &#34;&lt;td class=\&#34;col-testId\&#34;&gt;test_Profile.py::Test_Profile::test_Profile_payout_Section_Request_Payout_For_Afiliate_006&lt;/td&gt;&#34;, &#34;&lt;td class=\&#34;col-duration\&#34;&gt;00:00:22&lt;/td&gt;&#34;, &#34;&lt;td class=\&#34;col-links\&#34;&gt;&lt;/td&gt;&#34;], &#34;log&#34;: &#34;------------------------------ Captured log call -------------------------------\nINFO     Test_Profile:test_Profile.py:468 ******************** test_Profile_payout_Section_Request_Payout_For_Afiliate_013 Test case Started **************************\nINFO     Test_Profile:test_Profile.py:469 ******************** Verifying Profile Section Test **************************\nINFO     Test_Profile:test_Profile.py:480 ***************** Moved cursor to the left side *******************\nINFO     Test_Profile:test_Profile.py:487 ********************* Clicked on the Profile option. *********************\nINFO     Test_Profile:test_Profile.py:494 ***************** Moved cursor to the right side *******************\nINFO     Test_Profile:test_Profile.py:500 ***************** Click to Payout *******************\nINFO     Test_Profile:test_Profile.py:507 ***************** Click to Request Payout *******************\nINFO     Test_Profile:test_Profile.py:514 ***************** Click to Afiliate *******************\nINFO     Test_Profile:test_Profile.py:521 ***************** Send Withdraw Amount *******************\nINFO     Test_Profile:test_Profile.py:530 ***************** Send Reason *******************\nINFO     Test_Profile:test_Profile.py:542 ****************** test_Profile_payout_Section_Request_Payout_For_Afiliate_013 Test is completed ************************\nINFO     Test_Profile:test_Profile.py:544  ************************** test_Profile_payout_Section_Request_Payout_For_Afiliate_013 passed ************************\n\n&#34;}], &#34;test_Profile.py::Test_Profile::test_Profile_payout_Section_Back_Button_007&#34;: [{&#34;extras&#34;: [], &#34;result&#34;: &#34;Passed&#34;, &#34;testId&#34;: &#34;test_Profile.py::Test_Profile::test_Profile_payout_Section_Back_Button_007&#34;, &#34;duration&#34;: &#34;00:00:17&#34;, &#34;resultsTableRow&#34;: [&#34;&lt;td class=\&#34;col-result\&#34;&gt;Passed&lt;/td&gt;&#34;, &#34;&lt;td class=\&#34;col-testId\&#34;&gt;test_Profile.py::Test_Profile::test_Profile_payout_Section_Back_Button_007&lt;/td&gt;&#34;, &#34;&lt;td class=\&#34;col-duration\&#34;&gt;00:00:17&lt;/td&gt;&#34;, &#34;&lt;td class=\&#34;col-links\&#34;&gt;&lt;/td&gt;&#34;], &#34;log&#34;: &#34;------------------------------ Captured log call -------------------------------\nINFO     Test_Profile:test_Profile.py:549 ******************** test_Profile_payout_Section_Back_Button_014 Test case Started **************************\nINFO     Test_Profile:test_Profile.py:550 ******************** Verifying Profile Section Test **************************\nINFO     Test_Profile:test_Profile.py:561 ***************** Moved cursor to the left side *******************\nINFO     Test_Profile:test_Profile.py:568 ********************* Clicked on the Profile option. *********************\nINFO     Test_Profile:test_Profile.py:575 ***************** Moved cursor to the right side *******************\nINFO     Test_Profile:test_Profile.py:581 ***************** Click to Payout *******************\nINFO     Test_Profile:test_Profile.py:588 ***************** Click to Request Payout *******************\nINFO     Test_Profile:test_Profile.py:595 ***************** Click to Back to Payout (for back button working or not) *******************\nINFO     Test_Profile:test_Profile.py:603 ****************** test_Profile_payout_Section_Back_Button_014 Test is completed ************************\nINFO     Test_Profile:test_Profile.py:605  ************************** test_Profile_payout_Section_Back_Button_014 passed ************************\n\n&#34;}], &#34;test_Profile.py::Test_Profile::test_Profile_payout_Section_Download_Invoice_008&#34;: [{&#34;extras&#34;: [], &#34;result&#34;: &#34;Passed&#34;, &#34;testId&#34;: &#34;test_Profile.py::Test_Profile::test_Profile_payout_Section_Download_Invoice_008&#34;, &#34;duration&#34;: &#34;00:00:18&#34;, &#34;resultsTableRow&#34;: [&#34;&lt;td class=\&#34;col-result\&#34;&gt;Passed&lt;/td&gt;&#34;, &#34;&lt;td class=\&#34;col-testId\&#34;&gt;test_Profile.py::Test_Profile::test_Profile_payout_Section_Download_Invoice_008&lt;/td&gt;&#34;, &#34;&lt;td class=\&#34;col-duration\&#34;&gt;00:00:18&lt;/td&gt;&#34;, &#34;&lt;td class=\&#34;col-links\&#34;&gt;&lt;/td&gt;&#34;], &#34;log&#34;: &#34;------------------------------ Captured log call -------------------------------\nINFO     Test_Profile:test_Profile.py:610 ******************** test_Profile_payout_Section_Download_Invoice_008 Test case Started **************************\nINFO     Test_Profile:test_Profile.py:611 ******************** Verifying Profile Section Test **************************\nINFO     Test_Profile:test_Profile.py:622 ***************** Moved cursor to the left side *******************\nINFO     Test_Profile:test_Profile.py:629 ********************* Clicked on the Profile option. *********************\nINFO     Test_Profile:test_Profile.py:636 ***************** Moved cursor to the right side *******************\nINFO     Test_Profile:test_Profile.py:642 ***************** Click to Payout *******************\nINFO     Test_Profile:test_Profile.py:649 ***************** Download Invoice *******************\nINFO     Test_Profile:test_Profile.py:653 ***************** Scroll Download Invoice *******************\nINFO     Test_Profile:test_Profile.py:665 ****************** test_Profile_payout_Section_Download_Invoice_008 Test is completed ************************\nINFO     Test_Profile:test_Profile.py:667  ************************** test_Profile_payout_Section_Download_Invoice_008 passed ************************\n\n&#34;}], &#34;test_Trademate.py::Test_Competition::test_Trademate_001&#34;: [{&#34;extras&#34;: [], &#34;result&#34;: &#34;Passed&#34;, &#34;testId&#34;: &#34;test_Trademate.py::Test_Competition::test_Trademate_001&#34;, &#34;duration&#34;: &#34;00:00:15&#34;, &#34;resultsTableRow&#34;: [&#34;&lt;td class=\&#34;col-result\&#34;&gt;Passed&lt;/td&gt;&#34;, &#34;&lt;td class=\&#34;col-testId\&#34;&gt;test_Trademate.py::Test_Competition::test_Trademate_001&lt;/td&gt;&#34;, &#34;&lt;td class=\&#34;col-duration\&#34;&gt;00:00:15&lt;/td&gt;&#34;, &#34;&lt;td class=\&#34;col-links\&#34;&gt;&lt;/td&gt;&#34;], &#34;log&#34;: &#34;------------------------------ Captured log call -------------------------------\nINFO     Test_Competition:test_Trademate.py:23 ******************** test_Trademate_001 test start **************************\nINFO     Test_Competition:test_Trademate.py:24 ******************** Verifying Trademate Test **************************\nINFO     Test_Competition:test_Trademate.py:35 ***************** Moved cursor to the left side *******************\nINFO     Test_Competition:test_Trademate.py:44 ***************** Scrolling to view the Trademate element *******************\nINFO     Test_Competition:test_Trademate.py:51 ***************** Clicking on the Trademate option *******************\nINFO     Test_Competition:test_Trademate.py:55 ***************** Moved cursor to the right side *******************\nINFO     Test_Competition:test_Trademate.py:66 Actual Trademate Page Title: Alpha Capital\nINFO     Test_Competition:test_Trademate.py:69 Trademate Test Passed: Page title is as expected.\nINFO     Test_Competition:test_Trademate.py:77 ****************** test_Trademate_001 Test is completed ************************\nINFO     Test_Competition:test_Trademate.py:79  ************************** test_Trademate_001 passed ************************\n\n&#34;}], &#34;test_Trademate.py::Test_Competition::test_Trademate_Market_Scanner_002&#34;: [{&#34;extras&#34;: [], &#34;result&#34;: &#34;Passed&#34;, &#34;testId&#34;: &#34;test_Trademate.py::Test_Competition::test_Trademate_Market_Scanner_002&#34;, &#34;duration&#34;: &#34;00:00:15&#34;, &#34;resultsTableRow&#34;: [&#34;&lt;td class=\&#34;col-result\&#34;&gt;Passed&lt;/td&gt;&#34;, &#34;&lt;td class=\&#34;col-testId\&#34;&gt;test_Trademate.py::Test_Competition::test_Trademate_Market_Scanner_002&lt;/td&gt;&#34;, &#34;&lt;td class=\&#34;col-duration\&#34;&gt;00:00:15&lt;/td&gt;&#34;, &#34;&lt;td class=\&#34;col-links\&#34;&gt;&lt;/td&gt;&#34;], &#34;log&#34;: &#34;------------------------------ Captured log call -------------------------------\nINFO     Test_Competition:test_Trademate.py:84 ******************** test_Trademate_Market_Scanner_002 Test started **************************\nINFO     Test_Competition:test_Trademate.py:85 ******************** Verifying Trademate Test **************************\nINFO     Test_Competition:test_Trademate.py:96 ***************** Moved cursor to the left side *******************\nINFO     Test_Competition:test_Trademate.py:105 ***************** Scrolling to view the Trademate element *******************\nINFO     Test_Competition:test_Trademate.py:112 ***************** Clicking on the Trademate option *******************\nINFO     Test_Competition:test_Trademate.py:116 ***************** Moved cursor to the right side *******************\nINFO     Test_Competition:test_Trademate.py:125 ****************** test_Trademate_Market_Scanner_002 Test is completed ************************\nINFO     Test_Competition:test_Trademate.py:127  ************************** test_Trademate_Market_Scanner_002 passed ************************\n\n&#34;}], &#34;test_Trademate.py::Test_Competition::test_Trademate_Market_Economic_Calander_003&#34;: [{&#34;extras&#34;: [], &#34;result&#34;: &#34;Passed&#34;, &#34;testId&#34;: &#34;test_Trademate.py::Test_Competition::test_Trademate_Market_Economic_Calander_003&#34;, &#34;duration&#34;: &#34;00:00:17&#34;, &#34;resultsTableRow&#34;: [&#34;&lt;td class=\&#34;col-result\&#34;&gt;Passed&lt;/td&gt;&#34;, &#34;&lt;td class=\&#34;col-testId\&#34;&gt;test_Trademate.py::Test_Competition::test_Trademate_Market_Economic_Calander_003&lt;/td&gt;&#34;, &#34;&lt;td class=\&#34;col-duration\&#34;&gt;00:00:17&lt;/td&gt;&#34;, &#34;&lt;td class=\&#34;col-links\&#34;&gt;&lt;/td&gt;&#34;], &#34;log&#34;: &#34;------------------------------ Captured log call -------------------------------\nINFO     Test_Competition:test_Trademate.py:132 ******************** test_Trademate_Market_Economic_Calander_003 Test started **************************\nINFO     Test_Competition:test_Trademate.py:133 ******************** Verifying Trademate Test **************************\nINFO     Test_Competition:test_Trademate.py:144 ***************** Moved cursor to the left side *******************\nINFO     Test_Competition:test_Trademate.py:153 ***************** Scrolling to view the Trademate element *******************\nINFO     Test_Competition:test_Trademate.py:160 ***************** Clicking on the Trademate option *******************\nINFO     Test_Competition:test_Trademate.py:164 ***************** Moved cursor to the right side *******************\nINFO     Test_Competition:test_Trademate.py:172 ******************* Click Economic Calander *************************\nINFO     Test_Competition:test_Trademate.py:177 ******************* Calander visible or Not *************************\nINFO     Test_Competition:test_Trademate.py:185 &#39;/html/body/div&#39; is visible.\nINFO     Test_Competition:test_Trademate.py:190 ******************* Calander visible *************************\nINFO     Test_Competition:test_Trademate.py:193 ****************** test_Trademate_Market_Economic_Calander_003 Test is completed ************************\nINFO     Test_Competition:test_Trademate.py:195  ************************** test_Trademate_Market_Economic_Calander_003 passed ************************\n\n&#34;}], &#34;test_Trademate.py::Test_Competition::test_Trademate_Market_Check_News_004&#34;: [{&#34;extras&#34;: [], &#34;result&#34;: &#34;Passed&#34;, &#34;testId&#34;: &#34;test_Trademate.py::Test_Competition::test_Trademate_Market_Check_News_004&#34;, &#34;duration&#34;: &#34;00:00:15&#34;, &#34;resultsTableRow&#34;: [&#34;&lt;td class=\&#34;col-result\&#34;&gt;Passed&lt;/td&gt;&#34;, &#34;&lt;td class=\&#34;col-testId\&#34;&gt;test_Trademate.py::Test_Competition::test_Trademate_Market_Check_News_004&lt;/td&gt;&#34;, &#34;&lt;td class=\&#34;col-duration\&#34;&gt;00:00:15&lt;/td&gt;&#34;, &#34;&lt;td class=\&#34;col-links\&#34;&gt;&lt;/td&gt;&#34;], &#34;log&#34;: &#34;------------------------------ Captured log call -------------------------------\nINFO     Test_Competition:test_Trademate.py:201 ******************** test_Trademate_Market_Check_News_004 Test started **************************\nINFO     Test_Competition:test_Trademate.py:203 ******************** Verifying Trademate Test **************************\nINFO     Test_Competition:test_Trademate.py:214 ***************** Moved cursor to the left side *******************\nINFO     Test_Competition:test_Trademate.py:223 ***************** Scrolling to view the Trademate element *******************\nINFO     Test_Competition:test_Trademate.py:230 ***************** Clicking on the Trademate option *******************\nINFO     Test_Competition:test_Trademate.py:234 ***************** Moved cursor to the right side *******************\nINFO     Test_Competition:test_Trademate.py:243 ******************* Click Market News *************************\nINFO     Test_Competition:test_Trademate.py:249 ******************* Check News Feed Visible or nor *************************\nINFO     Test_Competition:test_Trademate.py:255 &#39;/html/body/div[1]/div/div[1]/div/main/div[2]/div[4]/div[2]&#39; is visible.\nINFO     Test_Competition:test_Trademate.py:260 ******************* Check Tweeter Feeds Visible or nor *************************\nINFO     Test_Competition:test_Trademate.py:266 ****************** test_Trademate_Market_Check_News_004 Test is completed ************************\nINFO     Test_Competition:test_Trademate.py:269  ************************** test_Trademate_Market_Check_News_004 passed ************************\n\n&#34;}], &#34;test_Trademate.py::Test_Competition::test_Trademate_Market_Trade_Journal_005&#34;: [{&#34;extras&#34;: [], &#34;result&#34;: &#34;Passed&#34;, &#34;testId&#34;: &#34;test_Trademate.py::Test_Competition::test_Trademate_Market_Trade_Journal_005&#34;, &#34;duration&#34;: &#34;00:00:15&#34;, &#34;resultsTableRow&#34;: [&#34;&lt;td class=\&#34;col-result\&#34;&gt;Passed&lt;/td&gt;&#34;, &#34;&lt;td class=\&#34;col-testId\&#34;&gt;test_Trademate.py::Test_Competition::test_Trademate_Market_Trade_Journal_005&lt;/td&gt;&#34;, &#34;&lt;td class=\&#34;col-duration\&#34;&gt;00:00:15&lt;/td&gt;&#34;, &#34;&lt;td class=\&#34;col-links\&#34;&gt;&lt;/td&gt;&#34;], &#34;log&#34;: &#34;------------------------------ Captured log call -------------------------------\nINFO     Test_Competition:test_Trademate.py:275 ******************** test_Trademate_Market_Trade_Journal_005 Test started **************************\nINFO     Test_Competition:test_Trademate.py:276 ******************** Verifying Trademate Test **************************\nINFO     Test_Competition:test_Trademate.py:287 ***************** Moved cursor to the left side *******************\nINFO     Test_Competition:test_Trademate.py:296 ***************** Scrolling to view the Trademate element *******************\nINFO     Test_Competition:test_Trademate.py:303 ***************** Clicking on the Trademate option *******************\nINFO     Test_Competition:test_Trademate.py:307 ***************** Moved cursor to the right side *******************\nINFO     Test_Competition:test_Trademate.py:315 ***************** Click Trade Journal *******************\nINFO     Test_Competition:test_Trademate.py:320 ***************** Check Trade Journal Fields Visible or not *******************\nINFO     Test_Competition:test_Trademate.py:326 &#39;/html/body/div[1]/div/div[1]/div/main/div[2]/div[5]&#39; is visible.\nINFO     Test_Competition:test_Trademate.py:332 ****************** test_Trademate_Market_Trade_Journal_005 Test is completed ************************\nINFO     Test_Competition:test_Trademate.py:334  ************************** test_Trademate_Market_Trade_Journal_005 passed ************************\n\n&#34;}], &#34;test_Trademate.py::Test_Competition::test_Trademate_Market_Market_Report_Market_Report_Email_and_Signup_Form_006&#34;: [{&#34;extras&#34;: [], &#34;result&#34;: &#34;Passed&#34;, &#34;testId&#34;: &#34;test_Trademate.py::Test_Competition::test_Trademate_Market_Market_Report_Market_Report_Email_and_Signup_Form_006&#34;, &#34;duration&#34;: &#34;00:00:25&#34;, &#34;resultsTableRow&#34;: [&#34;&lt;td class=\&#34;col-result\&#34;&gt;Passed&lt;/td&gt;&#34;, &#34;&lt;td class=\&#34;col-testId\&#34;&gt;test_Trademate.py::Test_Competition::test_Trademate_Market_Market_Report_Market_Report_Email_and_Signup_Form_006&lt;/td&gt;&#34;, &#34;&lt;td class=\&#34;col-duration\&#34;&gt;00:00:25&lt;/td&gt;&#34;, &#34;&lt;td class=\&#34;col-links\&#34;&gt;&lt;/td&gt;&#34;], &#34;log&#34;: &#34;------------------------------ Captured log call -------------------------------\nINFO     Test_Competition:test_Trademate.py:339 ******************** test_Trademate_Market_Market_Report_Market_Report_Email_and_Signup_Form_006 Test started **************************\nINFO     Test_Competition:test_Trademate.py:340 ******************** Verifying Trademate Test **************************\nINFO     Test_Competition:test_Trademate.py:351 ***************** Moved cursor to the left side *******************\nINFO     Test_Competition:test_Trademate.py:360 ***************** Scrolling to view the Trademate element *******************\nINFO     Test_Competition:test_Trademate.py:367 ***************** Clicking on the Trademate option *******************\nINFO     Test_Competition:test_Trademate.py:371 ***************** Moved cursor to the right side *******************\nINFO     Test_Competition:test_Trademate.py:379 ***************** Click Market Report *******************\nINFO     Test_Competition:test_Trademate.py:384 ***************** Check Market Report Fields Visible or not *******************\nINFO     Test_Competition:test_Trademate.py:390 &#39;/html/body/div[1]/div/div[1]/div/main/div[2]/div[6]/div[2]&#39; is visible.\nINFO     Test_Competition:test_Trademate.py:395 ***************** Check Sign Up Form Fields Visible or not *******************\nINFO     Test_Competition:test_Trademate.py:400 ***************** Check Sign Up Fields Visible or not *******************\nERROR    Test_Competition:test_Trademate.py:408 &#39;/html/body/app-root/div[1]/div/app-market-report-view&#39; is not visible. Screenshot Added\nINFO     Test_Competition:test_Trademate.py:412 ****************** test_Trademate_Market_Market_Report_Market_Report_Email_and_Signup_Form_006 Test is completed ************************\nINFO     Test_Competition:test_Trademate.py:414  ************************** test_Trademate_Market_Market_Report_Market_Report_Email_and_Signup_Form_006 passed ************************\n\n&#34;}], &#34;test_Trademate.py::Test_Competition::test_Trademate_Market_Trading_View_Chart_007&#34;: [{&#34;extras&#34;: [], &#34;result&#34;: &#34;Passed&#34;, &#34;testId&#34;: &#34;test_Trademate.py::Test_Competition::test_Trademate_Market_Trading_View_Chart_007&#34;, &#34;duration&#34;: &#34;00:00:15&#34;, &#34;resultsTableRow&#34;: [&#34;&lt;td class=\&#34;col-result\&#34;&gt;Passed&lt;/td&gt;&#34;, &#34;&lt;td class=\&#34;col-testId\&#34;&gt;test_Trademate.py::Test_Competition::test_Trademate_Market_Trading_View_Chart_007&lt;/td&gt;&#34;, &#34;&lt;td class=\&#34;col-duration\&#34;&gt;00:00:15&lt;/td&gt;&#34;, &#34;&lt;td class=\&#34;col-links\&#34;&gt;&lt;/td&gt;&#34;], &#34;log&#34;: &#34;------------------------------ Captured log call -------------------------------\nINFO     Test_Competition:test_Trademate.py:419 ******************** test_Trademate_Market_Trading_View_Chart_007 Test started **************************\nINFO     Test_Competition:test_Trademate.py:420 ******************** Verifying Trademate Test **************************\nINFO     Test_Competition:test_Trademate.py:431 ***************** Moved cursor to the left side *******************\nINFO     Test_Competition:test_Trademate.py:440 ***************** Scrolling to view the Trademate element *******************\nINFO     Test_Competition:test_Trademate.py:447 ***************** Clicking on the Trademate option *******************\nINFO     Test_Competition:test_Trademate.py:451 ***************** Moved cursor to the right side *******************\nINFO     Test_Competition:test_Trademate.py:459 ***************** Click Trading View Chart *******************\nINFO     Test_Competition:test_Trademate.py:464 ***************** Check Market Report Fields Visible or not *******************\nINFO     Test_Competition:test_Trademate.py:470 &#39;/html/body&#39; is visible.\nINFO     Test_Competition:test_Trademate.py:477 ****************** test_Trademate_Market_Trading_View_Chart_007 Test is completed ************************\nINFO     Test_Competition:test_Trademate.py:479  ************************** test_Trademate_Market_Trading_View_Chart_007 passed ************************\n\n&#34;}], &#34;test_compition.py::Test_Competition::test_Competition_List&#34;: [{&#34;extras&#34;: [], &#34;result&#34;: &#34;Passed&#34;, &#34;testId&#34;: &#34;test_compition.py::Test_Competition::test_Competition_List&#34;, &#34;duration&#34;: &#34;00:00:14&#34;, &#34;resultsTableRow&#34;: [&#34;&lt;td class=\&#34;col-result\&#34;&gt;Passed&lt;/td&gt;&#34;, &#34;&lt;td class=\&#34;col-testId\&#34;&gt;test_compition.py::Test_Competition::test_Competition_List&lt;/td&gt;&#34;, &#34;&lt;td class=\&#34;col-duration\&#34;&gt;00:00:14&lt;/td&gt;&#34;, &#34;&lt;td class=\&#34;col-links\&#34;&gt;&lt;/td&gt;&#34;], &#34;log&#34;: &#34;------------------------------ Captured log call -------------------------------\nINFO     Test_Competition:test_compition.py:24 ******************** Verifying Competition List Test **************************\nINFO     Test_Competition:test_compition.py:35 ***************** Moved cursor to the left side *******************\nINFO     Test_Competition:test_compition.py:44 ***************** Scrolling to view the competition element *******************\nINFO     Test_Competition:test_compition.py:51 ***************** Clicking on the Competition List option *******************\nINFO     Test_Competition:test_compition.py:55 ***************** Moved cursor to the right side *******************\nINFO     Test_Competition:test_compition.py:66 Actual Competition List Page Title: Alpha Capital\nINFO     Test_Competition:test_compition.py:69 Competition List Test Passed: Page title is as expected.\nINFO     Test_Competition:test_compition.py:77 ****************** Competition List Test is completed ************************\nINFO     Test_Competition:test_compition.py:79  ************************** test_Competition_List passed ************************\n\n&#34;}], &#34;test_compition.py::Test_Competition::test_Leaderboard_List_009&#34;: [{&#34;extras&#34;: [], &#34;result&#34;: &#34;Passed&#34;, &#34;testId&#34;: &#34;test_compition.py::Test_Competition::test_Leaderboard_List_009&#34;, &#34;duration&#34;: &#34;00:00:15&#34;, &#34;resultsTableRow&#34;: [&#34;&lt;td class=\&#34;col-result\&#34;&gt;Passed&lt;/td&gt;&#34;, &#34;&lt;td class=\&#34;col-testId\&#34;&gt;test_compition.py::Test_Competition::test_Leaderboard_List_009&lt;/td&gt;&#34;, &#34;&lt;td class=\&#34;col-duration\&#34;&gt;00:00:15&lt;/td&gt;&#34;, &#34;&lt;td class=\&#34;col-links\&#34;&gt;&lt;/td&gt;&#34;], &#34;log&#34;: &#34;------------------------------ Captured log call -------------------------------\nINFO     Test_Competition:test_compition.py:598 ******************** test_Leaderboard_List_009 Test Start **************************\nINFO     Test_Competition:test_compition.py:599 ******************** Verifying Leaderboard List Test **************************\nINFO     Test_Competition:test_compition.py:610 ***************** Moved cursor to the left side *******************\nINFO     Test_Competition:test_compition.py:619 ***************** Scrolling to view the Leaderboard List element *******************\nINFO     Test_Competition:test_compition.py:626 ***************** Clicking on the Leaderboard List option *******************\nINFO     Test_Competition:test_compition.py:630 ***************** Moved cursor to the right side *******************\nINFO     Test_Competition:test_compition.py:641 Actual Leaderboard List Page Title: Alpha Capital\nINFO     Test_Competition:test_compition.py:644 Leaderboard List Test Passed: Page title is as expected.\nINFO     Test_Competition:test_compition.py:652 ****************** Leaderboard List Test is completed ************************\nINFO     Test_Competition:test_compition.py:654  ************************** test_Leaderboard_List_009 passed ************************\n\n&#34;}], &#34;test_compition.py::Test_Competition::test_Leaderboard_List_End_010&#34;: [{&#34;extras&#34;: [], &#34;result&#34;: &#34;Passed&#34;, &#34;testId&#34;: &#34;test_compition.py::Test_Competition::test_Leaderboard_List_End_010&#34;, &#34;duration&#34;: &#34;00:00:15&#34;, &#34;resultsTableRow&#34;: [&#34;&lt;td class=\&#34;col-result\&#34;&gt;Passed&lt;/td&gt;&#34;, &#34;&lt;td class=\&#34;col-testId\&#34;&gt;test_compition.py::Test_Competition::test_Leaderboard_List_End_010&lt;/td&gt;&#34;, &#34;&lt;td class=\&#34;col-duration\&#34;&gt;00:00:15&lt;/td&gt;&#34;, &#34;&lt;td class=\&#34;col-links\&#34;&gt;&lt;/td&gt;&#34;], &#34;log&#34;: &#34;------------------------------ Captured log call -------------------------------\nINFO     Test_Competition:test_compition.py:659 ******************** test_Leaderboard_List_End_010 Test Start **************************\nINFO     Test_Competition:test_compition.py:660 ******************** Verifying Leaderboard List Test **************************\nINFO     Test_Competition:test_compition.py:671 ***************** Moved cursor to the left side *******************\nINFO     Test_Competition:test_compition.py:680 ***************** Scrolling to view the Leaderboard List element *******************\nINFO     Test_Competition:test_compition.py:688 ***************** Clicking on the Leaderboard List option *******************\nINFO     Test_Competition:test_compition.py:692 ***************** Moved cursor to the right side *******************\nINFO     Test_Competition:test_compition.py:701 ***************** Click on Community *******************\nINFO     Test_Competition:test_compition.py:709 Actual Leaderboard List Page Title: Alpha Capital\nINFO     Test_Competition:test_compition.py:712 Leaderboard List Test Passed: Page title is as expected.\nINFO     Test_Competition:test_compition.py:720 ****************** test_Leaderboard_List_End_010 Test is completed ************************\nINFO     Test_Competition:test_compition.py:722  ************************** test_Leaderboard_List_End_010 passed ************************\n\n&#34;}], &#34;test_compition.py::Test_Competition::test_Leaderboard_List_End_011&#34;: [{&#34;extras&#34;: [], &#34;result&#34;: &#34;Passed&#34;, &#34;testId&#34;: &#34;test_compition.py::Test_Competition::test_Leaderboard_List_End_011&#34;, &#34;duration&#34;: &#34;00:00:15&#34;, &#34;resultsTableRow&#34;: [&#34;&lt;td class=\&#34;col-result\&#34;&gt;Passed&lt;/td&gt;&#34;, &#34;&lt;td class=\&#34;col-testId\&#34;&gt;test_compition.py::Test_Competition::test_Leaderboard_List_End_011&lt;/td&gt;&#34;, &#34;&lt;td class=\&#34;col-duration\&#34;&gt;00:00:15&lt;/td&gt;&#34;, &#34;&lt;td class=\&#34;col-links\&#34;&gt;&lt;/td&gt;&#34;], &#34;log&#34;: &#34;------------------------------ Captured log call -------------------------------\nINFO     Test_Competition:test_compition.py:728 ******************** test_Leaderboard_List_End_011 Test Start **************************\nINFO     Test_Competition:test_compition.py:729 ******************** Verifying Leaderboard List Test **************************\nINFO     Test_Competition:test_compition.py:740 ***************** Moved cursor to the left side *******************\nINFO     Test_Competition:test_compition.py:749 ***************** Scrolling to view the Leaderboard List element *******************\nINFO     Test_Competition:test_compition.py:757 ***************** Clicking on the Leaderboard List option *******************\nINFO     Test_Competition:test_compition.py:761 ***************** Moved cursor to the right side *******************\nINFO     Test_Competition:test_compition.py:770 ***************** Click on Participed *******************\nINFO     Test_Competition:test_compition.py:775 ***************** Click on Community *******************\nINFO     Test_Competition:test_compition.py:783 Actual Leaderboard List Page Title: Alpha Capital\nINFO     Test_Competition:test_compition.py:786 Leaderboard List Test Passed: Page title is as expected.\nINFO     Test_Competition:test_compition.py:794 ****************** test_Leaderboard_List_End_011 Test is completed ************************\nINFO     Test_Competition:test_compition.py:796  ************************** test_Leaderboard_List_End_011 passed ************************\n\n&#34;}], &#34;test_compition.py::Test_Competition::test_Competition_List_End_Alpha_See_Leadership_012&#34;: [{&#34;extras&#34;: [], &#34;result&#34;: &#34;Passed&#34;, &#34;testId&#34;: &#34;test_compition.py::Test_Competition::test_Competition_List_End_Alpha_See_Leadership_012&#34;, &#34;duration&#34;: &#34;00:00:54&#34;, &#34;resultsTableRow&#34;: [&#34;&lt;td class=\&#34;col-result\&#34;&gt;Passed&lt;/td&gt;&#34;, &#34;&lt;td class=\&#34;col-testId\&#34;&gt;test_compition.py::Test_Competition::test_Competition_List_End_Alpha_See_Leadership_012&lt;/td&gt;&#34;, &#34;&lt;td class=\&#34;col-duration\&#34;&gt;00:00:54&lt;/td&gt;&#34;, &#34;&lt;td class=\&#34;col-links\&#34;&gt;&lt;/td&gt;&#34;], &#34;log&#34;: &#34;------------------------------ Captured log call -------------------------------\nINFO     Test_Competition:test_compition.py:801 ******************** Verifying Competition List Test **************************\nINFO     Test_Competition:test_compition.py:812 ***************** Moved cursor to the left side *******************\nINFO     Test_Competition:test_compition.py:821 ***************** Scrolling to view the competition element *******************\nINFO     Test_Competition:test_compition.py:828 ***************** Clicking on the Competition List option *******************\nINFO     Test_Competition:test_compition.py:832 ***************** Moved cursor to the right side *******************\nINFO     Test_Competition:test_compition.py:840 ***************** Click on End *******************\nINFO     Test_Competition:test_compition.py:845 ***************** Click See Leadership *******************\nINFO     Test_Competition:test_compition.py:851 ***************** Wait visible of element locate *******************\nINFO     Test_Competition:test_compition.py:857 ***************** Scroll visible of element *******************\nINFO     Test_Competition:test_compition.py:864 ***************** Send user name User *******************\nINFO     Test_Competition:test_compition.py:869 ***************** Search User *******************\nINFO     Test_Competition:test_compition.py:875  ************************** test_Competition_List_End_Alpha_See_Leadership_012 passed ************************\n\n&#34;}], &#34;test_compition.py::Test_Competition::test_Competition_List_End_Alpha_See_Leadership_For_Community_013&#34;: [{&#34;extras&#34;: [], &#34;result&#34;: &#34;Passed&#34;, &#34;testId&#34;: &#34;test_compition.py::Test_Competition::test_Competition_List_End_Alpha_See_Leadership_For_Community_013&#34;, &#34;duration&#34;: &#34;00:00:16&#34;, &#34;resultsTableRow&#34;: [&#34;&lt;td class=\&#34;col-result\&#34;&gt;Passed&lt;/td&gt;&#34;, &#34;&lt;td class=\&#34;col-testId\&#34;&gt;test_compition.py::Test_Competition::test_Competition_List_End_Alpha_See_Leadership_For_Community_013&lt;/td&gt;&#34;, &#34;&lt;td class=\&#34;col-duration\&#34;&gt;00:00:16&lt;/td&gt;&#34;, &#34;&lt;td class=\&#34;col-links\&#34;&gt;&lt;/td&gt;&#34;], &#34;log&#34;: &#34;------------------------------ Captured log call -------------------------------\nINFO     Test_Competition:test_compition.py:881 ******************** Verifying Competition List Test **************************\nINFO     Test_Competition:test_compition.py:892 ***************** Moved cursor to the left side *******************\nINFO     Test_Competition:test_compition.py:901 ***************** Scrolling to view the competition element *******************\nINFO     Test_Competition:test_compition.py:908 ***************** Clicking on the Competition List option *******************\nINFO     Test_Competition:test_compition.py:912 ***************** Moved cursor to the right side *******************\nINFO     Test_Competition:test_compition.py:920 ***************** Click on End *******************\nINFO     Test_Competition:test_compition.py:925 ***************** Click on Community *******************\nINFO     Test_Competition:test_compition.py:930 ***************** Click See Leadership *******************\nINFO     Test_Competition:test_compition.py:936 ***************** Wait visible of element locate *******************\nINFO     Test_Competition:test_compition.py:942 ***************** Scroll visible of element *******************\nINFO     Test_Competition:test_compition.py:949 ***************** Send user name User *******************\nINFO     Test_Competition:test_compition.py:954 ***************** Search User *******************\nINFO     Test_Competition:test_compition.py:960  ************************** test_Competition_List_End_Alpha_See_Leadership_For_Community_013 passed ************************\n\n&#34;}], &#34;test_compition.py::Test_Competition::test_Competition_List_Participeted_Alpha_See_Leadership_For_Alpha_014&#34;: [{&#34;extras&#34;: [], &#34;result&#34;: &#34;Passed&#34;, &#34;testId&#34;: &#34;test_compition.py::Test_Competition::test_Competition_List_Participeted_Alpha_See_Leadership_For_Alpha_014&#34;, &#34;duration&#34;: &#34;00:00:32&#34;, &#34;resultsTableRow&#34;: [&#34;&lt;td class=\&#34;col-result\&#34;&gt;Passed&lt;/td&gt;&#34;, &#34;&lt;td class=\&#34;col-testId\&#34;&gt;test_compition.py::Test_Competition::test_Competition_List_Participeted_Alpha_See_Leadership_For_Alpha_014&lt;/td&gt;&#34;, &#34;&lt;td class=\&#34;col-duration\&#34;&gt;00:00:32&lt;/td&gt;&#34;, &#34;&lt;td class=\&#34;col-links\&#34;&gt;&lt;/td&gt;&#34;], &#34;log&#34;: &#34;------------------------------ Captured log call -------------------------------\nINFO     Test_Competition:test_compition.py:966 ******************** Verifying Competition List Test **************************\nINFO     Test_Competition:test_compition.py:977 ***************** Moved cursor to the left side *******************\nINFO     Test_Competition:test_compition.py:986 ***************** Scrolling to view the competition element *******************\nINFO     Test_Competition:test_compition.py:993 ***************** Clicking on the Competition List option *******************\nINFO     Test_Competition:test_compition.py:997 ***************** Moved cursor to the right side *******************\nINFO     Test_Competition:test_compition.py:1005 ***************** Click on Participed *******************\nINFO     Test_Competition:test_compition.py:1010 ***************** Click See Leadership *******************\nINFO     Test_Competition:test_compition.py:1016 ***************** Wait visible of element locate *******************\nINFO     Test_Competition:test_compition.py:1022 ***************** Scroll visible of element *******************\nINFO     Test_Competition:test_compition.py:1029 ***************** Send user name User *******************\nINFO     Test_Competition:test_compition.py:1034 ***************** Search User *******************\nINFO     Test_Competition:test_compition.py:1040  ************************** test_Competition_List_Participeted_Alpha_See_Leadership_For_Alpha_014 passed ************************\n\n&#34;}], &#34;test_compition.py::Test_Competition::test_Competition_List_Participeted_Alpha_See_Leadership_For_Community_015&#34;: [{&#34;extras&#34;: [], &#34;result&#34;: &#34;Passed&#34;, &#34;testId&#34;: &#34;test_compition.py::Test_Competition::test_Competition_List_Participeted_Alpha_See_Leadership_For_Community_015&#34;, &#34;duration&#34;: &#34;00:00:16&#34;, &#34;resultsTableRow&#34;: [&#34;&lt;td class=\&#34;col-result\&#34;&gt;Passed&lt;/td&gt;&#34;, &#34;&lt;td class=\&#34;col-testId\&#34;&gt;test_compition.py::Test_Competition::test_Competition_List_Participeted_Alpha_See_Leadership_For_Community_015&lt;/td&gt;&#34;, &#34;&lt;td class=\&#34;col-duration\&#34;&gt;00:00:16&lt;/td&gt;&#34;, &#34;&lt;td class=\&#34;col-links\&#34;&gt;&lt;/td&gt;&#34;], &#34;log&#34;: &#34;------------------------------ Captured log call -------------------------------\nINFO     Test_Competition:test_compition.py:1046 ******************** Verifying Competition List Test **************************\nINFO     Test_Competition:test_compition.py:1057 ***************** Moved cursor to the left side *******************\nINFO     Test_Competition:test_compition.py:1066 ***************** Scrolling to view the competition element *******************\nINFO     Test_Competition:test_compition.py:1073 ***************** Clicking on the Competition List option *******************\nINFO     Test_Competition:test_compition.py:1077 ***************** Moved cursor to the right side *******************\nINFO     Test_Competition:test_compition.py:1085 ***************** Click on Participed *******************\nINFO     Test_Competition:test_compition.py:1090 ***************** Click on Community *******************\nINFO     Test_Competition:test_compition.py:1095 ***************** Click See Leadership *******************\nINFO     Test_Competition:test_compition.py:1101 ***************** Wait visible of element locate *******************\nINFO     Test_Competition:test_compition.py:1107 ***************** Scroll visible of element *******************\nINFO     Test_Competition:test_compition.py:1114 ***************** Send user name User *******************\nINFO     Test_Competition:test_compition.py:1119 ***************** Search User *******************\nINFO     Test_Competition:test_compition.py:1125  ************************** test_Competition_List_Participeted_Alpha_See_Leadership_For_Community_015 passed ************************\n\n&#34;}], &#34;test_login.py::Test_AC_L_1::test_homePageTitle_001&#34;: [{&#34;extras&#34;: [], &#34;result&#34;: &#34;Passed&#34;, &#34;testId&#34;: &#34;test_login.py::Test_AC_L_1::test_homePageTitle_001&#34;, &#34;duration&#34;: &#34;00:00:05&#34;, &#34;resultsTableRow&#34;: [&#34;&lt;td class=\&#34;col-result\&#34;&gt;Passed&lt;/td&gt;&#34;, &#34;&lt;td class=\&#34;col-testId\&#34;&gt;test_login.py::Test_AC_L_1::test_homePageTitle_001&lt;/td&gt;&#34;, &#34;&lt;td class=\&#34;col-duration\&#34;&gt;00:00:05&lt;/td&gt;&#34;, &#34;&lt;td class=\&#34;col-links\&#34;&gt;&lt;/td&gt;&#34;], &#34;log&#34;: &#34;------------------------------ Captured log call -------------------------------\nINFO     Test_AC_L_1:test_login.py:21 ************************** test_homePageTitle_001 *******************************\nINFO     Test_AC_L_1:test_login.py:22 ******************** Verifying Home Page Title ***********************\nINFO     Test_AC_L_1:test_login.py:29 ************** Test Home Page Title is Passed ********************\n\n&#34;}], &#34;test_login.py::Test_AC_L_1::test_login_002&#34;: [{&#34;extras&#34;: [], &#34;result&#34;: &#34;Passed&#34;, &#34;testId&#34;: &#34;test_login.py::Test_AC_L_1::test_login_002&#34;, &#34;duration&#34;: &#34;00:00:08&#34;, &#34;resultsTableRow&#34;: [&#34;&lt;td class=\&#34;col-result\&#34;&gt;Passed&lt;/td&gt;&#34;, &#34;&lt;td class=\&#34;col-testId\&#34;&gt;test_login.py::Test_AC_L_1::test_login_002&lt;/td&gt;&#34;, &#34;&lt;td class=\&#34;col-duration\&#34;&gt;00:00:08&lt;/td&gt;&#34;, &#34;&lt;td class=\&#34;col-links\&#34;&gt;&lt;/td&gt;&#34;], &#34;log&#34;: &#34;------------------------------ Captured log call -------------------------------\nINFO     Test_AC_L_1:test_login.py:39 ******************** test_login_002 Test start **************************\nINFO     Test_AC_L_1:test_login.py:40 ******************** Verifying Login Test **************************\nINFO     Test_AC_L_1:test_login.py:51 ****************** Login Test is Passed ************************\n\n&#34;}], &#34;test_login.py::Test_AC_L_1::test_login_invalid_credentials_003&#34;: [{&#34;extras&#34;: [], &#34;result&#34;: &#34;Passed&#34;, &#34;testId&#34;: &#34;test_login.py::Test_AC_L_1::test_login_invalid_credentials_003&#34;, &#34;duration&#34;: &#34;00:00:05&#34;, &#34;resultsTableRow&#34;: [&#34;&lt;td class=\&#34;col-result\&#34;&gt;Passed&lt;/td&gt;&#34;, &#34;&lt;td class=\&#34;col-testId\&#34;&gt;test_login.py::Test_AC_L_1::test_login_invalid_credentials_003&lt;/td&gt;&#34;, &#34;&lt;td class=\&#34;col-duration\&#34;&gt;00:00:05&lt;/td&gt;&#34;, &#34;&lt;td class=\&#34;col-links\&#34;&gt;&lt;/td&gt;&#34;], &#34;log&#34;: &#34;------------------------------ Captured log call -------------------------------\nINFO     Test_AC_L_1:test_login.py:61 ******************** test_login_invalid_credentials_003 test start **************************\nINFO     Test_AC_L_1:test_login.py:62 ******************** Verifying Login Test with Invalid Credentials **************************\nINFO     Test_AC_L_1:test_login.py:75 *************** Error message is displayed. ***********************\nINFO     Test_AC_L_1:test_login.py:89 ****************** test_login_invalid_credentials_002 completed ************************\n\n&#34;}], &#34;test_login_ddt.py::Test_Login_DDT::test_login_ddt_001&#34;: [{&#34;extras&#34;: [], &#34;result&#34;: &#34;Failed&#34;, &#34;testId&#34;: &#34;test_login_ddt.py::Test_Login_DDT::test_login_ddt_001&#34;, &#34;duration&#34;: &#34;1 ms&#34;, &#34;resultsTableRow&#34;: [&#34;&lt;td class=\&#34;col-result\&#34;&gt;Failed&lt;/td&gt;&#34;, &#34;&lt;td class=\&#34;col-testId\&#34;&gt;test_login_ddt.py::Test_Login_DDT::test_login_ddt_001&lt;/td&gt;&#34;, &#34;&lt;td class=\&#34;col-duration\&#34;&gt;1 ms&lt;/td&gt;&#34;, &#34;&lt;td class=\&#34;col-links\&#34;&gt;&lt;/td&gt;&#34;], &#34;log&#34;: &#34;self = &amp;lt;testCases.test_login_ddt.Test_Login_DDT object at 0x000001B0D2E4EC00&amp;gt;\nsetup = &amp;lt;selenium.webdriver.firefox.webdriver.WebDriver (session=\&#34;b29c54bb-029b-4ba9-a157-5b1fed584559\&#34;)&amp;gt;\n\n    @pytest.mark.sanity\n    @pytest.mark.regression\n    def test_login_ddt_001(self, setup):\n&amp;gt;       self.logger.info(\&#34;******************** test_login_ddt_001 Test Start **************************\&#34;)\nE       AttributeError: &#39;Test_Login_DDT&#39; object has no attribute &#39;logger&#39;\n\ntestCases\\test_login_ddt.py:21: AttributeError\n&#34;}], &#34;test_sign_Up.py::Test_SignUp::test_signup_page_title_001&#34;: [{&#34;extras&#34;: [], &#34;result&#34;: &#34;Passed&#34;, &#34;testId&#34;: &#34;test_sign_Up.py::Test_SignUp::test_signup_page_title_001&#34;, &#34;duration&#34;: &#34;00:00:06&#34;, &#34;resultsTableRow&#34;: [&#34;&lt;td class=\&#34;col-result\&#34;&gt;Passed&lt;/td&gt;&#34;, &#34;&lt;td class=\&#34;col-testId\&#34;&gt;test_sign_Up.py::Test_SignUp::test_signup_page_title_001&lt;/td&gt;&#34;, &#34;&lt;td class=\&#34;col-duration\&#34;&gt;00:00:06&lt;/td&gt;&#34;, &#34;&lt;td class=\&#34;col-links\&#34;&gt;&lt;/td&gt;&#34;], &#34;log&#34;: &#34;------------------------------ Captured log call -------------------------------\nINFO     Test_SignUp:test_sign_Up.py:19 ******************** Verifying Sign-Up Page Title Test **************************\nINFO     Test_SignUp:test_sign_Up.py:31 ****************** Sign-Up Page Title Test is Passed ************************\n\n&#34;}], &#34;test_sign_Up.py::Test_SignUp::test_signup_and_scroll_002&#34;: [{&#34;extras&#34;: [], &#34;result&#34;: &#34;Passed&#34;, &#34;testId&#34;: &#34;test_sign_Up.py::Test_SignUp::test_signup_and_scroll_002&#34;, &#34;duration&#34;: &#34;00:00:07&#34;, &#34;resultsTableRow&#34;: [&#34;&lt;td class=\&#34;col-result\&#34;&gt;Passed&lt;/td&gt;&#34;, &#34;&lt;td class=\&#34;col-testId\&#34;&gt;test_sign_Up.py::Test_SignUp::test_signup_and_scroll_002&lt;/td&gt;&#34;, &#34;&lt;td class=\&#34;col-duration\&#34;&gt;00:00:07&lt;/td&gt;&#34;, &#34;&lt;td class=\&#34;col-links\&#34;&gt;&lt;/td&gt;&#34;], &#34;log&#34;: &#34;------------------------------ Captured log call -------------------------------\nINFO     Test_SignUp:test_sign_Up.py:41 ******************** Verifying Sign-Up and Scroll Test **************************\nINFO     Test_SignUp:test_sign_Up.py:57 Reached the bottom of the page.\nINFO     Test_SignUp:test_sign_Up.py:62 Sign-Up button clicked.\n\n&#34;}], &#34;test_trading_platform.py::Test_TradingPlatform::test_TradingPlatform_001&#34;: [{&#34;extras&#34;: [], &#34;result&#34;: &#34;Passed&#34;, &#34;testId&#34;: &#34;test_trading_platform.py::Test_TradingPlatform::test_TradingPlatform_001&#34;, &#34;duration&#34;: &#34;00:00:15&#34;, &#34;resultsTableRow&#34;: [&#34;&lt;td class=\&#34;col-result\&#34;&gt;Passed&lt;/td&gt;&#34;, &#34;&lt;td class=\&#34;col-testId\&#34;&gt;test_trading_platform.py::Test_TradingPlatform::test_TradingPlatform_001&lt;/td&gt;&#34;, &#34;&lt;td class=\&#34;col-duration\&#34;&gt;00:00:15&lt;/td&gt;&#34;, &#34;&lt;td class=\&#34;col-links\&#34;&gt;&lt;/td&gt;&#34;], &#34;log&#34;: &#34;------------------------------ Captured log call -------------------------------\nINFO     Test_TradingPlatform:test_trading_platform.py:23 ******************** test_TradingPlatform_001 Test start **************************\nINFO     Test_TradingPlatform:test_trading_platform.py:24 ******************** Verifying Trading Platform Test **************************\nINFO     Test_TradingPlatform:test_trading_platform.py:35 ***************** Moved cursor to the left side *******************\nINFO     Test_TradingPlatform:test_trading_platform.py:44 ***************** Scrolling to view the Trading Platform element *******************\nINFO     Test_TradingPlatform:test_trading_platform.py:51 ***************** Clicking on the Trading Platform option *******************\nINFO     Test_TradingPlatform:test_trading_platform.py:55 ***************** Moved cursor to the right side *******************\nINFO     Test_TradingPlatform:test_trading_platform.py:66 Actual Trading Platform Page Title: Alpha Capital\nINFO     Test_TradingPlatform:test_trading_platform.py:69 Trading Platform Test Passed: Page title is as expected.\nINFO     Test_TradingPlatform:test_trading_platform.py:77 ****************** Trading Platform Test is completed ************************\nINFO     Test_TradingPlatform:test_trading_platform.py:79  ************************** test_TradingPlatform passed ************************\n\n&#34;}]}, &#34;renderCollapsed&#34;: [&#34;passed&#34;], &#34;initialSort&#34;: &#34;result&#34;, &#34;title&#34;: &#34;report.html&#34;}"></div>
    <script>
      (function(){function r(e,n,t){function o(i,f){if(!n[i]){if(!e[i]){var c="function"==typeof require&&require;if(!f&&c)return c(i,!0);if(u)return u(i,!0);var a=new Error("Cannot find module '"+i+"'");throw a.code="MODULE_NOT_FOUND",a}var p=n[i]={exports:{}};e[i][0].call(p.exports,function(r){var n=e[i][1][r];return o(n||r)},p,p.exports,r,e,n,t)}return n[i].exports}for(var u="function"==typeof require&&require,i=0;i<t.length;i++)o(t[i]);return o}return r})()({1:[function(require,module,exports){
const { getCollapsedCategory, setCollapsedIds } = require('./storage.js')

class DataManager {
    setManager(data) {
        const collapsedCategories = [...getCollapsedCategory(data.renderCollapsed)]
        const collapsedIds = []
        const tests = Object.values(data.tests).flat().map((test, index) => {
            const collapsed = collapsedCategories.includes(test.result.toLowerCase())
            const id = `test_${index}`
            if (collapsed) {
                collapsedIds.push(id)
            }
            return {
                ...test,
                id,
                collapsed,
            }
        })
        const dataBlob = { ...data, tests }
        this.data = { ...dataBlob }
        this.renderData = { ...dataBlob }
        setCollapsedIds(collapsedIds)
    }

    get allData() {
        return { ...this.data }
    }

    resetRender() {
        this.renderData = { ...this.data }
    }

    setRender(data) {
        this.renderData.tests = [...data]
    }

    toggleCollapsedItem(id) {
        this.renderData.tests = this.renderData.tests.map((test) =>
            test.id === id ? { ...test, collapsed: !test.collapsed } : test,
        )
    }

    set allCollapsed(collapsed) {
        this.renderData = { ...this.renderData, tests: [...this.renderData.tests.map((test) => (
            { ...test, collapsed }
        ))] }
    }

    get testSubset() {
        return [...this.renderData.tests]
    }

    get environment() {
        return this.renderData.environment
    }

    get initialSort() {
        return this.data.initialSort
    }
}

module.exports = {
    manager: new DataManager(),
}

},{"./storage.js":8}],2:[function(require,module,exports){
const mediaViewer = require('./mediaviewer.js')
const templateEnvRow = document.getElementById('template_environment_row')
const templateResult = document.getElementById('template_results-table__tbody')

function htmlToElements(html) {
    const temp = document.createElement('template')
    temp.innerHTML = html
    return temp.content.childNodes
}

const find = (selector, elem) => {
    if (!elem) {
        elem = document
    }
    return elem.querySelector(selector)
}

const findAll = (selector, elem) => {
    if (!elem) {
        elem = document
    }
    return [...elem.querySelectorAll(selector)]
}

const dom = {
    getStaticRow: (key, value) => {
        const envRow = templateEnvRow.content.cloneNode(true)
        const isObj = typeof value === 'object' && value !== null
        const values = isObj ? Object.keys(value).map((k) => `${k}: ${value[k]}`) : null

        const valuesElement = htmlToElements(
            values ? `<ul>${values.map((val) => `<li>${val}</li>`).join('')}<ul>` : `<div>${value}</div>`)[0]
        const td = findAll('td', envRow)
        td[0].textContent = key
        td[1].appendChild(valuesElement)

        return envRow
    },
    getResultTBody: ({ testId, id, log, extras, resultsTableRow, tableHtml, result, collapsed }) => {
        const resultBody = templateResult.content.cloneNode(true)
        resultBody.querySelector('tbody').classList.add(result.toLowerCase())
        resultBody.querySelector('tbody').id = testId
        resultBody.querySelector('.collapsible').dataset.id = id

        resultsTableRow.forEach((html) => {
            const t = document.createElement('template')
            t.innerHTML = html
            resultBody.querySelector('.collapsible').appendChild(t.content)
        })

        if (log) {
            // Wrap lines starting with "E" with span.error to color those lines red
            const wrappedLog = log.replace(/^E.*$/gm, (match) => `<span class="error">${match}</span>`)
            resultBody.querySelector('.log').innerHTML = wrappedLog
        } else {
            resultBody.querySelector('.log').remove()
        }

        if (collapsed) {
            resultBody.querySelector('.collapsible > td')?.classList.add('collapsed')
            resultBody.querySelector('.extras-row').classList.add('hidden')
        } else {
            resultBody.querySelector('.collapsible > td')?.classList.remove('collapsed')
        }

        const media = []
        extras?.forEach(({ name, format_type, content }) => {
            if (['image', 'video'].includes(format_type)) {
                media.push({ path: content, name, format_type })
            }

            if (format_type === 'html') {
                resultBody.querySelector('.extraHTML').insertAdjacentHTML('beforeend', `<div>${content}</div>`)
            }
        })
        mediaViewer.setup(resultBody, media)

        // Add custom html from the pytest_html_results_table_html hook
        tableHtml?.forEach((item) => {
            resultBody.querySelector('td[class="extra"]').insertAdjacentHTML('beforeend', item)
        })

        return resultBody
    },
}

module.exports = {
    dom,
    htmlToElements,
    find,
    findAll,
}

},{"./mediaviewer.js":6}],3:[function(require,module,exports){
const { manager } = require('./datamanager.js')
const { doSort } = require('./sort.js')
const storageModule = require('./storage.js')

const getFilteredSubSet = (filter) =>
    manager.allData.tests.filter(({ result }) => filter.includes(result.toLowerCase()))

const doInitFilter = () => {
    const currentFilter = storageModule.getVisible()
    const filteredSubset = getFilteredSubSet(currentFilter)
    manager.setRender(filteredSubset)
}

const doFilter = (type, show) => {
    if (show) {
        storageModule.showCategory(type)
    } else {
        storageModule.hideCategory(type)
    }

    const currentFilter = storageModule.getVisible()
    const filteredSubset = getFilteredSubSet(currentFilter)
    manager.setRender(filteredSubset)

    const sortColumn = storageModule.getSort()
    doSort(sortColumn, true)
}

module.exports = {
    doFilter,
    doInitFilter,
}

},{"./datamanager.js":1,"./sort.js":7,"./storage.js":8}],4:[function(require,module,exports){
const { redraw, bindEvents, renderStatic } = require('./main.js')
const { doInitFilter } = require('./filter.js')
const { doInitSort } = require('./sort.js')
const { manager } = require('./datamanager.js')
const data = JSON.parse(document.getElementById('data-container').dataset.jsonblob)

function init() {
    manager.setManager(data)
    doInitFilter()
    doInitSort()
    renderStatic()
    redraw()
    bindEvents()
}

init()

},{"./datamanager.js":1,"./filter.js":3,"./main.js":5,"./sort.js":7}],5:[function(require,module,exports){
const { dom, find, findAll } = require('./dom.js')
const { manager } = require('./datamanager.js')
const { doSort } = require('./sort.js')
const { doFilter } = require('./filter.js')
const {
    getVisible,
    getCollapsedIds,
    setCollapsedIds,
    getSort,
    getSortDirection,
    possibleFilters,
} = require('./storage.js')

const removeChildren = (node) => {
    while (node.firstChild) {
        node.removeChild(node.firstChild)
    }
}

const renderStatic = () => {
    const renderEnvironmentTable = () => {
        const environment = manager.environment
        const rows = Object.keys(environment).map((key) => dom.getStaticRow(key, environment[key]))
        const table = document.getElementById('environment')
        removeChildren(table)
        rows.forEach((row) => table.appendChild(row))
    }
    renderEnvironmentTable()
}

const addItemToggleListener = (elem) => {
    elem.addEventListener('click', ({ target }) => {
        const id = target.parentElement.dataset.id
        manager.toggleCollapsedItem(id)

        const collapsedIds = getCollapsedIds()
        if (collapsedIds.includes(id)) {
            const updated = collapsedIds.filter((item) => item !== id)
            setCollapsedIds(updated)
        } else {
            collapsedIds.push(id)
            setCollapsedIds(collapsedIds)
        }
        redraw()
    })
}

const renderContent = (tests) => {
    const sortAttr = getSort(manager.initialSort)
    const sortAsc = JSON.parse(getSortDirection())
    const rows = tests.map(dom.getResultTBody)
    const table = document.getElementById('results-table')
    const tableHeader = document.getElementById('results-table-head')

    const newTable = document.createElement('table')
    newTable.id = 'results-table'

    // remove all sorting classes and set the relevant
    findAll('.sortable', tableHeader).forEach((elem) => elem.classList.remove('asc', 'desc'))
    tableHeader.querySelector(`.sortable[data-column-type="${sortAttr}"]`).classList.add(sortAsc ? 'desc' : 'asc')
    newTable.appendChild(tableHeader)

    if (!rows.length) {
        const emptyTable = document.getElementById('template_results-table__body--empty').content.cloneNode(true)
        newTable.appendChild(emptyTable)
    } else {
        rows.forEach((row) => {
            if (!!row) {
                findAll('.collapsible td:not(.col-links', row).forEach(addItemToggleListener)
                find('.logexpander', row).addEventListener('click',
                    (evt) => evt.target.parentNode.classList.toggle('expanded'),
                )
                newTable.appendChild(row)
            }
        })
    }

    table.replaceWith(newTable)
}

const renderDerived = () => {
    const currentFilter = getVisible()
    possibleFilters.forEach((result) => {
        const input = document.querySelector(`input[data-test-result="${result}"]`)
        input.checked = currentFilter.includes(result)
    })
}

const bindEvents = () => {
    const filterColumn = (evt) => {
        const { target: element } = evt
        const { testResult } = element.dataset

        doFilter(testResult, element.checked)
        const collapsedIds = getCollapsedIds()
        const updated = manager.renderData.tests.map((test) => {
            return {
                ...test,
                collapsed: collapsedIds.includes(test.id),
            }
        })
        manager.setRender(updated)
        redraw()
    }

    const header = document.getElementById('environment-header')
    header.addEventListener('click', () => {
        const table = document.getElementById('environment')
        table.classList.toggle('hidden')
        header.classList.toggle('collapsed')
    })

    findAll('input[name="filter_checkbox"]').forEach((elem) => {
        elem.addEventListener('click', filterColumn)
    })

    findAll('.sortable').forEach((elem) => {
        elem.addEventListener('click', (evt) => {
            const { target: element } = evt
            const { columnType } = element.dataset
            doSort(columnType)
            redraw()
        })
    })

    document.getElementById('show_all_details').addEventListener('click', () => {
        manager.allCollapsed = false
        setCollapsedIds([])
        redraw()
    })
    document.getElementById('hide_all_details').addEventListener('click', () => {
        manager.allCollapsed = true
        const allIds = manager.renderData.tests.map((test) => test.id)
        setCollapsedIds(allIds)
        redraw()
    })
}

const redraw = () => {
    const { testSubset } = manager

    renderContent(testSubset)
    renderDerived()
}

module.exports = {
    redraw,
    bindEvents,
    renderStatic,
}

},{"./datamanager.js":1,"./dom.js":2,"./filter.js":3,"./sort.js":7,"./storage.js":8}],6:[function(require,module,exports){
class MediaViewer {
    constructor(assets) {
        this.assets = assets
        this.index = 0
    }

    nextActive() {
        this.index = this.index === this.assets.length - 1 ? 0 : this.index + 1
        return [this.activeFile, this.index]
    }

    prevActive() {
        this.index = this.index === 0 ? this.assets.length - 1 : this.index -1
        return [this.activeFile, this.index]
    }

    get currentIndex() {
        return this.index
    }

    get activeFile() {
        return this.assets[this.index]
    }
}


const setup = (resultBody, assets) => {
    if (!assets.length) {
        resultBody.querySelector('.media').classList.add('hidden')
        return
    }

    const mediaViewer = new MediaViewer(assets)
    const container = resultBody.querySelector('.media-container')
    const leftArrow = resultBody.querySelector('.media-container__nav--left')
    const rightArrow = resultBody.querySelector('.media-container__nav--right')
    const mediaName = resultBody.querySelector('.media__name')
    const counter = resultBody.querySelector('.media__counter')
    const imageEl = resultBody.querySelector('img')
    const sourceEl = resultBody.querySelector('source')
    const videoEl = resultBody.querySelector('video')

    const setImg = (media, index) => {
        if (media?.format_type === 'image') {
            imageEl.src = media.path

            imageEl.classList.remove('hidden')
            videoEl.classList.add('hidden')
        } else if (media?.format_type === 'video') {
            sourceEl.src = media.path

            videoEl.classList.remove('hidden')
            imageEl.classList.add('hidden')
        }

        mediaName.innerText = media?.name
        counter.innerText = `${index + 1} / ${assets.length}`
    }
    setImg(mediaViewer.activeFile, mediaViewer.currentIndex)

    const moveLeft = () => {
        const [media, index] = mediaViewer.prevActive()
        setImg(media, index)
    }
    const doRight = () => {
        const [media, index] = mediaViewer.nextActive()
        setImg(media, index)
    }
    const openImg = () => {
        window.open(mediaViewer.activeFile.path, '_blank')
    }
    if (assets.length === 1) {
        container.classList.add('media-container--fullscreen')
    } else {
        leftArrow.addEventListener('click', moveLeft)
        rightArrow.addEventListener('click', doRight)
    }
    imageEl.addEventListener('click', openImg)
}

module.exports = {
    setup,
}

},{}],7:[function(require,module,exports){
const { manager } = require('./datamanager.js')
const storageModule = require('./storage.js')

const genericSort = (list, key, ascending, customOrder) => {
    let sorted
    if (customOrder) {
        sorted = list.sort((a, b) => {
            const aValue = a.result.toLowerCase()
            const bValue = b.result.toLowerCase()

            const aIndex = customOrder.findIndex((item) => item.toLowerCase() === aValue)
            const bIndex = customOrder.findIndex((item) => item.toLowerCase() === bValue)

            // Compare the indices to determine the sort order
            return aIndex - bIndex
        })
    } else {
        sorted = list.sort((a, b) => a[key] === b[key] ? 0 : a[key] > b[key] ? 1 : -1)
    }

    if (ascending) {
        sorted.reverse()
    }
    return sorted
}

const durationSort = (list, ascending) => {
    const parseDuration = (duration) => {
        if (duration.includes(':')) {
            // If it's in the format "HH:mm:ss"
            const [hours, minutes, seconds] = duration.split(':').map(Number)
            return (hours * 3600 + minutes * 60 + seconds) * 1000
        } else {
            // If it's in the format "nnn ms"
            return parseInt(duration)
        }
    }
    const sorted = list.sort((a, b) => parseDuration(a['duration']) - parseDuration(b['duration']))
    if (ascending) {
        sorted.reverse()
    }
    return sorted
}

const doInitSort = () => {
    const type = storageModule.getSort(manager.initialSort)
    const ascending = storageModule.getSortDirection()
    const list = manager.testSubset
    const initialOrder = ['Error', 'Failed', 'Rerun', 'XFailed', 'XPassed', 'Skipped', 'Passed']

    storageModule.setSort(type)
    storageModule.setSortDirection(ascending)

    if (type?.toLowerCase() === 'original') {
        manager.setRender(list)
    } else {
        let sortedList
        switch (type) {
        case 'duration':
            sortedList = durationSort(list, ascending)
            break
        case 'result':
            sortedList = genericSort(list, type, ascending, initialOrder)
            break
        default:
            sortedList = genericSort(list, type, ascending)
            break
        }
        manager.setRender(sortedList)
    }
}

const doSort = (type, skipDirection) => {
    const newSortType = storageModule.getSort(manager.initialSort) !== type
    const currentAsc = storageModule.getSortDirection()
    let ascending
    if (skipDirection) {
        ascending = currentAsc
    } else {
        ascending = newSortType ? false : !currentAsc
    }
    storageModule.setSort(type)
    storageModule.setSortDirection(ascending)

    const list = manager.testSubset
    const sortedList = type === 'duration' ? durationSort(list, ascending) : genericSort(list, type, ascending)
    manager.setRender(sortedList)
}

module.exports = {
    doInitSort,
    doSort,
}

},{"./datamanager.js":1,"./storage.js":8}],8:[function(require,module,exports){
const possibleFilters = [
    'passed',
    'skipped',
    'failed',
    'error',
    'xfailed',
    'xpassed',
    'rerun',
]

const getVisible = () => {
    const url = new URL(window.location.href)
    const settings = new URLSearchParams(url.search).get('visible')
    const lower = (item) => {
        const lowerItem = item.toLowerCase()
        if (possibleFilters.includes(lowerItem)) {
            return lowerItem
        }
        return null
    }
    return settings === null ?
        possibleFilters :
        [...new Set(settings?.split(',').map(lower).filter((item) => item))]
}

const hideCategory = (categoryToHide) => {
    const url = new URL(window.location.href)
    const visibleParams = new URLSearchParams(url.search).get('visible')
    const currentVisible = visibleParams ? visibleParams.split(',') : [...possibleFilters]
    const settings = [...new Set(currentVisible)].filter((f) => f !== categoryToHide).join(',')

    url.searchParams.set('visible', settings)
    window.history.pushState({}, null, unescape(url.href))
}

const showCategory = (categoryToShow) => {
    if (typeof window === 'undefined') {
        return
    }
    const url = new URL(window.location.href)
    const currentVisible = new URLSearchParams(url.search).get('visible')?.split(',').filter(Boolean) ||
        [...possibleFilters]
    const settings = [...new Set([categoryToShow, ...currentVisible])]
    const noFilter = possibleFilters.length === settings.length || !settings.length

    noFilter ? url.searchParams.delete('visible') : url.searchParams.set('visible', settings.join(','))
    window.history.pushState({}, null, unescape(url.href))
}

const getSort = (initialSort) => {
    const url = new URL(window.location.href)
    let sort = new URLSearchParams(url.search).get('sort')
    if (!sort) {
        sort = initialSort || 'result'
    }
    return sort
}

const setSort = (type) => {
    const url = new URL(window.location.href)
    url.searchParams.set('sort', type)
    window.history.pushState({}, null, unescape(url.href))
}

const getCollapsedCategory = (renderCollapsed) => {
    let categories
    if (typeof window !== 'undefined') {
        const url = new URL(window.location.href)
        const collapsedItems = new URLSearchParams(url.search).get('collapsed')
        switch (true) {
        case !renderCollapsed && collapsedItems === null:
            categories = ['passed']
            break
        case collapsedItems?.length === 0 || /^["']{2}$/.test(collapsedItems):
            categories = []
            break
        case /^all$/.test(collapsedItems) || collapsedItems === null && /^all$/.test(renderCollapsed):
            categories = [...possibleFilters]
            break
        default:
            categories = collapsedItems?.split(',').map((item) => item.toLowerCase()) || renderCollapsed
            break
        }
    } else {
        categories = []
    }
    return categories
}

const getSortDirection = () => JSON.parse(sessionStorage.getItem('sortAsc')) || false
const setSortDirection = (ascending) => sessionStorage.setItem('sortAsc', ascending)

const getCollapsedIds = () => JSON.parse(sessionStorage.getItem('collapsedIds')) || []
const setCollapsedIds = (list) => sessionStorage.setItem('collapsedIds', JSON.stringify(list))

module.exports = {
    getVisible,
    hideCategory,
    showCategory,
    getCollapsedIds,
    setCollapsedIds,
    getSort,
    setSort,
    getSortDirection,
    setSortDirection,
    getCollapsedCategory,
    possibleFilters,
}

},{}]},{},[4]);
    </script>
  </footer>
</html>